#
# A fatal error has been detected by the Java Runtime Environment:
#
#  SIGSEGV (0xb) at pc=0x00007fbf277b9401, pid=536, tid=617
#
# JRE version: OpenJDK Runtime Environment (11.0.8+10) (build 11.0.8+10-post-Ubuntu-0ubuntu118.04.1)
# Java VM: OpenJDK 64-Bit Server VM (11.0.8+10-post-Ubuntu-0ubuntu118.04.1, mixed mode, sharing, tiered, compressed oops, serial gc, linux-amd64)
# Problematic frame:
# C  [libjimage.so+0x2401]
#
# Core dump will be written. Default location: Core dumps may be processed with "/usr/share/apport/apport %p %s %c %d %P %E" (or dumping to /home/runner/summative-2-paulo/core.536)
#
# If you would like to submit a bug report, please visit:
#   https://bugs.launchpad.net/ubuntu/+source/openjdk-lts
#

---------------  S U M M A R Y ------------

Command Line: Sketch

Host: Intel(R) Xeon(R) CPU @ 2.30GHz, 4 cores, 512M, Ubuntu 18.04.5 LTS
Time: Fri Nov  6 17:34:53 2020 UTC elapsed time: 353 seconds (0d 0h 5m 53s)

---------------  T H R E A D  ---------------

Current thread (0x00007fbed001e800):  JavaThread "XToolkt-Shutdown-Thread" [_thread_in_vm, id=617, stack(0x00007fbf276b6000,0x00007fbf277b7000)]

Stack: [0x00007fbf276b6000,0x00007fbf277b7000],  sp=0x00007fbf277b4060,  free space=1016k
Native frames: (J=compiled Java code, A=aot compiled Java code, j=interpreted, Vv=VM code, C=native code)
C  [libjimage.so+0x2401]
C  [libjimage.so+0x30ea]
C  [libjimage.so+0x35c6]  JIMAGE_FindResource+0xd6
V  [libjvm.so+0x59097e]
V  [libjvm.so+0x5936e0]
V  [libjvm.so+0xd50b85]
V  [libjvm.so+0xd4e51a]
V  [libjvm.so+0xd51112]
V  [libjvm.so+0x647127]
V  [libjvm.so+0xa3c57a]
V  [libjvm.so+0x844136]
V  [libjvm.so+0x84502d]
j  sun.awt.X11.XToolkit.lambda$init$0()V+0 java.desktop@11.0.8
j  sun.awt.X11.XToolkit$$Lambda$11.run()V+4 java.desktop@11.0.8
j  java.lang.Thread.run()V+11 java.base@11.0.8
v  ~StubRoutines::call_stub
V  [libjvm.so+0x84eb09]
V  [libjvm.so+0x84cc4d]
V  [libjvm.so+0x8f6c9c]
V  [libjvm.so+0xd8996f]
V  [libjvm.so+0xd860bf]
V  [libjvm.so+0xbd632e]

Java frames: (J=compiled Java code, j=interpreted, Vv=VM code)
j  sun.awt.X11.XToolkit.lambda$init$0()V+0 java.desktop@11.0.8
j  sun.awt.X11.XToolkit$$Lambda$11.run()V+4 java.desktop@11.0.8
j  java.lang.Thread.run()V+11 java.base@11.0.8
v  ~StubRoutines::call_stub

siginfo: si_signo: 11 (SIGSEGV), si_code: 1 (SEGV_MAPERR), si_addr: 0x00007fbf1f0bbca8

Register to memory mapping:

RAX=0x0000000000000b23 is an unknown value
RBX=0x00007fbf277b4111 is pointing into the stack for thread: 0x00007fbed001e800
RCX=0x00007fbf1f0b901c is an unknown value
RDX=0x0000000000000b23 is an unknown value
RSP=0x00007fbf277b4060 is pointing into the stack for thread: 0x00007fbed001e800
RBP=0x00007fbf277b4080 is pointing into the stack for thread: 0x00007fbed001e800
RSI=0x00007fbf277b4110 is pointing into the stack for thread: 0x00007fbed001e800
RDI=0x00007fbf279bc030: <offset 0x0000000000205030> in /usr/lib/jvm/java-11-openjdk-amd64/lib/libjimage.so at 0x00007fbf277b7000
R8 =0x0 is NULL
R9 =0x00000000ca0d71f0 is an unknown value
R10=0x00007fbf277b4134 is pointing into the stack for thread: 0x00007fbed001e800
R11=0x00007fbf2d8cd07d: <offset 0x0000000000eb307d> in /usr/lib/jvm/java-11-openjdk-amd64/lib/server/libjvm.so at 0x00007fbf2ca1a000
R12=0x00007fbf277b4110 is pointing into the stack for thread: 0x00007fbed001e800
R13=0x00000000000083bc is an unknown value
R14=0x00007fbf277b51a8 is pointing into the stack for thread: 0x00007fbed001e800
R15=0x00007fbef001b620 points into unknown readable memory: 73 75 6e 2f 61 77 74 2f


Registers:
RAX=0x0000000000000b23, RBX=0x00007fbf277b4111, RCX=0x00007fbf1f0b901c, RDX=0x0000000000000b23
RSP=0x00007fbf277b4060, RBP=0x00007fbf277b4080, RSI=0x00007fbf277b4110, RDI=0x00007fbf279bc030
R8 =0x0000000000000000, R9 =0x00000000ca0d71f0, R10=0x00007fbf277b4134, R11=0x00007fbf2d8cd07d
R12=0x00007fbf277b4110, R13=0x00000000000083bc, R14=0x00007fbf277b51a8, R15=0x00007fbef001b620
RIP=0x00007fbf277b9401, EFLAGS=0x0000000000010246, CSGSFS=0x002b000000000033, ERR=0x0000000000000004
  TRAPNO=0x000000000000000e

Top of Stack: (sp=0x00007fbf277b4060)
0x00007fbf277b4060:   0000000000000000 00007fbf28009600
0x00007fbf277b4070:   0000000000000000 00007fbf277b4110
0x00007fbf277b4080:   00007fbf277b40f0 00007fbf277ba0ea
0x00007fbf277b4090:   0000000000000000 0000000000000000 

Instructions: (pc=0x00007fbf277b9401)
0x00007fbf277b9301:   c5 4c 01 e3 48 89 ce e8 d3 f3 ff ff e9 69 fd ff
0x00007fbf277b9311:   ff 89 d1 0f b7 74 08 fe 66 41 89 74 0e fe e9 7a
0x00007fbf277b9321:   fe ff ff 0f 1f 40 00 8b 08 49 8d 1c 16 41 89 0e
0x00007fbf277b9331:   89 d1 8b 74 08 fc 41 89 74 0e fc 48 8d 34 10 48
0x00007fbf277b9341:   89 75 b8 e9 0b fe ff ff 0f 1f 80 00 00 00 00 0f
0x00007fbf277b9351:   b6 17 55 89 f0 48 89 e5 84 d2 74 22 48 8d 4f 01
0x00007fbf277b9361:   0f 1f 80 00 00 00 00 48 83 c1 01 0f b6 f2 0f b6
0x00007fbf277b9371:   51 ff 69 c0 93 01 00 01 31 f0 84 d2 75 e9 25 ff
0x00007fbf277b9381:   ff ff 7f 5d c3 66 2e 0f 1f 84 00 00 00 00 00 48
0x00007fbf277b9391:   85 d2 0f 84 dd 00 00 00 85 c9 0f 84 d5 00 00 00
0x00007fbf277b93a1:   55 48 89 e5 41 55 41 54 53 48 8d 5e 01 48 83 ec
0x00007fbf277b93b1:   08 44 0f b6 06 45 84 c0 0f 84 a9 00 00 00 49 89
0x00007fbf277b93c1:   da b8 93 01 00 01 66 0f 1f 84 00 00 00 00 00 49
0x00007fbf277b93d1:   83 c2 01 44 69 c8 93 01 00 01 41 0f b6 c0 45 0f
0x00007fbf277b93e1:   b6 42 ff 44 31 c8 45 84 c0 75 e4 25 ff ff ff 7f
0x00007fbf277b93f1:   41 89 cd 48 89 d1 31 d2 41 f7 f5 49 89 f4 89 d0
0x00007fbf277b9401:   8b 34 81 48 8b 07 ff 50 20 83 f8 00 7e 41 41 0f
0x00007fbf277b9411:   b6 14 24 84 d2 74 1c 0f 1f 84 00 00 00 00 00 69
0x00007fbf277b9421:   c0 93 01 00 01 48 83 c3 01 31 d0 0f b6 53 ff 84
0x00007fbf277b9431:   d2 75 ec 25 ff ff ff 7f 31 d2 41 f7 f5 48 83 c4
0x00007fbf277b9441:   08 89 d0 5b 41 5c 41 5d 5d c3 0f 1f 44 00 00 74
0x00007fbf277b9451:   1d f7 d0 48 83 c4 08 89 c2 5b 89 d0 41 5c 41 5d
0x00007fbf277b9461:   5d c3 0f 1f 44 00 00 b8 93 01 00 01 eb 82 ba ff
0x00007fbf277b9471:   ff ff ff eb c8 83 ca ff 89 d0 c3 0f 1f 40 00 0f
0x00007fbf277b9481:   b6 17 55 48 89 f8 48 89 e5 84 d2 75 15 eb 1a 38
0x00007fbf277b9491:   ca 75 1c 48 83 c0 01 0f b6 10 48 83 c6 01 84 d2
0x00007fbf277b94a1:   74 07 0f b6 0e 84 c9 75 e6 5d c3 0f 1f 40 00 31
0x00007fbf277b94b1:   c0 5d c3 66 90 66 2e 0f 1f 84 00 00 00 00 00 55
0x00007fbf277b94c1:   48 85 f6 48 89 e5 74 57 0f 1f 80 00 00 00 00 0f
0x00007fbf277b94d1:   b6 06 84 c0 74 49 0f b6 d0 83 e0 07 c1 fa 03 44
0x00007fbf277b94e1:   8d 50 01 0f b6 c0 41 89 d1 48 8d 56 01 4c 8d 44
0x00007fbf277b94f1:   06 02 31 c0 0f 1f 00 0f b6 0a 48 c1 e0 08 48 83 


Stack slot to memory mapping:
stack at sp + 0 slots: 0x0 is NULL
stack at sp + 1 slots: 0x00007fbf28009600 points into unknown readable memory: b0 b8 02 c0 be 7f 00 00
stack at sp + 2 slots: 0x0 is NULL
stack at sp + 3 slots: 0x00007fbf277b4110 is pointing into the stack for thread: 0x00007fbed001e800
stack at sp + 4 slots: 0x00007fbf277b40f0 is pointing into the stack for thread: 0x00007fbed001e800
stack at sp + 5 slots: 0x00007fbf277ba0ea: <offset 0x00000000000030ea> in /usr/lib/jvm/java-11-openjdk-amd64/lib/libjimage.so at 0x00007fbf277b7000
stack at sp + 6 slots: 0x0 is NULL
stack at sp + 7 slots: 0x0 is NULL


---------------  P R O C E S S  ---------------

Threads class SMR info:
_java_thread_list=0x00007fbed001b650, length=17, elements={
0x00007fbf28051000, 0x00007fbf28053000, 0x00007fbf28059000, 0x00007fbf2805b800,
0x00007fbf2805d800, 0x00007fbf2805f800, 0x00007fbf2809a000, 0x00007fbf280a3800,
0x00007fbf2820c000, 0x00007fbf2820e800, 0x00007fbf282b9800, 0x00007fbf282bc000,
0x00007fbf282be800, 0x00007fbf28016000, 0x00007fbef8001000, 0x00007fbef8002800,
0x00007fbed001e800
}

Java Threads: ( => current thread )
  0x00007fbf28051000 JavaThread "Reference Handler" daemon [_thread_blocked, id=540, stack(0x00007fbf0ea15000,0x00007fbf0eb16000)]
  0x00007fbf28053000 JavaThread "Finalizer" daemon [_thread_blocked, id=541, stack(0x00007fbf0e914000,0x00007fbf0ea15000)]
  0x00007fbf28059000 JavaThread "Signal Dispatcher" daemon [_thread_blocked, id=542, stack(0x00007fbf0e678000,0x00007fbf0e779000)]
  0x00007fbf2805b800 JavaThread "C2 CompilerThread0" daemon [_thread_blocked, id=543, stack(0x00007fbf0e577000,0x00007fbf0e678000)]
  0x00007fbf2805d800 JavaThread "C1 CompilerThread0" daemon [_thread_blocked, id=544, stack(0x00007fbf0e476000,0x00007fbf0e577000)]
  0x00007fbf2805f800 JavaThread "Sweeper thread" daemon [_thread_blocked, id=545, stack(0x00007fbf0e375000,0x00007fbf0e476000)]
  0x00007fbf2809a000 JavaThread "Service Thread" daemon [_thread_blocked, id=546, stack(0x00007fbf0e274000,0x00007fbf0e375000)]
  0x00007fbf280a3800 JavaThread "Common-Cleaner" daemon [_thread_blocked, id=548, stack(0x00007fbf0e071000,0x00007fbf0e172000)]
  0x00007fbf2820c000 JavaThread "Java2D Disposer" daemon [_thread_blocked, id=584, stack(0x00007fbee477c000,0x00007fbee487d000)]
  0x00007fbf2820e800 JavaThread "AWT-XAWT" daemon [_thread_blocked, id=585, stack(0x00007fbee467b000,0x00007fbee477c000)]
  0x00007fbf282b9800 JavaThread "AWT-Shutdown" [_thread_blocked, id=588, stack(0x00007fbee4378000,0x00007fbee4479000)]
  0x00007fbf282bc000 JavaThread "AWT-EventQueue-0" [_thread_blocked, id=589, stack(0x00007fbee4277000,0x00007fbee4378000)]
  0x00007fbf282be800 JavaThread "Animation Thread" [_thread_in_native, id=590, stack(0x00007fbee4176000,0x00007fbee4277000)]
  0x00007fbf28016000 JavaThread "DestroyJavaVM" [_thread_blocked, id=537, stack(0x00007fbf2eb87000,0x00007fbf2ec88000)]
  0x00007fbef8001000 JavaThread "SIGHUP handler" daemon [_thread_blocked, id=615, stack(0x00007fbee457a000,0x00007fbee467b000)]
  0x00007fbef8002800 JavaThread "SIGTERM handler" daemon [_thread_blocked, id=616, stack(0x00007fbee4479000,0x00007fbee457a000)]
=>0x00007fbed001e800 JavaThread "XToolkt-Shutdown-Thread" [_thread_in_vm, id=617, stack(0x00007fbf276b6000,0x00007fbf277b7000)]

Other Threads:
  0x00007fbf2804e000 VMThread "VM Thread" [stack: 0x00007fbf0eb18000,0x00007fbf0ec18000] [id=539]
  0x00007fbf2809c800 WatcherThread [stack: 0x00007fbf0e174000,0x00007fbf0e274000] [id=547]

Threads with active compile tasks:

VM state:synchronizing (normal execution)

VM Mutex/Monitor currently owned by a thread:  ([mutex/lock_event])
[0x00007fbf28012170] Threads_lock - owner thread: 0x00007fbf2804e000

Heap address: 0x00000000f8000000, size: 128 MB, Compressed Oops mode: 32-bit
Narrow klass base: 0x0000000800000000, Narrow klass shift: 3
Compressed class space size: 1073741824 Address: 0x0000000840000000

Heap:
 def new generation   total 2432K, used 1938K [0x00000000f8000000, 0x00000000f82a0000, 0x00000000faaa0000)
  eden space 2176K,  87% used [0x00000000f8000000, 0x00000000f81d9a40, 0x00000000f8220000)
  from space 256K,  17% used [0x00000000f8260000, 0x00000000f826b060, 0x00000000f82a0000)
  to   space 256K,   0% used [0x00000000f8220000, 0x00000000f8220000, 0x00000000f8260000)
 tenured generation   total 5504K, used 5092K [0x00000000faaa0000, 0x00000000fb000000, 0x0000000100000000)
   the space 5504K,  92% used [0x00000000faaa0000, 0x00000000faf99328, 0x00000000faf99400, 0x00000000fb000000)
 Metaspace       used 9073K, capacity 9472K, committed 9600K, reserved 1058816K
  class space    used 908K, capacity 1092K, committed 1152K, reserved 1048576K

Card table byte_map: [0x00007fbf2eb46000,0x00007fbf2eb87000] _byte_map_base: 0x00007fbf2e386000

Polling page: 0x00007fbf2eca4000

Metaspace:

Usage:
  Non-class:      8.18 MB capacity,     7.97 MB ( 97%) used,   180.45 KB (  2%) free+waste,    35.12 KB ( <1%) overhead. 
      Class:      1.07 MB capacity,   908.74 KB ( 83%) used,   162.51 KB ( 15%) free+waste,    20.75 KB (  2%) overhead. 
       Both:      9.25 MB capacity,     8.86 MB ( 96%) used,   342.96 KB (  4%) free+waste,    55.88 KB ( <1%) overhead. 

Virtual space:
  Non-class space:       10.00 MB reserved,       8.25 MB ( 82%) committed 
      Class space:        1.00 GB reserved,       1.12 MB ( <1%) committed 
             Both:        1.01 GB reserved,       9.38 MB ( <1%) committed 

Chunk freelists:
   Non-Class:  68.00 KB
       Class:  28.00 KB
        Both:  96.00 KB

MaxMetaspaceSize: unlimited
CompressedClassSpaceSize: 1.00 GB

CodeHeap 'non-profiled nmethods': size=120036Kb used=1250Kb max_used=1250Kb free=118785Kb
 bounds [0x00007fbf17136000, 0x00007fbf173a6000, 0x00007fbf1e66f000]
CodeHeap 'profiled nmethods': size=120032Kb used=2730Kb max_used=2730Kb free=117301Kb
 bounds [0x00007fbf0fbfe000, 0x00007fbf0feae000, 0x00007fbf17136000]
CodeHeap 'non-nmethods': size=5692Kb used=1237Kb max_used=1307Kb free=4454Kb
 bounds [0x00007fbf0f66f000, 0x00007fbf0f8df000, 0x00007fbf0fbfe000]
 total_blobs=2235 nmethods=1598 adapters=552
 compilation: enabled
              stopped_count=0, restarted_count=0
 full_count=0

Compilation events (20 events):
Event: 230.832 Thread 0x00007fbf2805b800 1598       4       java.awt.Component$FlipBufferStrategy::updateInternalBuffers (38 bytes)
Event: 230.865 Thread 0x00007fbf2805b800 nmethod 1598 0x00007fbf17264190 code [0x00007fbf17264340, 0x00007fbf17264548]
Event: 230.865 Thread 0x00007fbf2805b800 1599       4       sun.awt.image.SunVolatileImage::getWidth (5 bytes)
Event: 230.866 Thread 0x00007fbf2805b800 nmethod 1599 0x00007fbf17264790 code [0x00007fbf17264920, 0x00007fbf17264998]
Event: 230.893 Thread 0x00007fbf2805b800 1600  s    4       processing.awt.PSurfaceAWT::render (104 bytes)
Event: 231.132 Thread 0x00007fbf2805b800 nmethod 1600 0x00007fbf17264a10 code [0x00007fbf17264d40, 0x00007fbf172660f0]
Event: 231.132 Thread 0x00007fbf2805b800 1601       4       java.awt.Component$FlipBufferStrategy::getDrawGraphics (12 bytes)
Event: 231.282 Thread 0x00007fbf2805b800 nmethod 1601 0x00007fbf17267610 code [0x00007fbf17267860, 0x00007fbf172680a0]
Event: 265.111 Thread 0x00007fbf2805b800 1602   !   4       processing.core.PSurfaceNone::checkPause (34 bytes)
Event: 265.112 Thread 0x00007fbf2805b800 nmethod 1602 0x00007fbf17268990 code [0x00007fbf17268b20, 0x00007fbf17268bb8]
Event: 265.112 Thread 0x00007fbf2805b800 1603       4       processing.awt.PSurfaceAWT$12::callDraw (18 bytes)
Event: 265.287 Thread 0x00007fbf2805b800 nmethod 1603 0x00007fbf17268c90 code [0x00007fbf17269120, 0x00007fbf1726b698]
Event: 265.287 Thread 0x00007fbf2805b800 1605       4       Sketch::draw (119 bytes)
Event: 265.376 Thread 0x00007fbf2805b800 nmethod 1605 0x00007fbf1726cb10 code [0x00007fbf1726ce40, 0x00007fbf1726da40]
Event: 305.577 Thread 0x00007fbf2805b800 1606       4       sun.java2d.marlin.DTransformingPathConsumer2D$PathClipFilter::finish (136 bytes)
Event: 305.582 Thread 0x00007fbf2805b800 nmethod 1606 0x00007fbf1726e110 code [0x00007fbf1726e300, 0x00007fbf1726e578]
Event: 330.682 Thread 0x00007fbf2805b800 1607       4       java.util.concurrent.locks.AbstractQueuedSynchronizer$Node::compareAndSetWaitStatus (10 bytes)
Event: 330.684 Thread 0x00007fbf2805b800 nmethod 1607 0x00007fbf1726e790 code [0x00007fbf1726e920, 0x00007fbf1726e998]
Event: 353.123 Thread 0x00007fbf2805d800 1608       3       java.util.AbstractSet::<init> (5 bytes)
Event: 353.124 Thread 0x00007fbf2805d800 nmethod 1608 0x00007fbf0fea8610 code [0x00007fbf0fea87c0, 0x00007fbf0fea8990]

GC Heap History (20 events):
Event: 45.201 GC heap before
{Heap before GC invocations=7 (full 0):
 def new generation   total 2432K, used 2431K [0x00000000f8000000, 0x00000000f82a0000, 0x00000000faaa0000)
  eden space 2176K, 100% used [0x00000000f8000000, 0x00000000f8220000, 0x00000000f8220000)
  from space 256K,  99% used [0x00000000f8260000, 0x00000000f829fff8, 0x00000000f82a0000)
  to   space 256K,   0% used [0x00000000f8220000, 0x00000000f8220000, 0x00000000f8260000)
 tenured generation   total 5504K, used 4837K [0x00000000faaa0000, 0x00000000fb000000, 0x0000000100000000)
   the space 5504K,  87% used [0x00000000faaa0000, 0x00000000faf59760, 0x00000000faf59800, 0x00000000fb000000)
 Metaspace       used 9021K, capacity 9407K, committed 9600K, reserved 1058816K
  class space    used 907K, capacity 1092K, committed 1152K, reserved 1048576K
}
Event: 45.203 GC heap after
{Heap after GC invocations=8 (full 0):
 def new generation   total 2432K, used 17K [0x00000000f8000000, 0x00000000f82a0000, 0x00000000faaa0000)
  eden space 2176K,   0% used [0x00000000f8000000, 0x00000000f8000000, 0x00000000f8220000)
  from space 256K,   6% used [0x00000000f8220000, 0x00000000f82245a0, 0x00000000f8260000)
  to   space 256K,   0% used [0x00000000f8260000, 0x00000000f8260000, 0x00000000f82a0000)
 tenured generation   total 5504K, used 5092K [0x00000000faaa0000, 0x00000000fb000000, 0x0000000100000000)
   the space 5504K,  92% used [0x00000000faaa0000, 0x00000000faf99328, 0x00000000faf99400, 0x00000000fb000000)
 Metaspace       used 9021K, capacity 9407K, committed 9600K, reserved 1058816K
  class space    used 907K, capacity 1092K, committed 1152K, reserved 1048576K
}
Event: 73.864 GC heap before
{Heap before GC invocations=8 (full 0):
 def new generation   total 2432K, used 2193K [0x00000000f8000000, 0x00000000f82a0000, 0x00000000faaa0000)
  eden space 2176K, 100% used [0x00000000f8000000, 0x00000000f8220000, 0x00000000f8220000)
  from space 256K,   6% used [0x00000000f8220000, 0x00000000f82245a0, 0x00000000f8260000)
  to   space 256K,   0% used [0x00000000f8260000, 0x00000000f8260000, 0x00000000f82a0000)
 tenured generation   total 5504K, used 5092K [0x00000000faaa0000, 0x00000000fb000000, 0x0000000100000000)
   the space 5504K,  92% used [0x00000000faaa0000, 0x00000000faf99328, 0x00000000faf99400, 0x00000000fb000000)
 Metaspace       used 9069K, capacity 9472K, committed 9600K, reserved 1058816K
  class space    used 908K, capacity 1092K, committed 1152K, reserved 1048576K
}
Event: 73.864 