#
# A fatal error has been detected by the Java Runtime Environment:
#
#  SIGSEGV (0xb) at pc=0x00007f849cd57401, pid=2946, tid=3017
#
# JRE version: OpenJDK Runtime Environment (11.0.8+10) (build 11.0.8+10-post-Ubuntu-0ubuntu118.04.1)
# Java VM: OpenJDK 64-Bit Server VM (11.0.8+10-post-Ubuntu-0ubuntu118.04.1, mixed mode, sharing, tiered, compressed oops, serial gc, linux-amd64)
# Problematic frame:
# C  [libjimage.so+0x2401]
#
# Core dump will be written. Default location: Core dumps may be processed with "/usr/share/apport/apport %p %s %c %d %P %E" (or dumping to /home/runner/summative-2-paulo/core.2946)
#
# If you would like to submit a bug report, please visit:
#   https://bugs.launchpad.net/ubuntu/+source/openjdk-lts
#

---------------  S U M M A R Y ------------

Command Line: Sketch

Host: Intel(R) Xeon(R) CPU @ 2.30GHz, 4 cores, 512M, Ubuntu 18.04.5 LTS
Time: Thu Oct 29 17:14:27 2020 UTC elapsed time: 35 seconds (0d 0h 0m 35s)

---------------  T H R E A D  ---------------

Current thread (0x00007f8434015000):  JavaThread "XToolkt-Shutdown-Thread" [_thread_in_vm, id=3017, stack(0x00007f8497eff000,0x00007f8498000000)]

Stack: [0x00007f8497eff000,0x00007f8498000000],  sp=0x00007f8497ffd060,  free space=1016k
Native frames: (J=compiled Java code, A=aot compiled Java code, j=interpreted, Vv=VM code, C=native code)
C  [libjimage.so+0x2401]
C  [libjimage.so+0x30ea]
C  [libjimage.so+0x35c6]  JIMAGE_FindResource+0xd6
V  [libjvm.so+0x59097e]
V  [libjvm.so+0x5936e0]
V  [libjvm.so+0xd50b85]
V  [libjvm.so+0xd4e51a]
V  [libjvm.so+0xd51112]
V  [libjvm.so+0x647127]
V  [libjvm.so+0xa3c57a]
V  [libjvm.so+0x844136]
V  [libjvm.so+0x84502d]
j  sun.awt.X11.XToolkit.lambda$init$0()V+0 java.desktop@11.0.8
j  sun.awt.X11.XToolkit$$Lambda$11.run()V+4 java.desktop@11.0.8
j  java.lang.Thread.run()V+11 java.base@11.0.8
v  ~StubRoutines::call_stub
V  [libjvm.so+0x84eb09]
V  [libjvm.so+0x84cc4d]
V  [libjvm.so+0x8f6c9c]
V  [libjvm.so+0xd8996f]
V  [libjvm.so+0xd860bf]
V  [libjvm.so+0xbd632e]

Java frames: (J=compiled Java code, j=interpreted, Vv=VM code)
j  sun.awt.X11.XToolkit.lambda$init$0()V+0 java.desktop@11.0.8
j  sun.awt.X11.XToolkit$$Lambda$11.run()V+4 java.desktop@11.0.8
j  java.lang.Thread.run()V+11 java.base@11.0.8
v  ~StubRoutines::call_stub

siginfo: si_signo: 11 (SIGSEGV), si_code: 1 (SEGV_MAPERR), si_addr: 0x00007f848f904ca8

Register to memory mapping:

RAX=0x0000000000000b23 is an unknown value
RBX=0x00007f8497ffd111 is pointing into the stack for thread: 0x00007f8434015000
RCX=0x00007f848f90201c is an unknown value
RDX=0x0000000000000b23 is an unknown value
RSP=0x00007f8497ffd060 is pointing into the stack for thread: 0x00007f8434015000
RBP=0x00007f8497ffd080 is pointing into the stack for thread: 0x00007f8434015000
RSI=0x00007f8497ffd110 is pointing into the stack for thread: 0x00007f8434015000
RDI=0x00007f849cf5a030: <offset 0x0000000000205030> in /usr/lib/jvm/java-11-openjdk-amd64/lib/libjimage.so at 0x00007f849cd55000
R8 =0x0 is NULL
R9 =0x00000000ca0d71f0 is an unknown value
R10=0x00007f8497ffd134 is pointing into the stack for thread: 0x00007f8434015000
R11=0x00007f849ed9007d: <offset 0x0000000000eb307d> in /usr/lib/jvm/java-11-openjdk-amd64/lib/server/libjvm.so at 0x00007f849dedd000
R12=0x00007f8497ffd110 is pointing into the stack for thread: 0x00007f8434015000
R13=0x00000000000083bc is an unknown value
R14=0x00007f8497ffe1a8 is pointing into the stack for thread: 0x00007f8434015000
R15=0x00007f84640659c0 points into unknown readable memory: 73 75 6e 2f 61 77 74 2f


Registers:
RAX=0x0000000000000b23, RBX=0x00007f8497ffd111, RCX=0x00007f848f90201c, RDX=0x0000000000000b23
RSP=0x00007f8497ffd060, RBP=0x00007f8497ffd080, RSI=0x00007f8497ffd110, RDI=0x00007f849cf5a030
R8 =0x0000000000000000, R9 =0x00000000ca0d71f0, R10=0x00007f8497ffd134, R11=0x00007f849ed9007d
R12=0x00007f8497ffd110, R13=0x00000000000083bc, R14=0x00007f8497ffe1a8, R15=0x00007f84640659c0
RIP=0x00007f849cd57401, EFLAGS=0x0000000000010246, CSGSFS=0x002b000000000033, ERR=0x0000000000000004
  TRAPNO=0x000000000000000e

Top of Stack: (sp=0x00007f8497ffd060)
0x00007f8497ffd060:   0000000000000000 00007f8498009600
0x00007f8497ffd070:   0000000000000000 00007f8497ffd110
0x00007f8497ffd080:   00007f8497ffd0f0 00007f849cd580ea
0x00007f8497ffd090:   0000000000000000 0000000000000000 

Instructions: (pc=0x00007f849cd57401)
0x00007f849cd57301:   c5 4c 01 e3 48 89 ce e8 d3 f3 ff ff e9 69 fd ff
0x00007f849cd57311:   ff 89 d1 0f b7 74 08 fe 66 41 89 74 0e fe e9 7a
0x00007f849cd57321:   fe ff ff 0f 1f 40 00 8b 08 49 8d 1c 16 41 89 0e
0x00007f849cd57331:   89 d1 8b 74 08 fc 41 89 74 0e fc 48 8d 34 10 48
0x00007f849cd57341:   89 75 b8 e9 0b fe ff ff 0f 1f 80 00 00 00 00 0f
0x00007f849cd57351:   b6 17 55 89 f0 48 89 e5 84 d2 74 22 48 8d 4f 01
0x00007f849cd57361:   0f 1f 80 00 00 00 00 48 83 c1 01 0f b6 f2 0f b6
0x00007f849cd57371:   51 ff 69 c0 93 01 00 01 31 f0 84 d2 75 e9 25 ff
0x00007f849cd57381:   ff ff 7f 5d c3 66 2e 0f 1f 84 00 00 00 00 00 48
0x00007f849cd57391:   85 d2 0f 84 dd 00 00 00 85 c9 0f 84 d5 00 00 00
0x00007f849cd573a1:   55 48 89 e5 41 55 41 54 53 48 8d 5e 01 48 83 ec
0x00007f849cd573b1:   08 44 0f b6 06 45 84 c0 0f 84 a9 00 00 00 49 89
0x00007f849cd573c1:   da b8 93 01 00 01 66 0f 1f 84 00 00 00 00 00 49
0x00007f849cd573d1:   83 c2 01 44 69 c8 93 01 00 01 41 0f b6 c0 45 0f
0x00007f849cd573e1:   b6 42 ff 44 31 c8 45 84 c0 75 e4 25 ff ff ff 7f
0x00007f849cd573f1:   41 89 cd 48 89 d1 31 d2 41 f7 f5 49 89 f4 89 d0
0x00007f849cd57401:   8b 34 81 48 8b 07 ff 50 20 83 f8 00 7e 41 41 0f
0x00007f849cd57411:   b6 14 24 84 d2 74 1c 0f 1f 84 00 00 00 00 00 69
0x00007f849cd57421:   c0 93 01 00 01 48 83 c3 01 31 d0 0f b6 53 ff 84
0x00007f849cd57431:   d2 75 ec 25 ff ff ff 7f 31 d2 41 f7 f5 48 83 c4
0x00007f849cd57441:   08 89 d0 5b 41 5c 41 5d 5d c3 0f 1f 44 00 00 74
0x00007f849cd57451:   1d f7 d0 48 83 c4 08 89 c2 5b 89 d0 41 5c 41 5d
0x00007f849cd57461:   5d c3 0f 1f 44 00 00 b8 93 01 00 01 eb 82 ba ff
0x00007f849cd57471:   ff ff ff eb c8 83 ca ff 89 d0 c3 0f 1f 40 00 0f
0x00007f849cd57481:   b6 17 55 48 89 f8 48 89 e5 84 d2 75 15 eb 1a 38
0x00007f849cd57491:   ca 75 1c 48 83 c0 01 0f b6 10 48 83 c6 01 84 d2
0x00007f849cd574a1:   74 07 0f b6 0e 84 c9 75 e6 5d c3 0f 1f 40 00 31
0x00007f849cd574b1:   c0 5d c3 66 90 66 2e 0f 1f 84 00 00 00 00 00 55
0x00007f849cd574c1:   48 85 f6 48 89 e5 74 57 0f 1f 80 00 00 00 00 0f
0x00007f849cd574d1:   b6 06 84 c0 74 49 0f b6 d0 83 e0 07 c1 fa 03 44
0x00007f849cd574e1:   8d 50 01 0f b6 c0 41 89 d1 48 8d 56 01 4c 8d 44
0x00007f849cd574f1:   06 02 31 c0 0f 1f 00 0f b6 0a 48 c1 e0 08 48 83 


Stack slot to memory mapping:
stack at sp + 0 slots: 0x0 is NULL
stack at sp + 1 slots: 0x00007f8498009600 points into unknown readable memory: 50 0f 00 3c 84 7f 00 00
stack at sp + 2 slots: 0x0 is NULL
stack at sp + 3 slots: 0x00007f8497ffd110 is pointing into the stack for thread: 0x00007f8434015000
stack at sp + 4 slots: 0x00007f8497ffd0f0 is pointing into the stack for thread: 0x00007f8434015000
stack at sp + 5 slots: 0x00007f849cd580ea: <offset 0x00000000000030ea> in /usr/lib/jvm/java-11-openjdk-amd64/lib/libjimage.so at 0x00007f849cd55000
stack at sp + 6 slots: 0x0 is NULL
stack at sp + 7 slots: 0x0 is NULL


---------------  P R O C E S S  ---------------

Threads class SMR info:
_java_thread_list=0x00007f84340164c0, length=17, elements={
0x00007f8498051000, 0x00007f8498053000, 0x00007f8498059000, 0x00007f849805b800,
0x00007f849805d800, 0x00007f849805f800, 0x00007f84980a2800, 0x00007f84980ac000,
0x00007f8498275000, 0x00007f8498277800, 0x00007f8498377000, 0x00007f8498379800,
0x00007f849837c000, 0x00007f8498016000, 0x00007f8470001000, 0x00007f8470002800,
0x00007f8434015000
}

Java Threads: ( => current thread )
  0x00007f8498051000 JavaThread "Reference Handler" daemon [_thread_blocked, id=2949, stack(0x00007f847feff000,0x00007f8480000000)]
  0x00007f8498053000 JavaThread "Finalizer" daemon [_thread_blocked, id=2950, stack(0x00007f847fdfe000,0x00007f847feff000)]
  0x00007f8498059000 JavaThread "Signal Dispatcher" daemon [_thread_blocked, id=2951, stack(0x00007f847fb62000,0x00007f847fc63000)]
  0x00007f849805b800 JavaThread "C2 CompilerThread0" daemon [_thread_blocked, id=2952, stack(0x00007f847fa61000,0x00007f847fb62000)]
  0x00007f849805d800 JavaThread "C1 CompilerThread0" daemon [_thread_blocked, id=2953, stack(0x00007f847f960000,0x00007f847fa61000)]
  0x00007f849805f800 JavaThread "Sweeper thread" daemon [_thread_blocked, id=2954, stack(0x00007f847f85f000,0x00007f847f960000)]
  0x00007f84980a2800 JavaThread "Service Thread" daemon [_thread_blocked, id=2955, stack(0x00007f847f75e000,0x00007f847f85f000)]
  0x00007f84980ac000 JavaThread "Common-Cleaner" daemon [_thread_blocked, id=2957, stack(0x00007f847f55b000,0x00007f847f65c000)]
  0x00007f8498275000 JavaThread "Java2D Disposer" daemon [_thread_blocked, id=3008, stack(0x00007f8451ba3000,0x00007f8451ca4000)]
  0x00007f8498277800 JavaThread "AWT-XAWT" daemon [_thread_in_native, id=3009, stack(0x00007f8451aa2000,0x00007f8451ba3000)]
  0x00007f8498377000 JavaThread "AWT-Shutdown" [_thread_blocked, id=3012, stack(0x00007f845179f000,0x00007f84518a0000)]
  0x00007f8498379800 JavaThread "AWT-EventQueue-0" [_thread_blocked, id=3013, stack(0x00007f845169e000,0x00007f845179f000)]
  0x00007f849837c000 JavaThread "Animation Thread" [_thread_blocked, id=3014, stack(0x00007f845159d000,0x00007f845169e000)]
  0x00007f8498016000 JavaThread "DestroyJavaVM" [_thread_blocked, id=2947, stack(0x00007f84a004a000,0x00007f84a014b000)]
  0x00007f8470001000 JavaThread "SIGHUP handler" daemon [_thread_blocked, id=3015, stack(0x00007f84518a0000,0x00007f84519a1000)]
  0x00007f8470002800 JavaThread "SIGTERM handler" daemon [_thread_blocked, id=3016, stack(0x00007f84519a1000,0x00007f8451aa2000)]
=>0x00007f8434015000 JavaThread "XToolkt-Shutdown-Thread" [_thread_in_vm, id=3017, stack(0x00007f8497eff000,0x00007f8498000000)]

Other Threads:
  0x00007f849804e000 VMThread "VM Thread" [stack: 0x00007f8480002000,0x00007f8480102000] [id=2948]
  0x00007f84980a4800 WatcherThread [stack: 0x00007f847f65e000,0x00007f847f75e000] [id=2956]

Threads with active compile tasks:

VM state:not at safepoint (normal execution)

VM Mutex/Monitor currently owned by a thread: None

Heap address: 0x00000000f8000000, size: 128 MB, Compressed Oops mode: 32-bit
Narrow klass base: 0x0000000800000000, Narrow klass shift: 3
Compressed class space size: 1073741824 Address: 0x0000000840000000

Heap:
 def new generation   total 2432K, used 1657K [0x00000000f8000000, 0x00000000f82a0000, 0x00000000faaa0000)
  eden space 2176K,  64% used [0x00000000f8000000, 0x00000000f815e538, 0x00000000f8220000)
  from space 256K, 100% used [0x00000000f8260000, 0x00000000f82a0000, 0x00000000f82a0000)
  to   space 256K,   0% used [0x00000000f8220000, 0x00000000f8220000, 0x00000000f8260000)
 tenured generation   total 5504K, used 4830K [0x00000000faaa0000, 0x00000000fb000000, 0x0000000100000000)
   the space 5504K,  87% used [0x00000000faaa0000, 0x00000000faf57b20, 0x00000000faf57c00, 0x00000000fb000000)
 Metaspace       used 9008K, capacity 9407K, committed 9600K, reserved 1058816K
  class space    used 907K, capacity 1092K, committed 1152K, reserved 1048576K

Card table byte_map: [0x00007f84a0009000,0x00007f84a004a000] _byte_map_base: 0x00007f849f849000

Polling page: 0x00007f84a0167000

Metaspace:

Usage:
  Non-class:      8.12 MB capacity,     7.91 MB ( 97%) used,   179.43 KB (  2%) free+waste,    35.00 KB ( <1%) overhead. 
      Class:      1.07 MB capacity,   907.69 KB ( 83%) used,   163.56 KB ( 15%) free+waste,    20.75 KB (  2%) overhead. 
       Both:      9.19 MB capacity,     8.80 MB ( 96%) used,   342.99 KB (  4%) free+waste,    55.75 KB ( <1%) overhead. 

Virtual space:
  Non-class space:       10.00 MB reserved,       8.25 MB ( 82%) committed 
      Class space:        1.00 GB reserved,       1.12 MB ( <1%) committed 
             Both:        1.01 GB reserved,       9.38 MB ( <1%) committed 

Chunk freelists:
   Non-Class:  101.00 KB
       Class:  28.00 KB
        Both:  129.00 KB

MaxMetaspaceSize: unlimited
CompressedClassSpaceSize: 1.00 GB

CodeHeap 'non-profiled nmethods': size=120036Kb used=720Kb max_used=720Kb free=119315Kb
 bounds [0x00007f84883c9000, 0x00007f8488639000, 0x00007f848f902000]
CodeHeap 'profiled nmethods': size=120032Kb used=2439Kb max_used=2439Kb free=117592Kb
 bounds [0x00007f8480e91000, 0x00007f8481101000, 0x00007f84883c9000]
CodeHeap 'non-nmethods': size=5692Kb used=1236Kb max_used=1266Kb free=4455Kb
 bounds [0x00007f8480902000, 0x00007f8480b72000, 0x00007f8480e91000]
 total_blobs=2044 nmethods=1406 adapters=553
 compilation: enabled
              stopped_count=0, restarted_count=0
 full_count=0

Compilation events (20 events):
Event: 31.724 Thread 0x00007f849805b800 1430       4       jdk.internal.logger.LazyLoggers$LazyLoggerWrapper::platformProxy (10 bytes)
Event: 31.733 Thread 0x00007f849805b800 nmethod 1430 0x00007f8488478a90 code [0x00007f8488478c60, 0x00007f84884793b0]
Event: 32.848 Thread 0x00007f849805b800 1431       4       sun.java2d.SunGraphics2D::setColor (108 bytes)
Event: 32.857 Thread 0x00007f849805b800 nmethod 1431 0x00007f8488479590 code [0x00007f8488479760, 0x00007f8488479ad8]
Event: 32.914 Thread 0x00007f849805b800 1432       4       processing.core.PGraphics::colorCalc (37 bytes)
Event: 32.922 Thread 0x00007f849805b800 nmethod 1432 0x00007f8488479e10 code [0x00007f8488479fe0, 0x00007f848847a398]
Event: 34.317 Thread 0x00007f849805b800 1433       4       java.util.concurrent.locks.AbstractQueuedSynchronizer::release (33 bytes)
Event: 34.322 Thread 0x00007f849805b800 nmethod 1433 0x00007f848847a510 code [0x00007f848847a6e0, 0x00007f848847a928]
Event: 34.421 Thread 0x00007f849805b800 1434       4       java.awt.Color::<init> (45 bytes)
Event: 34.422 Thread 0x00007f849805b800 nmethod 1434 0x00007f848847aa90 code [0x00007f848847ac20, 0x00007f848847acd8]
Event: 34.448 Thread 0x00007f849805b800 1435   !   4       sun.java2d.pipe.AAShapePipe::renderPath (118 bytes)
Event: 34.476 Thread 0x00007f849805b800 nmethod 1435 0x00007f848847ad90 code [0x00007f848847afa0, 0x00007f848847b5f0]
Event: 34.476 Thread 0x00007f849805b800 1436       4       sun.java2d.marlin.DTransformingPathConsumer2D$CurveClipSplitter::init (63 bytes)
Event: 34.477 Thread 0x00007f849805b800 nmethod 1436 0x00007f848847bc90 code [0x00007f848847be60, 0x00007f848847bf38]
Event: 34.481 Thread 0x00007f849805b800 1437       4       sun.java2d.marlin.MarlinCache::init (130 bytes)
Event: 34.483 Thread 0x00007f849805b800 nmethod 1437 0x00007f848847c010 code [0x00007f848847c1a0, 0x00007f848847c278]
Event: 35.030 Thread 0x00007f849805b800 1438       4       sun.awt.SunToolkit::awtLock (7 bytes)
Event: 35.085 Thread 0x00007f849805b800 nmethod 1438 0x00007f848847c390 code [0x00007f848847c5a0, 0x00007f848847cb30]
Event: 35.483 Thread 0x00007f849805b800 1439       4       java.awt.Image$1::getSurfaceManager (5 bytes)
Event: 35.484 Thread 0x00007f849805b800 nmethod 1439 0x00007f848847cf10 code [0x00007f848847d0a0, 0x00007f848847d118]

GC Heap History (14 events):
Event: 0.776 GC heap before
{Heap before GC invocations=0 (full 0):
 def new generation   total 2432K, used 2176K [0x00000000f8000000, 0x00000000f82a0000, 0x00000000faaa0000)
  eden space 2176K, 100% used [0x00000000f8000000, 0x00000000f8220000, 0x00000000f8220000)
  from space 256K,   0% used [0x00000000f8220000, 0x00000000f8220000, 0x00000000f8260000)
  to   space 256K,   0% used [0x00000000f8260000, 0x00000000f8260000, 0x00000000f82a0000)
 tenured generation   total 5504K, used 0K [0x00000000faaa0000, 0x00000000fb000000, 0x0000000100000000)
   the space 5504K,   0% used [0x00000000faaa0000, 0x00000000faaa0000, 0x00000000faaa0200, 0x00000000fb000000)
 Metaspace       used 1321K, capacity 4929K, committed 5120K, reserved 1056768K
  class space    used 109K, capacity 451K, committed 512K, reserved 1048576K
}
Event: 0.781 GC heap after
{Heap after GC invocations=1 (full 0):
 def new generation   total 2432K, used 256K [0x00000000f8000000, 0x00000000f82a0000, 0x00000000faaa0000)
  eden space 2176K,   0% used [0x00000000f8000000, 0x00000000f8000000, 0x00000000f8220000)
  from space 256K, 100% used [0x00000000f8260000, 0x00000000f82a0000, 0x00000000f82a0000)
  to   space 256K,   0% used [0x00000000f8220000, 0x00000000f8220000, 0x00000000f8260000)
 tenured generation   total 5504K, used 630K [0x00000000faaa0000, 0x00000000fb000000, 0x0000000100000000)
   the space 5504K,  11% used [0x00000000faaa0000, 0x00000000fab3db60, 0x00000000fab3dc00, 0x00000000fb000000)
 Metaspace       used 1321K, capacity 4929K, committed 5120K, reserved 1056768K
  class space    used 109K, capacity 451K, committed 512K, reserved 1048576K
}
Event: 7.392 GC heap before
{Heap before GC invocations=1 (full 0):
 def new generation   total 2432K, used 2432K [0x00000000f8000000, 0x00000000f82a0000, 0x00000000faaa0000)
  eden space 2176K, 100% used [0x00000000f8000000, 0x00000000f8220000, 0x00000000f8220000)
  from space 256K, 100% used [0x00000000f8260000, 0x00000000f82a0000, 0x00000000f82a0000)
  to   space 256K,   0% used [0x00000000f8220000, 0x00000000f8220000, 0x00000000f8260000)
 tenured generation   total 5504K, used 630K [0x00000000faaa0000, 0x00000000fb000000, 0x0000000100000000)
   the space 5504K,  11% used [0x00000000faaa0000, 0x00000000fab3db60, 0x00000000fab3dc00, 0x00000000fb000000)
 Metaspace       used 3394K, capacity 5157K, committed 5504K, reserved 1056768K
  class space    used 314K, capacity 533K, committed 640K, reserved 1048576K
}
Event: 7.401 GC heap after
{Heap after GC invocations=2 (full 0):
 def new generation   total 2432K, used 255K [0x00000000f8000000, 0x00000000f82a0000, 0x00000000faaa0000)
  eden space 2176K,   0% used [0x00000000f8000000, 0x00000000f8000000, 0x00000000f8220000)
  from space 256K,  99% used [0x00000000f8220000, 0x00000000f825fff8, 0x00000000f8260000)
  to   space 256K,   0% used [0x00000000f8260000, 0x00000000f8260000, 0x00000000f82a0000)
 tenured generation   total 5504K, used 993K [0x00000000faaa0000, 0x00000000fb000000, 0x0000000100000000)
   the space 5504K,  18% used [0x00000000faaa0000, 0x00000000fab98628, 0x00000000fab98800, 0x00000000fb000000)
 Metaspace       used 3394K, capacity 5157K, committed 5504K, reserved 1056768K
  class space    used 314K, capacity 533K, committed 640K, reserved 1048576K
}
Event: 7.992 GC heap before
{Heap before GC invocations=2 (full 0):
 def new generation   total 2432K, used 2431K [0x00000000f8000000, 0x00000000f82a0000, 0x00000000faaa0000)
  eden space 2176K, 100% used [0x00000000f8000000, 0x00000000f8220000, 0x00000000f8220000)
  from space 256K,  99% used [0x00000000f8220000, 0x00000000f825fff8, 0x00000000f8260000)
  to   space 256K,   0% used [0x00000000f8260000, 0x00000000f8260000, 0x00000000f82a0000)
 tenured generation   total 5504K, used 993K [0x00000000faaa0000, 0x00000000fb000000, 0x0000000100000000)
   the space 5504K,  18% used [0x00000000faaa0000, 0x00000000fab98628, 0x00000000fab98800, 0x00000000fb000000)
 Metaspace       used 5443K, capacity 5848K, committed 6144K, reserved 1056768K
  class space    used 538K, capacity 674K, committed 768K, reserved 1048576K
}
Event: 8.076 GC heap after
{Heap after GC invocations=3 (full 0):
 def new generation   total 2432K, used 256K [0x00000000f8000000, 0x00000000f82a0000, 0x00000000faaa0000)
  eden space 2176K,   0% used [0x00000000f8000000, 0x00000000f8000000, 0x00000000f8220000)
  from space 256K, 100% used [0x00000000f8260000, 0x00000000f82a0000, 0x00000000f82a0000)
  to   space 256K,   0% used [0x00000000f8220000, 0x00000000f8220000, 0x00000000f8260000)
 tenured generation   total 5504K, used 1379K [0x00000000faaa0000, 0x00000000fb000000, 0x0000000100000000)
   the space 5504K,  25% used [0x00000000faaa0000, 0x00000000fabf8cf0, 0x00000000fabf8e00, 0x00000000fb000000)
 Metaspace       used 5443K, capacity 5848K, committed 6144K, reserved 1056768K
  class space    used 538K, capacity 674K, committed 768K, reserved 1048576K
}
Event: 8.783 GC heap before
{Heap before GC invocations=3 (full 0):
 def new generation   total 2432K, used 2432K [0x00000000f8000000, 0x00000000f82a0000, 0x00000000faaa0000)
  eden space 2176K, 100% used [0x00000000f8000000, 0x00000000f8220000, 0x00000000f8220000)
  from space 256K, 100% used [0x00000000f8260000, 0x00000000f82a0000, 0x00000000f82a0000)
  to   space 256K,   0% used [0x00000000f8220000, 0x00000000f8220000, 0x00000000f8260000)
 tenured generation   total 5504K, used 1379K [0x00000000faaa0000, 0x00000000fb000000, 0x0000000100000000)
   the space 5504K,  25% used [0x00000000faaa0000, 0x00000000fabf8cf0, 0x00000000fabf8e00, 0x00000000fb000000)
 Metaspace       used 7311K, capacity 7737K, committed 7936K, reserved 1056768K
  class space    used 772K, capacity 962K, committed 1024K, reserved 1048576K
}
Event: 8.787 GC heap after
{Heap after GC invocations=4 (full 0):
 def new generation   total 2432K, used 256K [0x00000000f8000000, 0x00000000f82a0000, 0x00000000faaa0000)
  eden space 2176K,   0% used [0x00000000f8000000, 0x00000000f8000000, 0x00000000f8220000)
  from space 256K, 100% used [0x00000000f8220000, 0x00000000f8260000, 0x00000000f8260000)
  to   space 256K,   0% used [0x00000000f8260000, 0x00000000f8260000, 0x00000000f82a0000)
 tenured generation   total 5504K, used 1775K [0x00000000faaa0000, 0x00000000fb000000, 0x0000000100000000)
   the space 5504K,  32% used [0x00000000faaa0000, 0x00000000fac5bce0, 0x00000000fac5be00, 0x00000000fb000000)
 Metaspace       used 7311K, capacity 7737K, committed 7936K, reserved 1056768K
  class space    used 772K, capacity 962K, committed 1024K, reserved 1048576K
}
Event: 9.082 GC heap before
{Heap before GC invocations=4 (full 0):
 def new generation   total 2432K, used 1513K [0x00000000f8000000, 0x00000000f82a0000, 0x00000000faaa0000)
  eden space 2176K,  57% used [0x00000000f8000000, 0x00000000f813a698, 0x00000000f8220000)
  from space 256K, 100% used [0x00000000f8220000, 0x00000000f8260000, 0x00000000f8260000)
  to   space 256K,   0% used [0x00000000f8260000, 0x00000000f8260000, 0x00000000f82a0000)
 tenured generation   total 5504K, used 1775K [0x00000000faaa0000, 0x00000000fb000000, 0x0000000100000000)
   the space 5504K,  32% used [0x00000000faaa0000, 0x00000000fac5bce0, 0x00000000fac5be00, 0x00000000fb000000)
 Metaspace       used 7354K, capacity 7737K, committed 7936K, reserved 1056768K
  class space    used 772K, capacity 962K, committed 1024K, reserved 1048576K
}
Event: 9.085 GC heap after
{Heap after GC invocations=5 (full 0):
 def new generation   total 2432K, used 237K [0x00000000f8000000, 0x00000000f82a0000, 0x00000000faaa0000)
  eden space 2176K,   0% used [0x00000000f8000000, 0x00000000f8000000, 0x00000000f8220000)
  from space 256K,  92% used [0x00000000f8260000, 0x00000000f829b6a0, 0x00000000f82a0000)
  to   space 256K,   0% used [0x00000000f8220000, 0x00000000f8220000, 0x00000000f8260000)
 tenured generation   total 5504K, used 2273K [0x00000000faaa0000, 0x00000000fb000000, 0x0000000100000000)
   the space 5504K,  41% used [0x00000000faaa0000, 0x00000000facd87a8, 0x00000000facd8800, 0x00000000fb000000)
 Metaspace       used 7354K, capacity 7737K, committed 7936K, reserved 1056768K
  class space    used 772K, capacity 962K, committed 1024K, reserved 1048576K
}
Event: 9.190 GC heap before
{Heap before GC invocations=5 (full 0):
 def new generation   total 2432K, used 2410K [0x00000000f8000000, 0x00000000f82a0000, 0x00000000faaa0000)
  eden space 2176K,  99% used [0x00000000f8000000, 0x00000000f821f4d0, 0x00000000f8220000)
  from space 256K,  92% used [0x00000000f8260000, 0x00000000f829b6a0, 0x00000000f82a0000)
  to   space 256K,   0% used [0x00000000f8220000, 0x00000000f8220000, 0x00000000f8260000)
 tenured generation   total 5504K, used 2273K [0x00000000faaa0000, 0x00000000fb000000, 0x0000000100000000)
   the space 5504K,  41% used [0x00000000faaa0000, 0x00000000facd87a8, 0x00000000facd8800, 0x00000000fb000000)
 Metaspace       used 7405K, capacity 7801K, committed 7936K, reserved 1056768K
  class space    used 780K, capacity 962K, committed 1024K, reserved 1048576K
}
Event: 9.196 GC heap after
{Heap after GC invocations=6 (full 0):
 def new generation   total 2432K, used 50K [0x00000000f8000000, 0x00000000f82a0000, 0x00000000faaa0000)
  eden space 2176K,   0% used [0x00000000f8000000, 0x00000000f8000000, 0x00000000f8220000)
  from space 256K,  19% used [0x00000000f8220000, 0x00000000f822c900, 0x00000000f8260000)
  to   space 256K,   0% used [0x00000000f8260000, 0x00000000f8260000, 0x00000000f82a0000)
 tenured generation   total 5504K, used 3392K [0x00000000faaa0000, 0x00000000fb000000, 0x0000000100000000)
   the space 5504K,  61% used [0x00000000faaa0000, 0x00000000fadf0130, 0x00000000fadf0200, 0x00000000fb000000)
 Metaspace       used 7405K, capacity 7801K, committed 7936K, reserved 1056768K
  class space    used 780K, capacity 962K, committed 1024K, reserved 1048576K
}
Event: 11.093 GC heap before
{Heap before GC invocations=6 (full 0):
 def new generation   total 2432K, used 2226K [0x00000000f8000000, 0x00000000f82a0000, 0x00000000faaa0000)
  eden space 2176K, 100% used [0x00000000f8000000, 0x00000000f8220000, 0x00000000f8220000)
  from space 256K,  19% used [0x00000000f8220000, 0x00000000f822c900, 0x00000000f8260000)
  to   space 256K,   0% used [0x00000000f8260000, 0x00000000f8260000, 0x00000000f82a0000)
 tenured generation   total 5504K, used 3392K [0x00000000faaa0000, 0x00000000fb000000, 0x0000000100000000)
   the space 5504K,  61% used [0x00000000faaa0000, 0x00000000fadf0130, 0x00000000fadf0200, 0x00000000fb000000)
 Metaspace       used 8652K, capacity 9023K, committed 9344K, reserved 1056768K
  class space    used 907K, capacity 1092K, committed 1152K, reserved 1048576K
}
Event: 11.176 GC heap after
{Heap after GC invocations=7 (full 0):
 def new generation   total 2432K, used 256K [0x00000000f8000000, 0x00000000f82a0000, 0x00000000faaa0000)
  eden space 2176K,   0% used [0x00000000f8000000, 0x00000000f8000000, 0x00000000f8220000)
  from space 256K, 100% used [0x00000000f8260000, 0x00000000f82a0000, 0x00000000f82a0000)
  to   space 256K,   0% used [0x00000000f8220000, 0x00000000f8220000, 0x00000000f8260000)
 tenured generation   total 5504K, used 4830K [0x00000000faaa0000, 0x00000000fb000000, 0x0000000100000000)
   the space 5504K,  87% used [0x00000000faaa0000, 0x00000000faf57b20, 0x00000000faf57c00, 0x00000000fb000000)
 Metaspace       used 8652K, capacity 9023K, committed 9344K, reserved 1056768K
  class space    used 907K, capacity 1092K, committed 1152K, reserved 1048576K
}

Deoptimization events (20 events):
Event: 17.194 Thread 0x00007f849837c000 DEOPT PACKING pc=0x00007f8480ffe024 sp=0x00007f845169c200
Event: 17.194 Thread 0x00007f849837c000 DEOPT UNPACKING pc=0x00007f8480927fba sp=0x00007f845169b620 mode 0
Event: 17.195 Thread 0x00007f849837c000 DEOPT PACKING pc=0x00007f8480ffe1f2 sp=0x00007f845169c140
Event: 17.195 Thread 0x00007f849837c000 DEOPT UNPACKING pc=0x00007f8480927fba sp=0x00007f845169b558 mode 0
Event: 17.284 Thread 0x00007f849837c000 DEOPT PACKING pc=0x00007f8480ffe271 sp=0x00007f845169c0b0
Event: 17.284 Thread 0x00007f849837c000 DEOPT UNPACKING pc=0x00007f8480927fba sp=0x00007f845169b4d0 mode 0
Event: 17.297 Thread 0x00007f849837c000 DEOPT PACKING pc=0x00007f8480ffdd4d sp=0x00007f845169c140
Event: 17.297 Thread 0x00007f849837c000 DEOPT UNPACKING pc=0x00007f8480927fba sp=0x00007f845169b560 mode 0
Event: 17.377 Thread 0x00007f849837c000 DEOPT PACKING pc=0x00007f8480ffdd4d sp=0x00007f845169c200
Event: 17.377 Thread 0x00007f849837c000 DEOPT UNPACKING pc=0x00007f8480927fba sp=0x00007f845169b620 mode 0
Event: 17.378 Thread 0x00007f849837c000 DEOPT PACKING pc=0x00007f8480ffdfcf sp=0x00007f845169c200
Event: 17.378 Thread 0x00007f849837c000 DEOPT UNPACKING pc=0x00007f8480927fba sp=0x00007f845169b620 mode 0
Event: 17.379 Thread 0x00007f849837c000 DEOPT PACKING pc=0x00007f8480ffe1f2 sp=0x00007f845169c140
Event: 17.379 Thread 0x00007f849837c000 DEOPT UNPACKING pc=0x00007f8480927fba sp=0x00007f845169b558 mode 0
Event: 17.383 Thread 0x00007f849837c000 DEOPT PACKING pc=0x00007f8480ffde61 sp=0x00007f845169c200
Event: 17.383 Thread 0x00007f849837c000 DEOPT UNPACKING pc=0x00007f8480927fba sp=0x00007f845169b620 mode 0
Event: 17.421 Thread 0x00007f849837c000 DEOPT PACKING pc=0x00007f8480ffdd4d sp=0x00007f845169c200
Event: 17.421 Thread 0x00007f849837c000 DEOPT UNPACKING pc=0x00007f8480927fba sp=0x00007f845169b620 mode 0
Event: 17.477 Thread 0x00007f849837c000 DEOPT PACKING pc=0x00007f8480ffde61 sp=0x00007f845169c140
Event: 17.477 Thread 0x00007f849837c000 DEOPT UNPACKING pc=0x00007f8480927fba sp=0x00007f845169b560 mode 0

Classes redefined (0 events):
No events

Internal exceptions (20 events):
Event: 0.478 Thread 0x00007f8498016000 Exception <a 'java/lang/ClassNotFoundException'{0x00000000f816e388}: sun/awt/resources/spi/awtProvider> (0x00000000f816e388) thrown at [./src/hotspot/share/classfile/systemDictionary.cpp, line 231]
Event: 0.703 Thread 0x00007f8498016000 Exception <a 'java/io/FileNotFoundException'{0x00000000f820dd18}> (0x00000000f820dd18) thrown at [./src/hotspot/share/prims/jni.cpp, line 615]
Event: 0.900 Thread 0x00007f8498016000 Exception <a 'java/lang/NoSuchMethodError'{0x00000000f804f588}: 'java.lang.Object java.lang.invoke.DirectMethodHandle$Holder.invokeStatic(java.lang.Object, java.lang.Object, java.lang.Object, java.lang.Object, java.lang.Object, java.lang.Object, java.lang.Object, java.lang.Object, java.lang.Object, java.lang.Object, java.lang.Object, java.lang.Object, java.lang.Object, java.lang.Object, java.lang.Object)'> (0x00000000f804f588) thrown at [./src/hotspot/share/interpreter/linkResolver.cpp, line 773]
Event: 0.979 Thread 0x00007f8498016000 Exception <a 'java/lang/NoSuchMethodError'{0x00000000f805d7a8}: 'java.lang.Object java.lang.invoke.DirectMethodHandle$Holder.invokeStatic(java.lang.Object, java.lang.Object, java.lang.Object, java.lang.Object, java.lang.Object, java.lang.Object, java.lang.Object, java.lang.Object, java.lang.Object, java.lang.Object, java.lang.Object, java.lang.Object, java.lang.Object, java.lang.Object, java.lang.Object, java.lang.Object)'> (0x00000000f805d7a8) thrown at [./src/hotspot/share/interpreter/linkResolver.cpp, l
Event: 0.983 Thread 0x00007f8498016000 Exception <a 'java/lang/NoSuchMethodError'{0x00000000f806b660}: 'java.lang.Object java.lang.invoke.DirectMethodHandle$Holder.invokeSpecial(java.lang.Object, java.lang.Object, int, int, java.lang.Object, java.lang.Object, java.lang.Object)'> (0x00000000f806b660) thrown at [./src/hotspot/share/interpreter/linkResolver.cpp, line 773]
Event: 0.984 Thread 0x00007f8498016000 Exception <a 'java/lang/NoSuchMethodError'{0x00000000f806ebf0}: 'java.lang.Object java.lang.invoke.DelegatingMethodHandle$Holder.reinvoke_L(java.lang.Object, int, int, java.lang.Object, java.lang.Object, java.lang.Object)'> (0x00000000f806ebf0) thrown at [./src/hotspot/share/interpreter/linkResolver.cpp, line 773]
Event: 0.985 Thread 0x00007f8498016000 Exception <a 'java/lang/NoSuchMethodError'{0x00000000f8072f28}: 'java.lang.Object java.lang.invoke.DirectMethodHandle$Holder.invokeStatic(java.lang.Object, java.lang.Object, java.lang.Object, java.lang.Object, int)'> (0x00000000f8072f28) thrown at [./src/hotspot/share/interpreter/linkResolver.cpp, line 773]
Event: 7.291 Thread 0x00007f8498016000 Exception <a 'java/lang/NoSuchMethodError'{0x00000000f81d2bc0}: 'java.lang.Object java.lang.invoke.DirectMethodHandle$Holder.invokeStatic(java.lang.Object, java.lang.Object, java.lang.Object, java.lang.Object, java.lang.Object, java.lang.Object, java.lang.Object, java.lang.Object, int)'> (0x00000000f81d2bc0) thrown at [./src/hotspot/share/interpreter/linkResolver.cpp, line 773]
Event: 7.295 Thread 0x00007f8498016000 Exception <a 'java/lang/NoSuchMethodError'{0x00000000f81ed130}: 'java.lang.Object java.lang.invoke.DirectMethodHandle$Holder.invokeStatic(java.lang.Object, java.lang.Object, java.lang.Object, java.lang.Object, java.lang.Object, java.lang.Object, java.lang.Object, java.lang.Object, int, int)'> (0x00000000f81ed130) thrown at [./src/hotspot/share/interpreter/linkResolver.cpp, line 773]
Event: 7.297 Thread 0x00007f8498016000 Exception <a 'java/lang/NoSuchMethodError'{0x00000000f81f9528}: 'void java.lang.invoke.DirectMethodHandle$Holder.invokeSpecial(java.lang.Object, java.lang.Object)'> (0x00000000f81f9528) thrown at [./src/hotspot/share/interpreter/linkResolver.cpp, line 773]
Event: 7.985 Thread 0x00007f8498016000 Exception <a 'java/lang/NoSuchMethodError'{0x00000000f81ed1a0}: 'java.lang.Object java.lang.invoke.DirectMethodHandle$Holder.invokeStatic(java.lang.Object, int, java.lang.Object, java.lang.Object, java.lang.Object, java.lang.Object)'> (0x00000000f81ed1a0) thrown at [./src/hotspot/share/interpreter/linkResolver.cpp, line 773]
Event: 7.986 Thread 0x00007f8498016000 Exception <a 'java/lang/NoSuchMethodError'{0x00000000f81f4568}: 'java.lang.Object java.lang.invoke.DirectMethodHandle$Holder.invokeStatic(java.lang.Object, int, java.lang.Object, java.lang.Object, java.lang.Object)'> (0x00000000f81f4568) thrown at [./src/hotspot/share/interpreter/linkResolver.cpp, line 773]
Event: 7.986 Thread 0x00007f8498016000 Exception <a 'java/lang/NoSuchMethodError'{0x00000000f81f80b0}: 'java.lang.Object java.lang.invoke.DirectMethodHandle$Holder.invokeSpecial(java.lang.Object, java.lang.Object, int, java.lang.Object, java.lang.Object, java.lang.Object)'> (0x00000000f81f80b0) thrown at [./src/hotspot/share/interpreter/linkResolver.cpp, line 773]
Event: 7.990 Thread 0x00007f8498016000 Exception <a 'java/lang/NoSuchMethodError'{0x00000000f820fde8}: 'java.lang.Object java.lang.invoke.DirectMethodHandle$Holder.invokeStatic(java.lang.Object, int, java.lang.Object)'> (0x00000000f820fde8) thrown at [./src/hotspot/share/interpreter/linkResolver.cpp, line 773]
Event: 8.288 Thread 0x00007f8498016000 Exception <a 'java/lang/NoSuchMethodError'{0x00000000f80eb250}: 'java.lang.Object java.lang.invoke.Invokers$Holder.linkToTargetMethod(java.lang.Object, int, java.lang.Object)'> (0x00000000f80eb250) thrown at [./src/hotspot/share/interpreter/linkResolver.cpp, line 773]
Event: 8.297 Thread 0x00007f8498016000 Exception <a 'java/lang/ClassNotFoundException'{0x00000000f80f35e8}: com/sun/swing/internal/plaf/metal/resources/spi/metalProvider> (0x00000000f80f35e8) thrown at [./src/hotspot/share/classfile/systemDictionary.cpp, line 231]
Event: 8.300 Thread 0x00007f8498016000 Exception <a 'java/lang/ClassNotFoundException'{0x00000000f80f7b28}: com/sun/swing/internal/plaf/basic/resources/spi/basicProvider> (0x00000000f80f7b28) thrown at [./src/hotspot/share/classfile/systemDictionary.cpp, line 231]
Event: 8.496 Thread 0x00007f8498016000 Exception <a 'java/lang/NoSuchMethodError'{0x00000000f8188ed0}: 'void java.lang.invoke.DirectMethodHandle$Holder.invokeStaticInit(java.lang.Object)'> (0x00000000f8188ed0) thrown at [./src/hotspot/share/interpreter/linkResolver.cpp, line 773]
Event: 8.584 Thread 0x00007f8498016000 Exception <a 'java/lang/NoSuchMethodError'{0x00000000f81c5f98}: 'java.lang.Object java.lang.invoke.DirectMethodHandle$Holder.invokeStatic(java.lang.Object, java.lang.Object, java.lang.Object, java.lang.Object, java.lang.Object, java.lang.Object, java.lang.Object, java.lang.Object, java.lang.Object, java.lang.Object, java.lang.Object, java.lang.Object, java.lang.Object, int)'> (0x00000000f81c5f98) thrown at [./src/hotspot/share/interpreter/linkResolver.cpp, line 773]
Event: 8.586 Thread 0x00007f8498016000 Exception <a 'java/lang/NoSuchMethodError'{0x00000000f81d2e30}: 'java.lang.Object java.lang.invoke.DirectMethodHandle$Holder.invokeStatic(java.lang.Object, java.lang.Object, java.lang.Object, java.lang.Object, java.lang.Object, java.lang.Object, java.lang.Object, java.lang.Object, java.lang.Object, java.lang.Object, java.lang.Object, java.lang.Object, java.lang.Object, int, int)'> (0x00000000f81d2e30) thrown at [./src/hotspot/share/interpreter/linkResolver.cpp, line 773]

Events (20 events):
Event: 15.998 Loaded shared library /usr/lib/jvm/java-11-openjdk-amd64/lib/libawt_xawt.so
Event: 19.177 Loaded shared library /usr/lib/jvm/java-11-openjdk-amd64/lib/libjava.so
Event: 22.043 Executing VM operation: RevokeBias
Event: 22.043 Executing VM operation: RevokeBias done
Event: 24.845 Loaded shared library /usr/lib/jvm/java-11-openjdk-amd64/lib/server/libjvm.so
Event: 35.530 loading class jdk/internal/misc/Signal$1
Event: 35.530 loading class jdk/internal/misc/Signal$1 done
Event: 35.531 Thread 0x00007f8470001000 Thread added: 0x00007f8470001000
Event: 35.531 Protecting memory [0x00007f84518a0000,0x00007f84518a4000] with protection modes 0
Event: 35.532 Executing VM operation: RevokeBias
Event: 35.532 Thread 0x00007f8470002800 Thread added: 0x00007f8470002800
Event: 35.535 Protecting memory [0x00007f84519a1000,0x00007f84519a5000] with protection modes 0
Event: 35.536 Executing VM operation: RevokeBias done
Event: 35.536 Executing VM operation: RevokeBias
Event: 35.536 Executing VM operation: RevokeBias done
Event: 35.538 Thread 0x00007f8434015000 Thread added: 0x00007f8434015000
Event: 35.538 Protecting memory [0x00007f8497eff000,0x00007f8497f03000] with protection modes 0
Event: 35.538 Executing VM operation: RevokeBias
Event: 35.539 Executing VM operation: RevokeBias done
Event: 35.539 loading class sun/awt/X11/XSystemTrayPeer


Dynamic libraries:
f8000000-f82a0000 rw-p 00000000 00:00 0 
f82a0000-faaa0000 ---p 00000000 00:00 0 
faaa0000-fb000000 rw-p 00000000 00:00 0 
fb000000-100000000 ---p 00000000 00:00 0 
800000000-800002000 rwxp 00001000 08:01 4397193                          /usr/lib/jvm/java-11-openjdk-amd64/lib/server/classes.jsa
800002000-8003b8000 rw-p 00003000 08:01 4397193                          /usr/lib/jvm/java-11-openjdk-amd64/lib/server/classes.jsa
8003b8000-800a93000 r--p 003b9000 08:01 4397193                          /usr/lib/jvm/java-11-openjdk-amd64/lib/server/classes.jsa
800a93000-800a94000 rw-p 00a94000 08:01 4397193                          /usr/lib/jvm/java-11-openjdk-amd64/lib/server/classes.jsa
800a94000-8010a0000 r--p 00a95000 08:01 4397193                          /usr/lib/jvm/java-11-openjdk-amd64/lib/server/classes.jsa
840000000-840120000 rw-p 00000000 00:00 0 
840120000-880000000 ---p 00000000 00:00 0 
55a9d2321000-55a9d2322000 r-xp 00000000 08:01 4396825                    /usr/lib/jvm/java-11-openjdk-amd64/bin/java
55a9d2522000-55a9d2523000 r--p 00001000 08:01 4396825                    /usr/lib/jvm/java-11-openjdk-amd64/bin/java
55a9d2523000-55a9d2524000 rw-p 00002000 08:01 4396825                    /usr/lib/jvm/java-11-openjdk-amd64/bin/java
55a9d3be5000-55a9d3c06000 rw-p 00000000 00:00 0                          [heap]
7f842c000000-7f842c1a4000 rw-p 00000000 00:00 0 
7f842c1a4000-7f8430000000 ---p 00000000 00:00 0 
7f8430000000-7f8430087000 rw-p 00000000 00:00 0 
7f8430087000-7f8434000000 ---p 00000000 00:00 0 
7f8434000000-7f8434021000 rw-p 00000000 00:00 0 
7f8434021000-7f8438000000 ---p 00000000 00:00 0 
7f8438000000-7f8438021000 rw-p 00000000 00:00 0 
7f8438021000-7f843c000000 ---p 00000000 00:00 0 
7f843c000000-7f843c021000 rw-p 00000000 00:00 0 
7f843c021000-7f8440000000 ---p 00000000 00:00 0 
7f8440000000-7f8440044000 rw-p 00000000 00:00 0 
7f8440044000-7f8444000000 ---p 00000000 00:00 0 
7f8444000000-7f8444021000 rw-p 00000000 00:00 0 
7f8444021000-7f8448000000 ---p 00000000 00:00 0 
7f8448000000-7f8448021000 rw-p 00000000 00:00 0 
7f8448021000-7f844c000000 ---p 00000000 00:00 0 
7f844c000000-7f844c021000 rw-p 00000000 00:00 0 
7f844c021000-7f8450000000 ---p 00000000 00:00 0 
7f84512a8000-7f84512e8000 rw-p 00000000 00:00 0 
7f84512e8000-7f84514a8000 ---p 00000000 00:00 0 
7f84514a8000-7f845159d000 rw-s 00000000 00:01 229377                     /SYSV00000000 (deleted)
7f845159d000-7f84515a1000 ---p 00000000 00:00 0 
7f84515a1000-7f845169e000 rw-p 00000000 00:00 0 
7f845169e000-7f84516a2000 ---p 00000000 00:00 0 
7f84516a2000-7f845179f000 rw-p 00000000 00:00 0 
7f845179f000-7f84517a3000 ---p 00000000 00:00 0 
7f84517a3000-7f84518a0000 rw-p 00000000 00:00 0 
7f84518a0000-7f84518a4000 ---p 00000000 00:00 0 
7f84518a4000-7f84519a1000 rw-p 00000000 00:00 0 
7f84519a1000-7f84519a5000 ---p 00000000 00:00 0 
7f84519a5000-7f8451aa2000 rw-p 00000000 00:00 0 
7f8451aa2000-7f8451aa6000 ---p 00000000 00:00 0 
7f8451aa6000-7f8451ba3000 rw-p 00000000 00:00 0 
7f8451ba3000-7f8451ba7000 ---p 00000000 00:00 0 
7f8451ba7000-7f8451ca4000 rw-p 00000000 00:00 0 
7f8451ca4000-7f8451ca9000 r-xp 00000000 08:01 3624907                    /usr/lib/x86_64-linux-gnu/libXfixes.so.3.1.0
7f8451ca9000-7f8451ea8000 ---p 00005000 08:01 3624907                    /usr/lib/x86_64-linux-gnu/libXfixes.so.3.1.0
7f8451ea8000-7f8451ea9000 r--p 00004000 08:01 3624907                    /usr/lib/x86_64-linux-gnu/libXfixes.so.3.1.0
7f8451ea9000-7f8451eaa000 rw-p 00005000 08:01 3624907                    /usr/lib/x86_64-linux-gnu/libXfixes.so.3.1.0
7f8451eaa000-7f8451eb3000 r-xp 00000000 08:01 3624899                    /usr/lib/x86_64-linux-gnu/libXcursor.so.1.0.2
7f8451eb3000-7f84520b2000 ---p 00009000 08:01 3624899                    /usr/lib/x86_64-linux-gnu/libXcursor.so.1.0.2
7f84520b2000-7f84520b3000 r--p 00008000 08:01 3624899                    /usr/lib/x86_64-linux-gnu/libXcursor.so.1.0.2
7f84520b3000-7f84520b4000 rw-p 00009000 08:01 3624899                    /usr/lib/x86_64-linux-gnu/libXcursor.so.1.0.2
7f84520b4000-7f84520b5000 ---p 00000000 00:00 0 
7f84520b5000-7f84528b5000 rw-p 00000000 00:00 0 
7f84528b5000-7f84528b6000 ---p 00000000 00:00 0 
7f84528b6000-7f84530b6000 rw-p 00000000 00:00 0 
7f84530b6000-7f84530c2000 r-xp 00000000 08:01 3624653                    /usr/lib/x86_64-linux-gnu/gio/modules/libdconfsettings.so
7f84530c2000-7f84532c1000 ---p 0000c000 08:01 3624653                    /usr/lib/x86_64-linux-gnu/gio/modules/libdconfsettings.so
7f84532c1000-7f84532c2000 r--p 0000b000 08:01 3624653                    /usr/lib/x86_64-linux-gnu/gio/modules/libdconfsettings.so
7f84532c2000-7f84532c3000 rw-p 0000c000 08:01 3624653                    /usr/lib/x86_64-linux-gnu/gio/modules/libdconfsettings.so
7f84532c3000-7f84532c9000 r-xp 00000000 08:01 3355259                    /lib/x86_64-linux-gnu/libuuid.so.1.3.0
7f84532c9000-7f84534c8000 ---p 00006000 08:01 3355259                    /lib/x86_64-linux-gnu/libuuid.so.1.3.0
7f84534c8000-7f84534c9000 r--p 00005000 08:01 3355259                    /lib/x86_64-linux-gnu/libuuid.so.1.3.0
7f84534c9000-7f84534ca000 rw-p 00006000 08:01 3355259                    /lib/x86_64-linux-gnu/libuuid.so.1.3.0
7f84534ca000-7f8453511000 r-xp 00000000 08:01 3355169                    /lib/x86_64-linux-gnu/libblkid.so.1.1.0
7f8453511000-7f8453711000 ---p 00047000 08:01 3355169                    /lib/x86_64-linux-gnu/libblkid.so.1.1.0
7f8453711000-7f8453715000 r--p 00047000 08:01 3355169                    /lib/x86_64-linux-gnu/libblkid.so.1.1.0
7f8453715000-7f8453716000 rw-p 0004b000 08:01 3355169                    /lib/x86_64-linux-gnu/libblkid.so.1.1.0
7f8453716000-7f8453717000 rw-p 00000000 00:00 0 
7f8453717000-7f8453787000 r-xp 00000000 08:01 3355231                    /lib/x86_64-linux-gnu/libpcre.so.3.13.3
7f8453787000-7f8453987000 ---p 00070000 08:01 3355231                    /lib/x86_64-linux-gnu/libpcre.so.3.13.3
7f8453987000-7f8453988000 r--p 00070000 08:01 3355231                    /lib/x86_64-linux-gnu/libpcre.so.3.13.3
7f8453988000-7f8453989000 rw-p 00071000 08:01 3355231                    /lib/x86_64-linux-gnu/libpcre.so.3.13.3
7f8453989000-7f8453990000 r-xp 00000000 08:01 3355940                    /usr/lib/x86_64-linux-gnu/libffi.so.6.0.4
7f8453990000-7f8453b8f000 ---p 00007000 08:01 3355940                    /usr/lib/x86_64-linux-gnu/libffi.so.6.0.4
7f8453b8f000-7f8453b90000 r--p 00006000 08:01 3355940                    /usr/lib/x86_64-linux-gnu/libffi.so.6.0.4
7f8453b90000-7f8453b91000 rw-p 00007000 08:01 3355940                    /usr/lib/x86_64-linux-gnu/libffi.so.6.0.4
7f8453b91000-7f8453be2000 r-xp 00000000 08:01 3355202                    /lib/x86_64-linux-gnu/libmount.so.1.1.0
7f8453be2000-7f8453de1000 ---p 00051000 08:01 3355202                    /lib/x86_64-linux-gnu/libmount.so.1.1.0
7f8453de1000-7f8453de3000 r--p 00050000 08:01 3355202                    /lib/x86_64-linux-gnu/libmount.so.1.1.0
7f8453de3000-7f8453de4000 rw-p 00052000 08:01 3355202                    /lib/x86_64-linux-gnu/libmount.so.1.1.0
7f8453de4000-7f8453de5000 rw-p 00000000 00:00 0 
7f8453de5000-7f8453dfc000 r-xp 00000000 08:01 3355236                    /lib/x86_64-linux-gnu/libresolv-2.27.so
7f8453dfc000-7f8453ffc000 ---p 00017000 08:01 3355236                    /lib/x86_64-linux-gnu/libresolv-2.27.so
7f8453ffc000-7f8453ffd000 r--p 00017000 08:01 3355236                    /lib/x86_64-linux-gnu/libresolv-2.27.so
7f8453ffd000-7f8453ffe000 rw-p 00018000 08:01 3355236                    /lib/x86_64-linux-gnu/libresolv-2.27.so
7f8453ffe000-7f8454000000 rw-p 00000000 00:00 0 
7f8454000000-7f8454021000 rw-p 00000000 00:00 0 
7f8454021000-7f8458000000 ---p 00000000 00:00 0 
7f8458000000-7f8458021000 rw-p 00000000 00:00 0 
7f8458021000-7f845c000000 ---p 00000000 00:00 0 
7f845c000000-7f845c021000 rw-p 00000000 00:00 0 
7f845c021000-7f8460000000 ---p 00000000 00:00 0 
7f8460000000-7f8460021000 rw-p 00000000 00:00 0 
7f8460021000-7f8464000000 ---p 00000000 00:00 0 
7f8464000000-7f84653a6000 rw-p 00000000 00:00 0 
7f84653a6000-7f8468000000 ---p 00000000 00:00 0 
7f8468000000-7f8468393000 rw-p 00000000 00:00 0 
7f8468393000-7f846c000000 ---p 00000000 00:00 0 
7f846c000000-7f846c021000 rw-p 00000000 00:00 0 
7f846c021000-7f8470000000 ---p 00000000 00:00 0 
7f8470000000-7f8470021000 rw-p 00000000 00:00 0 
7f8470021000-7f8474000000 ---p 00000000 00:00 0 
7f8474000000-7f8474021000 rw-p 00000000 00:00 0 
7f8474021000-7f8478000000 ---p 00000000 00:00 0 
7f8478000000-7f8478021000 rw-p 00000000 00:00 0 
7f8478021000-7f847c000000 ---p 00000000 00:00 0 
7f847c0ef000-7f847c114000 r-xp 00000000 08:01 3355242                    /lib/x86_64-linux-gnu/libselinux.so.1
7f847c114000-7f847c313000 ---p 00025000 08:01 3355242                    /lib/x86_64-linux-gnu/libselinux.so.1
7f847c313000-7f847c314000 r--p 00024000 08:01 3355242                    /lib/x86_64-linux-gnu/libselinux.so.1
7f847c314000-7f847c315000 rw-p 00025000 08:01 3355242                    /lib/x86_64-linux-gnu/libselinux.so.1
7f847c315000-7f847c317000 rw-p 00000000 00:00 0 
7f847c317000-7f847c42b000 r-xp 00000000 08:01 3625283                    /usr/lib/x86_64-linux-gnu/libglib-2.0.so.0.5600.4
7f847c42b000-7f847c62b000 ---p 00114000 08:01 3625283                    /usr/lib/x86_64-linux-gnu/libglib-2.0.so.0.5600.4
7f847c62b000-7f847c62c000 r--p 00114000 08:01 3625283                    /usr/lib/x86_64-linux-gnu/libglib-2.0.so.0.5600.4
7f847c62c000-7f847c62d000 rw-p 00115000 08:01 3625283                    /usr/lib/x86_64-linux-gnu/libglib-2.0.so.0.5600.4
7f847c62d000-7f847c62e000 rw-p 00000000 00:00 0 
7f847c62e000-7f847c631000 r-xp 00000000 08:01 3625289                    /usr/lib/x86_64-linux-gnu/libgmodule-2.0.so.0.5600.4
7f847c631000-7f847c830000 ---p 00003000 08:01 3625289                    /usr/lib/x86_64-linux-gnu/libgmodule-2.0.so.0.5600.4
7f847c830000-7f847c831000 r--p 00002000 08:01 3625289                    /usr/lib/x86_64-linux-gnu/libgmodule-2.0.so.0.5600.4
7f847c831000-7f847c832000 rw-p 00003000 08:01 3625289                    /usr/lib/x86_64-linux-gnu/libgmodule-2.0.so.0.5600.4
7f847c832000-7f847c884000 r-xp 00000000 08:01 3625293                    /usr/lib/x86_64-linux-gnu/libgobject-2.0.so.0.5600.4
7f847c884000-7f847ca84000 ---p 00052000 08:01 3625293                    /usr/lib/x86_64-linux-gnu/libgobject-2.0.so.0.5600.4
7f847ca84000-7f847ca85000 r--p 00052000 08:01 3625293                    /usr/lib/x86_64-linux-gnu/libgobject-2.0.so.0.5600.4
7f847ca85000-7f847ca86000 rw-p 00053000 08:01 3625293                    /usr/lib/x86_64-linux-gnu/libgobject-2.0.so.0.5600.4
7f847ca86000-7f847cc1b000 r-xp 00000000 08:01 3625275                    /usr/lib/x86_64-linux-gnu/libgio-2.0.so.0.5600.4
7f847cc1b000-7f847ce1b000 ---p 00195000 08:01 3625275                    /usr/lib/x86_64-linux-gnu/libgio-2.0.so.0.5600.4
7f847ce1b000-7f847ce22000 r--p 00195000 08:01 3625275                    /usr/lib/x86_64-linux-gnu/libgio-2.0.so.0.5600.4
7f847ce22000-7f847ce23000 rw-p 0019c000 08:01 3625275                    /usr/lib/x86_64-linux-gnu/libgio-2.0.so.0.5600.4
7f847ce23000-7f847ce25000 rw-p 00000000 00:00 0 
7f847ce25000-7f847ce2f000 r-xp 00000000 08:01 3624923                    /usr/lib/x86_64-linux-gnu/libXrandr.so.2.2.0
7f847ce2f000-7f847d02e000 ---p 0000a000 08:01 3624923                    /usr/lib/x86_64-linux-gnu/libXrandr.so.2.2.0
7f847d02e000-7f847d02f000 r--p 00009000 08:01 3624923                    /usr/lib/x86_64-linux-gnu/libXrandr.so.2.2.0
7f847d02f000-7f847d030000 rw-p 0000a000 08:01 3624923                    /usr/lib/x86_64-linux-gnu/libXrandr.so.2.2.0
7f847d030000-7f847d061000 r-xp 00000000 08:01 3625582                    /usr/lib/x86_64-linux-gnu/libpng16.so.16.34.0
7f847d061000-7f847d260000 ---p 00031000 08:01 3625582                    /usr/lib/x86_64-linux-gnu/libpng16.so.16.34.0
7f847d260000-7f847d261000 r--p 00030000 08:01 3625582                    /usr/lib/x86_64-linux-gnu/libpng16.so.16.34.0
7f847d261000-7f847d262000 rw-p 00031000 08:01 3625582                    /usr/lib/x86_64-linux-gnu/libpng16.so.16.34.0
7f847d262000-7f847d30f000 r-xp 00000000 08:01 3625256                    /usr/lib/x86_64-linux-gnu/libfreetype.so.6.15.0
7f847d30f000-7f847d50e000 ---p 000ad000 08:01 3625256                    /usr/lib/x86_64-linux-gnu/libfreetype.so.6.15.0
7f847d50e000-7f847d515000 r--p 000ac000 08:01 3625256                    /usr/lib/x86_64-linux-gnu/libfreetype.so.6.15.0
7f847d515000-7f847d516000 rw-p 000b3000 08:01 3625256                    /usr/lib/x86_64-linux-gnu/libfreetype.so.6.15.0
7f847d516000-7f847d64a000 r-xp 00000000 08:01 4397154                    /usr/lib/jvm/java-11-openjdk-amd64/lib/libfontmanager.so
7f847d64a000-7f847d84a000 ---p 00134000 08:01 4397154                    /usr/lib/jvm/java-11-openjdk-amd64/lib/libfontmanager.so
7f847d84a000-7f847d84b000 r--p 00134000 08:01 4397154                    /usr/lib/jvm/java-11-openjdk-amd64/lib/libfontmanager.so
7f847d84b000-7f847d84c000 rw-p 00135000 08:01 4397154                    /usr/lib/jvm/java-11-openjdk-amd64/lib/libfontmanager.so
7f847d84c000-7f847d84f000 rw-p 00000000 00:00 0 
7f847d84f000-7f847d862000 r-xp 00000000 08:01 3358775                    /lib/x86_64-linux-gnu/libbsd.so.0.8.7
7f847d862000-7f847da61000 ---p 00013000 08:01 3358775                    /lib/x86_64-linux-gnu/libbsd.so.0.8.7
7f847da61000-7f847da62000 r--p 00012000 08:01 3358775                    /lib/x86_64-linux-gnu/libbsd.so.0.8.7
7f847da62000-7f847da63000 rw-p 00013000 08:01 3358775                    /lib/x86_64-linux-gnu/libbsd.so.0.8.7
7f847da63000-7f847da64000 rw-p 00000000 00:00 0 
7f847da64000-7f847da69000 r-xp 00000000 08:01 3624903                    /usr/lib/x86_64-linux-gnu/libXdmcp.so.6.0.0
7f847da69000-7f847dc68000 ---p 00005000 08:01 3624903                    /usr/lib/x86_64-linux-gnu/libXdmcp.so.6.0.0
7f847dc68000-7f847dc69000 r--p 00004000 08:01 3624903                    /usr/lib/x86_64-linux-gnu/libXdmcp.so.6.0.0
7f847dc69000-7f847dc6a000 rw-p 00005000 08:01 3624903                    /usr/lib/x86_64-linux-gnu/libXdmcp.so.6.0.0
7f847dc6a000-7f847dc6c000 r-xp 00000000 08:01 3624892                    /usr/lib/x86_64-linux-gnu/libXau.so.6.0.0
7f847dc6c000-7f847de6c000 ---p 00002000 08:01 3624892                    /usr/lib/x86_64-linux-gnu/libXau.so.6.0.0
7f847de6c000-7f847de6d000 r--p 00002000 08:01 3624892                    /usr/lib/x86_64-linux-gnu/libXau.so.6.0.0
7f847de6d000-7f847de6e000 rw-p 00003000 08:01 3624892                    /usr/lib/x86_64-linux-gnu/libXau.so.6.0.0
7f847de6e000-7f847de94000 r-xp 00000000 08:01 3625785                    /usr/lib/x86_64-linux-gnu/libxcb.so.1.1.0
7f847de94000-7f847e094000 ---p 00026000 08:01 3625785                    /usr/lib/x86_64-linux-gnu/libxcb.so.1.1.0
7f847e094000-7f847e095000 r--p 00026000 08:01 3625785                    /usr/lib/x86_64-linux-gnu/libxcb.so.1.1.0
7f847e095000-7f847e096000 rw-p 00027000 08:01 3625785                    /usr/lib/x86_64-linux-gnu/libxcb.so.1.1.0
7f847e096000-7f847e0a5000 r-xp 00000000 08:01 3624913                    /usr/lib/x86_64-linux-gnu/libXi.so.6.1.0
7f847e0a5000-7f847e2a4000 ---p 0000f000 08:01 3624913                    /usr/lib/x86_64-linux-gnu/libXi.so.6.1.0
7f847e2a4000-7f847e2a5000 r--p 0000e000 08:01 3624913                    /usr/lib/x86_64-linux-gnu/libXi.so.6.1.0
7f847e2a5000-7f847e2a6000 rw-p 0000f000 08:01 3624913                    /usr/lib/x86_64-linux-gnu/libXi.so.6.1.0
7f847e2a6000-7f847e2ab000 r-xp 00000000 08:01 3624931                    /usr/lib/x86_64-linux-gnu/libXtst.so.6.1.0
7f847e2ab000-7f847e4aa000 ---p 00005000 08:01 3624931                    /usr/lib/x86_64-linux-gnu/libXtst.so.6.1.0
7f847e4aa000-7f847e4ab000 r--p 00004000 08:01 3624931                    /usr/lib/x86_64-linux-gnu/libXtst.so.6.1.0
7f847e4ab000-7f847e4ac000 rw-p 00005000 08:01 3624931                    /usr/lib/x86_64-linux-gnu/libXtst.so.6.1.0
7f847e4ac000-7f847e4b5000 r-xp 00000000 08:01 3624925                    /usr/lib/x86_64-linux-gnu/libXrender.so.1.3.0
7f847e4b5000-7f847e6b4000 ---p 00009000 08:01 3624925                    /usr/lib/x86_64-linux-gnu/libXrender.so.1.3.0
7f847e6b4000-7f847e6b5000 r--p 00008000 08:01 3624925                    /usr/lib/x86_64-linux-gnu/libXrender.so.1.3.0
7f847e6b5000-7f847e6b6000 rw-p 00009000 08:01 3624925                    /usr/lib/x86_64-linux-gnu/libXrender.so.1.3.0
7f847e6b6000-7f847e7e9000 r-xp 00000000 08:01 3624890                    /usr/lib/x86_64-linux-gnu/libX11.so.6.3.0
7f847e7e9000-7f847e9e9000 ---p 00133000 08:01 3624890                    /usr/lib/x86_64-linux-gnu/libX11.so.6.3.0
7f847e9e9000-7f847e9ea000 r--p 00133000 08:01 3624890                    /usr/lib/x86_64-linux-gnu/libX11.so.6.3.0
7f847e9ea000-7f847e9ee000 rw-p 00134000 08:01 3624890                    /usr/lib/x86_64-linux-gnu/libX11.so.6.3.0
7f847e9ee000-7f847e9ff000 r-xp 00000000 08:01 3624905                    /usr/lib/x86_64-linux-gnu/libXext.so.6.4.0
7f847e9ff000-7f847ebfe000 ---p 00011000 08:01 3624905                    /usr/lib/x86_64-linux-gnu/libXext.so.6.4.0
7f847ebfe000-7f847ebff000 r--p 00010000 08:01 3624905                    /usr/lib/x86_64-linux-gnu/libXext.so.6.4.0
7f847ebff000-7f847ec00000 rw-p 00011000 08:01 3624905                    /usr/lib/x86_64-linux-gnu/libXext.so.6.4.0
7f847ec00000-7f847ec5f000 r-xp 00000000 08:01 4397151                    /usr/lib/jvm/java-11-openjdk-amd64/lib/libawt_xawt.so
7f847ec5f000-7f847ee5f000 ---p 0005f000 08:01 4397151                    /usr/lib/jvm/java-11-openjdk-amd64/lib/libawt_xawt.so
7f847ee5f000-7f847ee60000 r--p 0005f000 08:01 4397151                    /usr/lib/jvm/java-11-openjdk-amd64/lib/libawt_xawt.so
7f847ee60000-7f847ee62000 rw-p 00060000 08:01 4397151                    /usr/lib/jvm/java-11-openjdk-amd64/lib/libawt_xawt.so
7f847ee62000-7f847ee64000 rw-p 00000000 00:00 0 
7f847ee64000-7f847ef02000 r-xp 00000000 08:01 4397149                    /usr/lib/jvm/java-11-openjdk-amd64/lib/libawt.so
7f847ef02000-7f847f102000 ---p 0009e000 08:01 4397149                    /usr/lib/jvm/java-11-openjdk-amd64/lib/libawt.so
7f847f102000-7f847f103000 r--p 0009e000 08:01 4397149                    /usr/lib/jvm/java-11-openjdk-amd64/lib/libawt.so
7f847f103000-7f847f10e000 rw-p 0009f000 08:01 4397149                    /usr/lib/jvm/java-11-openjdk-amd64/lib/libawt.so
7f847f10e000-7f847f133000 rw-p 00000000 00:00 0 
7f847f133000-7f847f149000 r-xp 00000000 08:01 4397172                    /usr/lib/jvm/java-11-openjdk-amd64/lib/libnet.so
7f847f149000-7f847f348000 ---p 00016000 08:01 4397172                    /usr/lib/jvm/java-11-openjdk-amd64/lib/libnet.so
7f847f348000-7f847f349000 r--p 00015000 08:01 4397172                    /usr/lib/jvm/java-11-openjdk-amd64/lib/libnet.so
7f847f349000-7f847f34a000 rw-p 00016000 08:01 4397172                    /usr/lib/jvm/java-11-openjdk-amd64/lib/libnet.so
7f847f34a000-7f847f35a000 r-xp 00000000 08:01 4397173                    /usr/lib/jvm/java-11-openjdk-amd64/lib/libnio.so
7f847f35a000-7f847f559000 ---p 00010000 08:01 4397173                    /usr/lib/jvm/java-11-openjdk-amd64/lib/libnio.so
7f847f559000-7f847f55a000 r--p 0000f000 08:01 4397173                    /usr/lib/jvm/java-11-openjdk-amd64/lib/libnio.so
7f847f55a000-7f847f55b000 rw-p 00010000 08:01 4397173                    /usr/lib/jvm/java-11-openjdk-amd64/lib/libnio.so
7f847f55b000-7f847f55f000 ---p 00000000 00:00 0 
7f847f55f000-7f847f65c000 rw-p 00000000 00:00 0 
7f847f65c000-7f847f65d000 ---p 00000000 00:00 0 
7f847f65d000-7f847f75e000 rw-p 00000000 00:00 0 
7f847f75e000-7f847f762000 ---p 00000000 00:00 0 
7f847f762000-7f847f85f000 rw-p 00000000 00:00 0 
7f847f85f000-7f847f863000 ---p 00000000 00:00 0 
7f847f863000-7f847f960000 rw-p 00000000 00:00 0 
7f847f960000-7f847f964000 ---p 00000000 00:00 0 
7f847f964000-7f847fa61000 rw-p 00000000 00:00 0 
7f847fa61000-7f847fa65000 ---p 00000000 00:00 0 
7f847fa65000-7f847fb62000 rw-p 00000000 00:00 0 
7f847fb62000-7f847fb66000 ---p 00000000 00:00 0 
7f847fb66000-7f847fc63000 rw-p 00000000 00:00 0 
7f847fc63000-7f847fdfe000 r--p 00000000 08:01 3620948                    /usr/lib/locale/locale-archive
7f847fdfe000-7f847fe02000 ---p 00000000 00:00 0 
7f847fe02000-7f847feff000 rw-p 00000000 00:00 0 
7f847feff000-7f847ff03000 ---p 00000000 00:00 0 
7f847ff03000-7f8480000000 rw-p 00000000 00:00 0 
7f8480000000-7f8480001000 ---p 00000000 00:00 0 
7f8480001000-7f8480902000 rw-p 00000000 00:00 0 
7f8480902000-7f8480b72000 rwxp 00000000 00:00 0 
7f8480b72000-7f8480e91000 ---p 00000000 00:00 0 
7f8480e91000-7f8481101000 rwxp 00000000 00:00 0 
7f8481101000-7f84883c9000 ---p 00000000 00:00 0 
7f84883c9000-7f8488639000 rwxp 00000000 00:00 0 
7f8488639000-7f848f902000 ---p 00000000 00:00 0 
7f8490000000-7f8490021000 rw-p 00000000 00:00 0 
7f8490021000-7f8494000000 ---p 00000000 00:00 0 
7f8497eff000-7f8497f03000 ---p 00000000 00:00 0 
7f8497f03000-7f8498000000 rw-p 00000000 00:00 0 
7f8498000000-7f8498406000 rw-p 00000000 00:00 0 
7f8498406000-7f849c000000 ---p 00000000 00:00 0 
7f849c050000-7f849c059000 r--p 00000000 08:01 3872135                    /usr/share/glib-2.0/schemas/gschemas.compiled
7f849c059000-7f849c13a000 rw-p 00000000 00:00 0 
7f849c13a000-7f849c220000 ---p 00000000 00:00 0 
7f849c220000-7f849c225000 rw-p 00000000 00:00 0 
7f849c225000-7f849c30b000 ---p 00000000 00:00 0 
7f849c30b000-7f849c312000 r-xp 00000000 08:01 4397182                    /usr/lib/jvm/java-11-openjdk-amd64/lib/libzip.so
7f849c312000-7f849c511000 ---p 00007000 08:01 4397182                    /usr/lib/jvm/java-11-openjdk-amd64/lib/libzip.so
7f849c511000-7f849c512000 r--p 00006000 08:01 4397182                    /usr/lib/jvm/java-11-openjdk-amd64/lib/libzip.so
7f849c512000-7f849c513000 rw-p 00007000 08:01 4397182                    /usr/lib/jvm/java-11-openjdk-amd64/lib/libzip.so
7f849c513000-7f849c51e000 r-xp 00000000 08:01 3355215                    /lib/x86_64-linux-gnu/libnss_files-2.27.so
7f849c51e000-7f849c71d000 ---p 0000b000 08:01 3355215                    /lib/x86_64-linux-gnu/libnss_files-2.27.so
7f849c71d000-7f849c71e000 r--p 0000a000 08:01 3355215                    /lib/x86_64-linux-gnu/libnss_files-2.27.so
7f849c71e000-7f849c71f000 rw-p 0000b000 08:01 3355215                    /lib/x86_64-linux-gnu/libnss_files-2.27.so
7f849c71f000-7f849c725000 rw-p 00000000 00:00 0 
7f849c725000-7f849c73c000 r-xp 00000000 08:01 3355209                    /lib/x86_64-linux-gnu/libnsl-2.27.so
7f849c73c000-7f849c93b000 ---p 00017000 08:01 3355209                    /lib/x86_64-linux-gnu/libnsl-2.27.so
7f849c93b000-7f849c93c000 r--p 00016000 08:01 3355209                    /lib/x86_64-linux-gnu/libnsl-2.27.so
7f849c93c000-7f849c93d000 rw-p 00017000 08:01 3355209                    /lib/x86_64-linux-gnu/libnsl-2.27.so
7f849c93d000-7f849c93f000 rw-p 00000000 00:00 0 
7f849c93f000-7f849c94a000 r-xp 00000000 08:01 3355219                    /lib/x86_64-linux-gnu/libnss_nis-2.27.so
7f849c94a000-7f849cb49000 ---p 0000b000 08:01 3355219                    /lib/x86_64-linux-gnu/libnss_nis-2.27.so
7f849cb49000-7f849cb4a000 r--p 0000a000 08:01 3355219                    /lib/x86_64-linux-gnu/libnss_nis-2.27.so
7f849cb4a000-7f849cb4b000 rw-p 0000b000 08:01 3355219                    /lib/x86_64-linux-gnu/libnss_nis-2.27.so
7f849cb4b000-7f849cb53000 r-xp 00000000 08:01 3355211                    /lib/x86_64-linux-gnu/libnss_compat-2.27.so
7f849cb53000-7f849cd53000 ---p 00008000 08:01 3355211                    /lib/x86_64-linux-gnu/libnss_compat-2.27.so
7f849cd53000-7f849cd54000 r--p 00008000 08:01 3355211                    /lib/x86_64-linux-gnu/libnss_compat-2.27.so
7f849cd54000-7f849cd55000 rw-p 00009000 08:01 3355211                    /lib/x86_64-linux-gnu/libnss_compat-2.27.so
7f849cd55000-7f849cd5a000 r-xp 00000000 08:01 4397164                    /usr/lib/jvm/java-11-openjdk-amd64/lib/libjimage.so
7f849cd5a000-7f849cf59000 ---p 00005000 08:01 4397164                    /usr/lib/jvm/java-11-openjdk-amd64/lib/libjimage.so
7f849cf59000-7f849cf5a000 r--p 00004000 08:01 4397164                    /usr/lib/jvm/java-11-openjdk-amd64/lib/libjimage.so
7f849cf5a000-7f849cf5b000 rw-p 00005000 08:01 4397164                    /usr/lib/jvm/java-11-openjdk-amd64/lib/libjimage.so
7f849cf5b000-7f849cf84000 r-xp 00000000 08:01 4397160                    /usr/lib/jvm/java-11-openjdk-amd64/lib/libjava.so
7f849cf84000-7f849d184000 ---p 00029000 08:01 4397160                    /usr/lib/jvm/java-11-openjdk-amd64/lib/libjava.so
7f849d184000-7f849d185000 r--p 00029000 08:01 4397160                    /usr/lib/jvm/java-11-openjdk-amd64/lib/libjava.so
7f849d185000-7f849d186000 rw-p 0002a000 08:01 4397160                    /usr/lib/jvm/java-11-openjdk-amd64/lib/libjava.so
7f849d186000-7f849d187000 rw-p 00000000 00:00 0 
7f849d187000-7f849d194000 r-xp 00000000 08:01 4397181                    /usr/lib/jvm/java-11-openjdk-amd64/lib/libverify.so
7f849d194000-7f849d393000 ---p 0000d000 08:01 4397181                    /usr/lib/jvm/java-11-openjdk-amd64/lib/libverify.so
7f849d393000-7f849d395000 r--p 0000c000 08:01 4397181                    /usr/lib/jvm/java-11-openjdk-amd64/lib/libverify.so
7f849d395000-7f849d396000 rw-p 0000e000 08:01 4397181                    /usr/lib/jvm/java-11-openjdk-amd64/lib/libverify.so
7f849d396000-7f849d39d000 r-xp 00000000 08:01 3355238                    /lib/x86_64-linux-gnu/librt-2.27.so
7f849d39d000-7f849d59c000 ---p 00007000 08:01 3355238                    /lib/x86_64-linux-gnu/librt-2.27.so
7f849d59c000-7f849d59d000 r--p 00006000 08:01 3355238                    /lib/x86_64-linux-gnu/librt-2.27.so
7f849d59d000-7f849d59e000 rw-p 00007000 08:01 3355238                    /lib/x86_64-linux-gnu/librt-2.27.so
7f849d59e000-7f849d5b5000 r-xp 00000000 08:01 3355191                    /lib/x86_64-linux-gnu/libgcc_s.so.1
7f849d5b5000-7f849d7b4000 ---p 00017000 08:01 3355191                    /lib/x86_64-linux-gnu/libgcc_s.so.1
7f849d7b4000-7f849d7b5000 r--p 00016000 08:01 3355191                    /lib/x86_64-linux-gnu/libgcc_s.so.1
7f849d7b5000-7f849d7b6000 rw-p 00017000 08:01 3355191                    /lib/x86_64-linux-gnu/libgcc_s.so.1
7f849d7b6000-7f849d953000 r-xp 00000000 08:01 3355198                    /lib/x86_64-linux-gnu/libm-2.27.so
7f849d953000-7f849db52000 ---p 0019d000 08:01 3355198                    /lib/x86_64-linux-gnu/libm-2.27.so
7f849db52000-7f849db53000 r--p 0019c000 08:01 3355198                    /lib/x86_64-linux-gnu/libm-2.27.so
7f849db53000-7f849db54000 rw-p 0019d000 08:01 3355198                    /lib/x86_64-linux-gnu/libm-2.27.so
7f849db54000-7f849dccd000 r-xp 00000000 08:01 3355971                    /usr/lib/x86_64-linux-gnu/libstdc++.so.6.0.25
7f849dccd000-7f849decd000 ---p 00179000 08:01 3355971                    /usr/lib/x86_64-linux-gnu/libstdc++.so.6.0.25
7f849decd000-7f849ded7000 r--p 00179000 08:01 3355971                    /usr/lib/x86_64-linux-gnu/libstdc++.so.6.0.25
7f849ded7000-7f849ded9000 rw-p 00183000 08:01 3355971                    /usr/lib/x86_64-linux-gnu/libstdc++.so.6.0.25
7f849ded9000-7f849dedd000 rw-p 00000000 00:00 0 
7f849dedd000-7f849efbb000 r-xp 00000000 08:01 4397195                    /usr/lib/jvm/java-11-openjdk-amd64/lib/server/libjvm.so
7f849efbb000-7f849f1ba000 ---p 010de000 08:01 4397195                    /usr/lib/jvm/java-11-openjdk-amd64/lib/server/libjvm.so
7f849f1ba000-7f849f277000 r--p 010dd000 08:01 4397195                    /usr/lib/jvm/java-11-openjdk-amd64/lib/server/libjvm.so
7f849f277000-7f849f2b0000 rw-p 0119a000 08:01 4397195                    /usr/lib/jvm/java-11-openjdk-amd64/lib/server/libjvm.so
7f849f2b0000-7f849f307000 rw-p 00000000 00:00 0 
7f849f307000-7f849f321000 r-xp 00000000 08:01 3355234                    /lib/x86_64-linux-gnu/libpthread-2.27.so
7f849f321000-7f849f520000 ---p 0001a000 08:01 3355234                    /lib/x86_64-linux-gnu/libpthread-2.27.so
7f849f520000-7f849f521000 r--p 00019000 08:01 3355234                    /lib/x86_64-linux-gnu/libpthread-2.27.so
7f849f521000-7f849f522000 rw-p 0001a000 08:01 3355234                    /lib/x86_64-linux-gnu/libpthread-2.27.so
7f849f522000-7f849f526000 rw-p 00000000 00:00 0 
7f849f526000-7f849f529000 r-xp 00000000 08:01 3355183                    /lib/x86_64-linux-gnu/libdl-2.27.so
7f849f529000-7f849f728000 ---p 00003000 08:01 3355183                    /lib/x86_64-linux-gnu/libdl-2.27.so
7f849f728000-7f849f729000 r--p 00002000 08:01 3355183                    /lib/x86_64-linux-gnu/libdl-2.27.so
7f849f729000-7f849f72a000 rw-p 00003000 08:01 3355183                    /lib/x86_64-linux-gnu/libdl-2.27.so
7f849f72a000-7f849f746000 r-xp 00000000 08:01 3355261                    /lib/x86_64-linux-gnu/libz.so.1.2.11
7f849f746000-7f849f945000 ---p 0001c000 08:01 3355261                    /lib/x86_64-linux-gnu/libz.so.1.2.11
7f849f945000-7f849f946000 r--p 0001b000 08:01 3355261                    /lib/x86_64-linux-gnu/libz.so.1.2.11
7f849f946000-7f849f947000 rw-p 0001c000 08:01 3355261                    /lib/x86_64-linux-gnu/libz.so.1.2.11
7f849f947000-7f849fb2e000 r-xp 00000000 08:01 3355173                    /lib/x86_64-linux-gnu/libc-2.27.so
7f849fb2e000-7f849fd2e000 ---p 001e7000 08:01 3355173                    /lib/x86_64-linux-gnu/libc-2.27.so
7f849fd2e000-7f849fd32000 r--p 001e7000 08:01 3355173                    /lib/x86_64-linux-gnu/libc-2.27.so
7f849fd32000-7f849fd34000 rw-p 001eb000 08:01 3355173                    /lib/x86_64-linux-gnu/libc-2.27.so
7f849fd34000-7f849fd38000 rw-p 00000000 00:00 0 
7f849fd38000-7f849fd48000 r-xp 00000000 08:01 4397142                    /usr/lib/jvm/java-11-openjdk-amd64/lib/jli/libjli.so
7f849fd48000-7f849ff47000 ---p 00010000 08:01 4397142                    /usr/lib/jvm/java-11-openjdk-amd64/lib/jli/libjli.so
7f849ff47000-7f849ff48000 r--p 0000f000 08:01 4397142                    /usr/lib/jvm/java-11-openjdk-amd64/lib/jli/libjli.so
7f849ff48000-7f849ff49000 rw-p 00010000 08:01 4397142                    /usr/lib/jvm/java-11-openjdk-amd64/lib/jli/libjli.so
7f849ff49000-7f849ff70000 r-xp 00000000 08:01 3355155                    /lib/x86_64-linux-gnu/ld-2.27.so
7f849ff74000-7f849ffe1000 rw-p 00000000 00:00 0 
7f849ffe1000-7f84a0009000 ---p 00000000 00:00 0 
7f84a0009000-7f84a000b000 rw-p 00000000 00:00 0 
7f84a000b000-7f84a001e000 ---p 00000000 00:00 0 
7f84a001e000-7f84a0021000 rw-p 00000000 00:00 0 
7f84a0021000-7f84a0049000 ---p 00000000 00:00 0 
7f84a0049000-7f84a004a000 rw-p 00000000 00:00 0 
7f84a004a000-7f84a004e000 ---p 00000000 00:00 0 
7f84a004e000-7f84a0150000 rw-p 00000000 00:00 0 
7f84a0150000-7f84a0151000 r--s 00000000 08:01 5728710                    /home/runner/.cache/dconf/user
7f84a0151000-7f84a0156000 rw-p 00000000 00:00 0 
7f84a0156000-7f84a015d000 ---p 00000000 00:00 0 
7f84a015d000-7f84a015f000 r--s 00007000 08:01 5170984                    /usr/share/java/java-atk-wrapper.jar
7f84a015f000-7f84a0167000 rw-s 00000000 08:01 5706425                    /tmp/hsperfdata_runner/2946
7f84a0167000-7f84a0168000 ---p 00000000 00:00 0 
7f84a0168000-7f84a0169000 r--p 00000000 00:00 0 
7f84a0169000-7f84a016a000 r--p 00000000 08:01 4152979                    /usr/local/lib/repl.so
7f84a016a000-7f84a016b000 r-xp 00001000 08:01 4152979                    /usr/local/lib/repl.so
7f84a016b000-7f84a016c000 r--p 00002000 08:01 4152979                    /usr/local/lib/repl.so
7f84a016c000-7f84a016d000 r--p 00002000 08:01 4152979                    /usr/local/lib/repl.so
7f84a016d000-7f84a016e000 rw-p 00003000 08:01 4152979                    /usr/local/lib/repl.so
7f84a016e000-7f84a0170000 rw-p 00000000 00:00 0 
7f84a0170000-7f84a0171000 r--p 00027000 08:01 3355155                    /lib/x86_64-linux-gnu/ld-2.27.so
7f84a0171000-7f84a0172000 rw-p 00028000 08:01 3355155                    /lib/x86_64-linux-gnu/ld-2.27.so
7f84a0172000-7f84a0173000 rw-p 00000000 00:00 0 
7ffc25a79000-7ffc25a9a000 rw-p 00000000 00:00 0                          [stack]
7ffc25b3b000-7ffc25b3e000 r--p 00000000 00:00 0                          [vvar]
7ffc25b3e000-7ffc25b3f000 r-xp 00000000 00:00 0                          [vdso]
ffffffffff600000-ffffffffff601000 r-xp 00000000 00:00 0                  [vsyscall]


VM Arguments:
java_command: Sketch
java_class_path (initial): /home/runner/summative-2-paulo/lib/core.jar:/home/runner/summative-2-paulo/build/
Launcher Type: SUN_STANDARD

[Global flags]
     intx CICompilerCount                          = 2                                         {product} {ergonomic}
   size_t InitialHeapSize                          = 8388608                                   {product} {ergonomic}
   size_t MaxHeapSize                              = 134217728                                 {product} {ergonomic}
   size_t MaxNewSize                               = 44695552                                  {product} {ergonomic}
   size_t MinHeapDeltaBytes                        = 196608                                    {product} {ergonomic}
   size_t NewSize                                  = 2752512                                   {product} {ergonomic}
    uintx NonNMethodCodeHeapSize                   = 5825164                                {pd product} {ergonomic}
    uintx NonProfiledCodeHeapSize                  = 122916538                              {pd product} {ergonomic}
   size_t OldSize                                  = 5636096                                   {product} {ergonomic}
    uintx ProfiledCodeHeapSize                     = 122916538                              {pd product} {ergonomic}
    uintx ReservedCodeCacheSize                    = 251658240                              {pd product} {ergonomic}
     bool SegmentedCodeCache                       = true                                      {product} {ergonomic}
     bool UseCompressedClassPointers               = true                                 {lp64_product} {ergonomic}
     bool UseCompressedOops                        = true                                 {lp64_product} {ergonomic}
     bool UseSerialGC                              = true                                      {product} {ergonomic}

Logging:
Log output configuration:
 #0: stdout all=warning uptime,level,tags
 #1: stderr all=off uptime,level,tags

Environment Variables:
CLASSPATH=/home/runner/summative-2-paulo/lib/core.jar:/home/runner/summative-2-paulo/build/
PATH=/home/runner/.apt/usr/bin:/usr/local/go/bin:/opt/virtualenvs/python3/bin:/usr/GNUstep/System/Tools:/usr/GNUstep/Local/Tools:/usr/local/sbin:/usr/local/bin:/usr/sbin:/usr/bin:/sbin:/bin
LD_LIBRARY_PATH=/home/runner/.apt/usr/lib/x86_64-linux-gnu:/home/runner/.apt/usr/lib/i386-linux-gnu:/home/runner/.apt/usr/lib:
LD_PRELOAD=/usr/local/lib/repl.so
DISPLAY=MAGIC
LANG=en_US.UTF-8
LC_ALL=en_US.UTF-8

Signal Handlers:
SIGSEGV: [libjvm.so+0xdf9610], sa_mask[0]=11111111011111111101111111111110, sa_flags=SA_RESTART|SA_SIGINFO
SIGBUS: [libjvm.so+0xdf9610], sa_mask[0]=11111111011111111101111111111110, sa_flags=SA_RESTART|SA_SIGINFO
SIGFPE: [libjvm.so+0xdf9610], sa_mask[0]=11111111011111111101111111111110, sa_flags=SA_RESTART|SA_SIGINFO
SIGPIPE: SIG_IGN, sa_mask[0]=00000000000010000000000000000000, sa_flags=SA_RESTART
SIGXFSZ: [libjvm.so+0xbcc360], sa_mask[0]=11111111011111111101111111111110, sa_flags=SA_RESTART|SA_SIGINFO
SIGILL: [libjvm.so+0xdf9610], sa_mask[0]=11111111011111111101111111111110, sa_flags=SA_RESTART|SA_SIGINFO
SIGUSR2: [libjvm.so+0xbcc200], sa_mask[0]=00000000000000000000000000000000, sa_flags=SA_RESTART|SA_SIGINFO
SIGHUP: [libjvm.so+0xbcc560], sa_mask[0]=11111111011111111101111111111110, sa_flags=SA_RESTART|SA_SIGINFO
SIGINT: [libjvm.so+0xbcc560], sa_mask[0]=11111111011111111101111111111110, sa_flags=SA_RESTART|SA_SIGINFO
SIGTERM: [libjvm.so+0xbcc560], sa_mask[0]=11111111011111111101111111111110, sa_flags=SA_RESTART|SA_SIGINFO
SIGQUIT: [libjvm.so+0xbcc560], sa_mask[0]=11111111011111111101111111111110, sa_flags=SA_RESTART|SA_SIGINFO


---------------  S Y S T E M  ---------------

OS:DISTRIB_ID=Ubuntu
DISTRIB_RELEASE=18.04
DISTRIB_CODENAME=bionic
DISTRIB_DESCRIPTION="Ubuntu 18.04.5 LTS"
uname:Linux 5.4.0-1019-gcp #19-Ubuntu SMP Tue Jun 23 15:46:40 UTC 2020 x86_64
OS uptime: 0 days 3:48 hours
libc:glibc 2.27 NPTL 2.27 
rlimit (soft/hard): STACK 8192k/infinity , CORE infinity/infinity , NPROC infinity/infinity , NOFILE 512/512 , AS infinity/infinity , CPU infinity/infinity , DATA infinity/infinity , FSIZE infinity/infinity , MEMLOCK 64k/64k
load average:3.55 4.00 3.52

/proc/meminfo:
MemTotal:       26694668 kB
MemFree:        14464656 kB
MemAvailable:   21652492 kB
Buffers:          465272 kB
Cached:          5397812 kB
SwapCached:            0 kB
Active:          6378672 kB
Inactive:        2998568 kB
Active(anon):    2927516 kB
Inactive(anon):     7660 kB
Active(file):    3451156 kB
Inactive(file):  2990908 kB
Unevictable:       45524 kB
Mlocked:           45524 kB
SwapTotal:             0 kB
SwapFree:              0 kB
Dirty:              5884 kB
Writeback:             0 kB
AnonPages:       3559704 kB
Mapped:           793756 kB
Shmem:             16176 kB
KReclaimable:    1163204 kB
Slab:            2287476 kB
SReclaimable:    1163204 kB
SUnreclaim:      1124272 kB
KernelStack:      318576 kB
PageTables:        51000 kB
NFS_Unstable:          0 kB
Bounce:                0 kB
WritebackTmp:          0 kB
CommitLimit:    13347332 kB
Committed_AS:   38192484 kB
VmallocTotal:   34359738367 kB
VmallocUsed:      334000 kB
VmallocChunk:          0 kB
Percpu:            30864 kB
HardwareCorrupted:     0 kB
AnonHugePages:    169984 kB
ShmemHugePages:        0 kB
ShmemPmdMapped:        0 kB
FileHugePages:         0 kB
FilePmdMapped:         0 kB
CmaTotal:              0 kB
CmaFree:               0 kB
HugePages_Total:       0
HugePages_Free:        0
HugePages_Rsvd:        0
HugePages_Surp:        0
Hugepagesize:       2048 kB
Hugetlb:               0 kB
DirectMap4k:     1809640 kB
DirectMap2M:    14966784 kB
DirectMap1G:    12582912 kB

/sys/kernel/mm/transparent_hugepage/enabled:
always [madvise] never

/sys/kernel/mm/transparent_hugepage/defrag (defrag/compaction efforts parameter):
always defer defer+madvise [madvise] never


/proc/sys/kernel/threads-max (system-wide limit on the number of threads):
208489


/proc/sys/vm/max_map_count (maximum number of memory map areas a process may have):
65530


/proc/sys/kernel/pid_max (system-wide limit on number of process identifiers):
4194304



container (cgroup) information:
container_type: cgroupv1
cpu_cpuset_cpus: 0-3
cpu_memory_nodes: 0
active_processor_count: 1
cpu_quota: 50000
cpu_period: 100000
cpu_shares: 512
memory_limit_in_bytes: 536870912
memory_and_swap_limit_in_bytes: -2
memory_soft_limit_in_bytes: -1
memory_usage_in_bytes: 268976128
memory_max_usage_in_bytes: 536870912

KVM virtualization detected
Steal ticks since vm start: 0
Steal ticks percentage since vm start:  0.000

CPU:total 4 (initial active 1) (2 cores per cpu, 2 threads per core) family 6 model 63 stepping 0, cmov, cx8, fxsr, mmx, sse, sse2, sse3, ssse3, sse4.1, sse4.2, popcnt, avx, avx2, aes, clmul, erms, lzcnt, ht, tsc, tscinvbit, bmi1, bmi2, fma
CPU Model and flags from /proc/cpuinfo:
model name	: Intel(R) Xeon(R) CPU @ 2.30GHz
flags		: fpu vme de pse tsc msr pae mce cx8 apic sep mtrr pge mca cmov pat pse36 clflush mmx fxsr sse sse2 ss ht syscall nx pdpe1gb rdtscp lm constant_tsc rep_good nopl xtopology nonstop_tsc cpuid tsc_known_freq pni pclmulqdq ssse3 fma cx16 pcid sse4_1 sse4_2 x2apic movbe popcnt aes xsave avx f16c rdrand hypervisor lahf_lm abm invpcid_single pti ssbd ibrs ibpb stibp fsgsbase tsc_adjust bmi1 avx2 smep bmi2 erms invpcid xsaveopt arat md_clear arch_capabilities

Memory: 4k page, physical 524288k(261736k free), swap 0k(0k free)

vm_info: OpenJDK 64-Bit Server VM (11.0.8+10-post-Ubuntu-0ubuntu118.04.1) for linux-amd64 JRE (11.0.8+10-post-Ubuntu-0ubuntu118.04.1), built on Jul 15 2020 20:45:24 by "unknown" with gcc 7.5.0

END.
