#
# A fatal error has been detected by the Java Runtime Environment:
#
#  SIGSEGV (0xb) at pc=0x00007f28c2d23401, pid=171, tid=276
#
# JRE version: OpenJDK Runtime Environment (11.0.8+10) (build 11.0.8+10-post-Ubuntu-0ubuntu118.04.1)
# Java VM: OpenJDK 64-Bit Server VM (11.0.8+10-post-Ubuntu-0ubuntu118.04.1, mixed mode, sharing, tiered, compressed oops, serial gc, linux-amd64)
# Problematic frame:
# C  [libjimage.so+0x2401]
#
# Core dump will be written. Default location: Core dumps may be processed with "/usr/share/apport/apport %p %s %c %d %P %E" (or dumping to /home/runner/summative-2-paulo/core.171)
#
# If you would like to submit a bug report, please visit:
#   https://bugs.launchpad.net/ubuntu/+source/openjdk-lts
#

---------------  S U M M A R Y ------------

Command Line: Sketch

Host: Intel(R) Xeon(R) CPU @ 2.30GHz, 4 cores, 512M, Ubuntu 18.04.5 LTS
Time: Thu Oct 29 16:02:18 2020 UTC elapsed time: 124 seconds (0d 0h 2m 4s)

---------------  T H R E A D  ---------------

Current thread (0x00007f286001e800):  JavaThread "XToolkt-Shutdown-Thread" [_thread_in_vm, id=276, stack(0x00007f28bbeff000,0x00007f28bc000000)]

Stack: [0x00007f28bbeff000,0x00007f28bc000000],  sp=0x00007f28bbffd060,  free space=1016k
Native frames: (J=compiled Java code, A=aot compiled Java code, j=interpreted, Vv=VM code, C=native code)
C  [libjimage.so+0x2401]
C  [libjimage.so+0x30ea]
C  [libjimage.so+0x35c6]  JIMAGE_FindResource+0xd6
V  [libjvm.so+0x59097e]
V  [libjvm.so+0x5936e0]
V  [libjvm.so+0xd50b85]
V  [libjvm.so+0xd4e51a]
V  [libjvm.so+0xd51112]
V  [libjvm.so+0x647127]
V  [libjvm.so+0xa3c57a]
V  [libjvm.so+0x844136]
V  [libjvm.so+0x84502d]
j  sun.awt.X11.XToolkit.lambda$init$0()V+0 java.desktop@11.0.8
j  sun.awt.X11.XToolkit$$Lambda$11.run()V+4 java.desktop@11.0.8
j  java.lang.Thread.run()V+11 java.base@11.0.8
v  ~StubRoutines::call_stub
V  [libjvm.so+0x84eb09]
V  [libjvm.so+0x84cc4d]
V  [libjvm.so+0x8f6c9c]
V  [libjvm.so+0xd8996f]
V  [libjvm.so+0xd860bf]
V  [libjvm.so+0xbd632e]

Java frames: (J=compiled Java code, j=interpreted, Vv=VM code)
j  sun.awt.X11.XToolkit.lambda$init$0()V+0 java.desktop@11.0.8
j  sun.awt.X11.XToolkit$$Lambda$11.run()V+4 java.desktop@11.0.8
j  java.lang.Thread.run()V+11 java.base@11.0.8
v  ~StubRoutines::call_stub

siginfo: si_signo: 11 (SIGSEGV), si_code: 1 (SEGV_MAPERR), si_addr: 0x00007f28b3904ca8

Register to memory mapping:

RAX=0x0000000000000b23 is an unknown value
RBX=0x00007f28bbffd111 is pointing into the stack for thread: 0x00007f286001e800
RCX=0x00007f28b390201c is an unknown value
RDX=0x0000000000000b23 is an unknown value
RSP=0x00007f28bbffd060 is pointing into the stack for thread: 0x00007f286001e800
RBP=0x00007f28bbffd080 is pointing into the stack for thread: 0x00007f286001e800
RSI=0x00007f28bbffd110 is pointing into the stack for thread: 0x00007f286001e800
RDI=0x00007f28c2f26030: <offset 0x0000000000205030> in /usr/lib/jvm/java-11-openjdk-amd64/lib/libjimage.so at 0x00007f28c2d21000
R8 =0x0 is NULL
R9 =0x00000000ca0d71f0 is an unknown value
R10=0x00007f28bbffd134 is pointing into the stack for thread: 0x00007f286001e800
R11=0x00007f28c4d5c07d: <offset 0x0000000000eb307d> in /usr/lib/jvm/java-11-openjdk-amd64/lib/server/libjvm.so at 0x00007f28c3ea9000
R12=0x00007f28bbffd110 is pointing into the stack for thread: 0x00007f286001e800
R13=0x00000000000083bc is an unknown value
R14=0x00007f28bbffe1a8 is pointing into the stack for thread: 0x00007f286001e800
R15=0x00007f28940daf70 points into unknown readable memory: 73 75 6e 2f 61 77 74 2f


Registers:
RAX=0x0000000000000b23, RBX=0x00007f28bbffd111, RCX=0x00007f28b390201c, RDX=0x0000000000000b23
RSP=0x00007f28bbffd060, RBP=0x00007f28bbffd080, RSI=0x00007f28bbffd110, RDI=0x00007f28c2f26030
R8 =0x0000000000000000, R9 =0x00000000ca0d71f0, R10=0x00007f28bbffd134, R11=0x00007f28c4d5c07d
R12=0x00007f28bbffd110, R13=0x00000000000083bc, R14=0x00007f28bbffe1a8, R15=0x00007f28940daf70
RIP=0x00007f28c2d23401, EFLAGS=0x0000000000010246, CSGSFS=0x002b000000000033, ERR=0x0000000000000004
  TRAPNO=0x000000000000000e

Top of Stack: (sp=0x00007f28bbffd060)
0x00007f28bbffd060:   0000000000000000 00007f28bc009600
0x00007f28bbffd070:   0000000000000000 00007f28bbffd110
0x00007f28bbffd080:   00007f28bbffd0f0 00007f28c2d240ea
0x00007f28bbffd090:   0000000000000000 0000000000000000 

Instructions: (pc=0x00007f28c2d23401)
0x00007f28c2d23301:   c5 4c 01 e3 48 89 ce e8 d3 f3 ff ff e9 69 fd ff
0x00007f28c2d23311:   ff 89 d1 0f b7 74 08 fe 66 41 89 74 0e fe e9 7a
0x00007f28c2d23321:   fe ff ff 0f 1f 40 00 8b 08 49 8d 1c 16 41 89 0e
0x00007f28c2d23331:   89 d1 8b 74 08 fc 41 89 74 0e fc 48 8d 34 10 48
0x00007f28c2d23341:   89 75 b8 e9 0b fe ff ff 0f 1f 80 00 00 00 00 0f
0x00007f28c2d23351:   b6 17 55 89 f0 48 89 e5 84 d2 74 22 48 8d 4f 01
0x00007f28c2d23361:   0f 1f 80 00 00 00 00 48 83 c1 01 0f b6 f2 0f b6
0x00007f28c2d23371:   51 ff 69 c0 93 01 00 01 31 f0 84 d2 75 e9 25 ff
0x00007f28c2d23381:   ff ff 7f 5d c3 66 2e 0f 1f 84 00 00 00 00 00 48
0x00007f28c2d23391:   85 d2 0f 84 dd 00 00 00 85 c9 0f 84 d5 00 00 00
0x00007f28c2d233a1:   55 48 89 e5 41 55 41 54 53 48 8d 5e 01 48 83 ec
0x00007f28c2d233b1:   08 44 0f b6 06 45 84 c0 0f 84 a9 00 00 00 49 89
0x00007f28c2d233c1:   da b8 93 01 00 01 66 0f 1f 84 00 00 00 00 00 49
0x00007f28c2d233d1:   83 c2 01 44 69 c8 93 01 00 01 41 0f b6 c0 45 0f
0x00007f28c2d233e1:   b6 42 ff 44 31 c8 45 84 c0 75 e4 25 ff ff ff 7f
0x00007f28c2d233f1:   41 89 cd 48 89 d1 31 d2 41 f7 f5 49 89 f4 89 d0
0x00007f28c2d23401:   8b 34 81 48 8b 07 ff 50 20 83 f8 00 7e 41 41 0f
0x00007f28c2d23411:   b6 14 24 84 d2 74 1c 0f 1f 84 00 00 00 00 00 69
0x00007f28c2d23421:   c0 93 01 00 01 48 83 c3 01 31 d0 0f b6 53 ff 84
0x00007f28c2d23431:   d2 75 ec 25 ff ff ff 7f 31 d2 41 f7 f5 48 83 c4
0x00007f28c2d23441:   08 89 d0 5b 41 5c 41 5d 5d c3 0f 1f 44 00 00 74
0x00007f28c2d23451:   1d f7 d0 48 83 c4 08 89 c2 5b 89 d0 41 5c 41 5d
0x00007f28c2d23461:   5d c3 0f 1f 44 00 00 b8 93 01 00 01 eb 82 ba ff
0x00007f28c2d23471:   ff ff ff eb c8 83 ca ff 89 d0 c3 0f 1f 40 00 0f
0x00007f28c2d23481:   b6 17 55 48 89 f8 48 89 e5 84 d2 75 15 eb 1a 38
0x00007f28c2d23491:   ca 75 1c 48 83 c0 01 0f b6 10 48 83 c6 01 84 d2
0x00007f28c2d234a1:   74 07 0f b6 0e 84 c9 75 e6 5d c3 0f 1f 40 00 31
0x00007f28c2d234b1:   c0 5d c3 66 90 66 2e 0f 1f 84 00 00 00 00 00 55
0x00007f28c2d234c1:   48 85 f6 48 89 e5 74 57 0f 1f 80 00 00 00 00 0f
0x00007f28c2d234d1:   b6 06 84 c0 74 49 0f b6 d0 83 e0 07 c1 fa 03 44
0x00007f28c2d234e1:   8d 50 01 0f b6 c0 41 89 d1 48 8d 56 01 4c 8d 44
0x00007f28c2d234f1:   06 02 31 c0 0f 1f 00 0f b6 0a 48 c1 e0 08 48 83 


Stack slot to memory mapping:
stack at sp + 0 slots: 0x0 is NULL
stack at sp + 1 slots: 0x00007f28bc009600 points into unknown readable memory: 50 0f 00 68 28 7f 00 00
stack at sp + 2 slots: 0x0 is NULL
stack at sp + 3 slots: 0x00007f28bbffd110 is pointing into the stack for thread: 0x00007f286001e800
stack at sp + 4 slots: 0x00007f28bbffd0f0 is pointing into the stack for thread: 0x00007f286001e800
stack at sp + 5 slots: 0x00007f28c2d240ea: <offset 0x00000000000030ea> in /usr/lib/jvm/java-11-openjdk-amd64/lib/libjimage.so at 0x00007f28c2d21000
stack at sp + 6 slots: 0x0 is NULL
stack at sp + 7 slots: 0x0 is NULL


---------------  P R O C E S S  ---------------

Threads class SMR info:
_java_thread_list=0x00007f2860020170, length=17, elements={
0x00007f28bc051000, 0x00007f28bc053000, 0x00007f28bc059000, 0x00007f28bc05b800,
0x00007f28bc05d800, 0x00007f28bc05f800, 0x00007f28bc09a800, 0x00007f28bc0a4000,
0x00007f28bc1cc800, 0x00007f28bc1ce800, 0x00007f28bc27d800, 0x00007f28bc296000,
0x00007f28bc29b000, 0x00007f28bc016000, 0x00007f2890001000, 0x00007f2890002800,
0x00007f286001e800
}

Java Threads: ( => current thread )
  0x00007f28bc051000 JavaThread "Reference Handler" daemon [_thread_blocked, id=174, stack(0x00007f28c1622000,0x00007f28c1723000)]
  0x00007f28bc053000 JavaThread "Finalizer" daemon [_thread_blocked, id=175, stack(0x00007f28c1521000,0x00007f28c1622000)]
  0x00007f28bc059000 JavaThread "Signal Dispatcher" daemon [_thread_blocked, id=176, stack(0x00007f28c1285000,0x00007f28c1386000)]
  0x00007f28bc05b800 JavaThread "C2 CompilerThread0" daemon [_thread_blocked, id=177, stack(0x00007f28c1184000,0x00007f28c1285000)]
  0x00007f28bc05d800 JavaThread "C1 CompilerThread0" daemon [_thread_blocked, id=178, stack(0x00007f28c1083000,0x00007f28c1184000)]
  0x00007f28bc05f800 JavaThread "Sweeper thread" daemon [_thread_blocked, id=179, stack(0x00007f28c0f82000,0x00007f28c1083000)]
  0x00007f28bc09a800 JavaThread "Service Thread" daemon [_thread_blocked, id=180, stack(0x00007f28c0e81000,0x00007f28c0f82000)]
  0x00007f28bc0a4000 JavaThread "Common-Cleaner" daemon [_thread_blocked, id=182, stack(0x00007f28c0c7e000,0x00007f28c0d7f000)]
  0x00007f28bc1cc800 JavaThread "Java2D Disposer" daemon [_thread_blocked, id=221, stack(0x00007f28a40b9000,0x00007f28a41ba000)]
  0x00007f28bc1ce800 JavaThread "AWT-XAWT" daemon [_thread_in_native, id=222, stack(0x00007f287c1ed000,0x00007f287c2ee000)]
  0x00007f28bc27d800 JavaThread "AWT-Shutdown" [_thread_blocked, id=225, stack(0x00007f28735fd000,0x00007f28736fe000)]
  0x00007f28bc296000 JavaThread "AWT-EventQueue-0" [_thread_blocked, id=226, stack(0x00007f28734fc000,0x00007f28735fd000)]
  0x00007f28bc29b000 JavaThread "Animation Thread" [_thread_blocked, id=227, stack(0x00007f28733fb000,0x00007f28734fc000)]
  0x00007f28bc016000 JavaThread "DestroyJavaVM" [_thread_blocked, id=172, stack(0x00007f28c6016000,0x00007f28c6117000)]
  0x00007f2890001000 JavaThread "SIGTERM handler" daemon [_thread_blocked, id=274, stack(0x00007f28736fe000,0x00007f28737ff000)]
  0x00007f2890002800 JavaThread "SIGHUP handler" daemon [_thread_blocked, id=275, stack(0x00007f287c0ec000,0x00007f287c1ed000)]
=>0x00007f286001e800 JavaThread "XToolkt-Shutdown-Thread" [_thread_in_vm, id=276, stack(0x00007f28bbeff000,0x00007f28bc000000)]

Other Threads:
  0x00007f28bc04e000 VMThread "VM Thread" [stack: 0x00007f28c1725000,0x00007f28c1825000] [id=173]
  0x00007f28bc09c800 WatcherThread [stack: 0x00007f28c0d81000,0x00007f28c0e81000] [id=181]

Threads with active compile tasks:

VM state:not at safepoint (normal execution)

VM Mutex/Monitor currently owned by a thread: None

Heap address: 0x00000000f8000000, size: 128 MB, Compressed Oops mode: 32-bit
Narrow klass base: 0x0000000800000000, Narrow klass shift: 3
Compressed class space size: 1073741824 Address: 0x0000000840000000

Heap:
 def new generation   total 2432K, used 972K [0x00000000f8000000, 0x00000000f82a0000, 0x00000000faaa0000)
  eden space 2176K,  43% used [0x00000000f8000000, 0x00000000f80ee058, 0x00000000f8220000)
  from space 256K,   8% used [0x00000000f8220000, 0x00000000f82252f0, 0x00000000f8260000)
  to   space 256K,   0% used [0x00000000f8260000, 0x00000000f8260000, 0x00000000f82a0000)
 tenured generation   total 5504K, used 5088K [0x00000000faaa0000, 0x00000000fb000000, 0x0000000100000000)
   the space 5504K,  92% used [0x00000000faaa0000, 0x00000000faf98130, 0x00000000faf98200, 0x00000000fb000000)
 Metaspace       used 8932K, capacity 9347K, committed 9600K, reserved 1058816K
  class space    used 899K, capacity 1092K, committed 1152K, reserved 1048576K

Card table byte_map: [0x00007f28c5fd5000,0x00007f28c6016000] _byte_map_base: 0x00007f28c5815000

Polling page: 0x00007f28c6133000

Metaspace:

Usage:
  Non-class:      8.06 MB capacity,     7.84 MB ( 97%) used,   187.07 KB (  2%) free+waste,    35.00 KB ( <1%) overhead. 
      Class:      1.07 MB capacity,   899.76 KB ( 82%) used,   171.49 KB ( 16%) free+waste,    20.75 KB (  2%) overhead. 
       Both:      9.13 MB capacity,     8.72 MB ( 96%) used,   358.56 KB (  4%) free+waste,    55.75 KB ( <1%) overhead. 

Virtual space:
  Non-class space:       10.00 MB reserved,       8.25 MB ( 82%) committed 
      Class space:        1.00 GB reserved,       1.12 MB ( <1%) committed 
             Both:        1.01 GB reserved,       9.38 MB ( <1%) committed 

Chunk freelists:
   Non-Class:  85.00 KB
       Class:  28.00 KB
        Both:  113.00 KB

MaxMetaspaceSize: unlimited
CompressedClassSpaceSize: 1.00 GB

CodeHeap 'non-profiled nmethods': size=120036Kb used=726Kb max_used=726Kb free=119309Kb
 bounds [0x00007f28ac3c9000, 0x00007f28ac639000, 0x00007f28b3902000]
CodeHeap 'profiled nmethods': size=120032Kb used=2367Kb max_used=2367Kb free=117664Kb
 bounds [0x00007f28a4e91000, 0x00007f28a5101000, 0x00007f28ac3c9000]
CodeHeap 'non-nmethods': size=5692Kb used=1237Kb max_used=1267Kb free=4454Kb
 bounds [0x00007f28a4902000, 0x00007f28a4b72000, 0x00007f28a4e91000]
 total_blobs=1995 nmethods=1357 adapters=553
 compilation: enabled
              stopped_count=0, restarted_count=0
 full_count=0

Compilation events (20 events):
Event: 115.831 Thread 0x00007f28bc05b800 1434       4       sun.java2d.marlin.DHelpers$PolyStack::popAll (236 bytes)
Event: 115.860 Thread 0x00007f28bc05b800 nmethod 1434 0x00007f28ac47a590 code [0x00007f28ac47a7e0, 0x00007f28ac47ad58]
Event: 116.631 Thread 0x00007f28bc05b800 1435       4       sun.java2d.marlin.DHelpers::findSubdivPoints (351 bytes)
Event: 116.700 Thread 0x00007f28bc05b800 nmethod 1435 0x00007f28ac47b090 code [0x00007f28ac47b3a0, 0x00007f28ac47c358]
Event: 116.700 Thread 0x00007f28bc05b800 1436       4       sun.java2d.marlin.DCurve::infPoints (77 bytes)
Event: 116.703 Thread 0x00007f28bc05b800 nmethod 1436 0x00007f28ac47d090 code [0x00007f28ac47d280, 0x00007f28ac47d558]
Event: 119.165 Thread 0x00007f28bc05b800 1437  s    4       sun.java2d.loops.RenderCache::get (100 bytes)
Event: 119.172 Thread 0x00007f28bc05b800 nmethod 1437 0x00007f28ac47d790 code [0x00007f28ac47d940, 0x00007f28ac47dd38]
Event: 119.431 Thread 0x00007f28bc05b800 1438       4       sun.java2d.SunGraphics2D::setTransform (53 bytes)
Event: 119.434 Thread 0x00007f28bc05b800 nmethod 1438 0x00007f28ac47df10 code [0x00007f28ac47e0c0, 0x00007f28ac47e2c8]
Event: 119.434 Thread 0x00007f28bc05b800 1439       4       processing.core.PGraphics::colorCalc (37 bytes)
Event: 119.441 Thread 0x00007f28bc05b800 nmethod 1439 0x00007f28ac47e510 code [0x00007f28ac47e6e0, 0x00007f28ac47e9d8]
Event: 123.035 Thread 0x00007f28bc05d800 1440       3       java.util.Objects::checkIndex (7 bytes)
Event: 123.036 Thread 0x00007f28bc05d800 nmethod 1440 0x00007f28a50de710 code [0x00007f28a50de920, 0x00007f28a50def60]
Event: 123.036 Thread 0x00007f28bc05d800 1442   !   3       sun.awt.AppContext::get (123 bytes)
Event: 123.037 Thread 0x00007f28bc05d800 nmethod 1442 0x00007f28a50df190 code [0x00007f28a50df3a0, 0x00007f28a50dfc20]
Event: 123.037 Thread 0x00007f28bc05d800 1441       3       jdk.internal.util.Preconditions::checkIndex (18 bytes)
Event: 123.038 Thread 0x00007f28bc05d800 nmethod 1441 0x00007f28a50dff90 code [0x00007f28a50e0180, 0x00007f28a50e0760]
Event: 124.035 Thread 0x00007f28bc05d800 1443       3       java.util.AbstractSet::<init> (5 bytes)
Event: 124.035 Thread 0x00007f28bc05d800 nmethod 1443 0x00007f28a50e0910 code [0x00007f28a50e0ac0, 0x00007f28a50e0c90]

GC Heap History (16 events):
Event: 2.500 GC heap before
{Heap before GC invocations=0 (full 0):
 def new generation   total 2432K, used 2176K [0x00000000f8000000, 0x00000000f82a0000, 0x00000000faaa0000)
  eden space 2176K, 100% used [0x00000000f8000000, 0x00000000f8220000, 0x00000000f8220000)
  from space 256K,   0% used [0x00000000f8220000, 0x00000000f8220000, 0x00000000f8260000)
  to   space 256K,   0% used [0x00000000f8260000, 0x00000000f8260000, 0x00000000f82a0000)
 tenured generation   total 5504K, used 0K [0x00000000faaa0000, 0x00000000fb000000, 0x0000000100000000)
   the space 5504K,   0% used [0x00000000faaa0000, 0x00000000faaa0000, 0x00000000faaa0200, 0x00000000fb000000)
 Metaspace       used 1321K, capacity 4929K, committed 5120K, reserved 1056768K
  class space    used 109K, capacity 451K, committed 512K, reserved 1048576K
}
Event: 2.505 GC heap after
{Heap after GC invocations=1 (full 0):
 def new generation   total 2432K, used 256K [0x00000000f8000000, 0x00000000f82a0000, 0x00000000faaa0000)
  eden space 2176K,   0% used [0x00000000f8000000, 0x00000000f8000000, 0x00000000f8220000)
  from space 256K, 100% used [0x00000000f8260000, 0x00000000f82a0000, 0x00000000f82a0000)
  to   space 256K,   0% used [0x00000000f8220000, 0x00000000f8220000, 0x00000000f8260000)
 tenured generation   total 5504K, used 632K [0x00000000faaa0000, 0x00000000fb000000, 0x0000000100000000)
   the space 5504K,  11% used [0x00000000faaa0000, 0x00000000fab3e3f8, 0x00000000fab3e400, 0x00000000fb000000)
 Metaspace       used 1321K, capacity 4929K, committed 5120K, reserved 1056768K
  class space    used 109K, capacity 451K, committed 512K, reserved 1048576K
}
Event: 13.807 GC heap before
{Heap before GC invocations=1 (full 0):
 def new generation   total 2432K, used 2432K [0x00000000f8000000, 0x00000000f82a0000, 0x00000000faaa0000)
  eden space 2176K, 100% used [0x00000000f8000000, 0x00000000f8220000, 0x00000000f8220000)
  from space 256K, 100% used [0x00000000f8260000, 0x00000000f82a0000, 0x00000000f82a0000)
  to   space 256K,   0% used [0x00000000f8220000, 0x00000000f8220000, 0x00000000f8260000)
 tenured generation   total 5504K, used 632K [0x00000000faaa0000, 0x00000000fb000000, 0x0000000100000000)
   the space 5504K,  11% used [0x00000000faaa0000, 0x00000000fab3e3f8, 0x00000000fab3e400, 0x00000000fb000000)
 Metaspace       used 3376K, capacity 5157K, committed 5504K, reserved 1056768K
  class space    used 314K, capacity 533K, committed 640K, reserved 1048576K
}
Event: 13.890 GC heap after
{Heap after GC invocations=2 (full 0):
 def new generation   total 2432K, used 256K [0x00000000f8000000, 0x00000000f82a0000, 0x00000000faaa0000)
  eden space 2176K,   0% used [0x00000000f8000000, 0x00000000f8000000, 0x00000000f8220000)
  from space 256K, 100% used [0x00000000f8220000, 0x00000000f8260000, 0x00000000f8260000)
  to   space 256K,   0% used [0x00000000f8260000, 0x00000000f8260000, 0x00000000f82a0000)
 tenured generation   total 5504K, used 1000K [0x00000000faaa0000, 0x00000000fb000000, 0x0000000100000000)
   the space 5504K,  18% used [0x00000000faaa0000, 0x00000000fab9a3d0, 0x00000000fab9a400, 0x00000000fb000000)
 Metaspace       used 3376K, capacity 5157K, committed 5504K, reserved 1056768K
  class space    used 314K, capacity 533K, committed 640K, reserved 1048576K
}
Event: 15.300 GC heap before
{Heap before GC invocations=2 (full 0):
 def new generation   total 2432K, used 2432K [0x00000000f8000000, 0x00000000f82a0000, 0x00000000faaa0000)
  eden space 2176K, 100% used [0x00000000f8000000, 0x00000000f8220000, 0x00000000f8220000)
  from space 256K, 100% used [0x00000000f8220000, 0x00000000f8260000, 0x00000000f8260000)
  to   space 256K,   0% used [0x00000000f8260000, 0x00000000f8260000, 0x00000000f82a0000)
 tenured generation   total 5504K, used 1000K [0x00000000faaa0000, 0x00000000fb000000, 0x0000000100000000)
   the space 5504K,  18% used [0x00000000faaa0000, 0x00000000fab9a3d0, 0x00000000fab9a400, 0x00000000fb000000)
 Metaspace       used 5443K, capacity 5848K, committed 6144K, reserved 1056768K
  class space    used 538K, capacity 674K, committed 768K, reserved 1048576K
}
Event: 15.391 GC heap after
{Heap after GC invocations=3 (full 0):
 def new generation   total 2432K, used 256K [0x00000000f8000000, 0x00000000f82a0000, 0x00000000faaa0000)
  eden space 2176K,   0% used [0x00000000f8000000, 0x00000000f8000000, 0x00000000f8220000)
  from space 256K, 100% used [0x00000000f8260000, 0x00000000f82a0000, 0x00000000f82a0000)
  to   space 256K,   0% used [0x00000000f8220000, 0x00000000f8220000, 0x00000000f8260000)
 tenured generation   total 5504K, used 1387K [0x00000000faaa0000, 0x00000000fb000000, 0x0000000100000000)
   the space 5504K,  25% used [0x00000000faaa0000, 0x00000000fabfac30, 0x00000000fabfae00, 0x00000000fb000000)
 Metaspace       used 5443K, capacity 5848K, committed 6144K, reserved 1056768K
  class space    used 538K, capacity 674K, committed 768K, reserved 1048576K
}
Event: 17.598 GC heap before
{Heap before GC invocations=3 (full 0):
 def new generation   total 2432K, used 2432K [0x00000000f8000000, 0x00000000f82a0000, 0x00000000faaa0000)
  eden space 2176K, 100% used [0x00000000f8000000, 0x00000000f8220000, 0x00000000f8220000)
  from space 256K, 100% used [0x00000000f8260000, 0x00000000f82a0000, 0x00000000f82a0000)
  to   space 256K,   0% used [0x00000000f8220000, 0x00000000f8220000, 0x00000000f8260000)
 tenured generation   total 5504K, used 1387K [0x00000000faaa0000, 0x00000000fb000000, 0x0000000100000000)
   the space 5504K,  25% used [0x00000000faaa0000, 0x00000000fabfac30, 0x00000000fabfae00, 0x00000000fb000000)
 Metaspace       used 7326K, capacity 7741K, committed 7936K, reserved 1056768K
  class space    used 772K, capacity 962K, committed 1024K, reserved 1048576K
}
Event: 17.606 GC heap after
{Heap after GC invocations=4 (full 0):
 def new generation   total 2432K, used 256K [0x00000000f8000000, 0x00000000f82a0000, 0x00000000faaa0000)
  eden space 2176K,   0% used [0x00000000f8000000, 0x00000000f8000000, 0x00000000f8220000)
  from space 256K, 100% used [0x00000000f8220000, 0x00000000f8260000, 0x00000000f8260000)
  to   space 256K,   0% used [0x00000000f8260000, 0x00000000f8260000, 0x00000000f82a0000)
 tenured generation   total 5504K, used 1790K [0x00000000faaa0000, 0x00000000fb000000, 0x0000000100000000)
   the space 5504K,  32% used [0x00000000faaa0000, 0x00000000fac5fb18, 0x00000000fac5fc00, 0x00000000fb000000)
 Metaspace       used 7326K, capacity 7741K, committed 7936K, reserved 1056768K
  class space    used 772K, capacity 962K, committed 1024K, reserved 1048576K
}
Event: 18.310 GC heap before
{Heap before GC invocations=4 (full 0):
 def new generation   total 2432K, used 1512K [0x00000000f8000000, 0x00000000f82a0000, 0x00000000faaa0000)
  eden space 2176K,  57% used [0x00000000f8000000, 0x00000000f813a008, 0x00000000f8220000)
  from space 256K, 100% used [0x00000000f8220000, 0x00000000f8260000, 0x00000000f8260000)
  to   space 256K,   0% used [0x00000000f8260000, 0x00000000f8260000, 0x00000000f82a0000)
 tenured generation   total 5504K, used 1790K [0x00000000faaa0000, 0x00000000fb000000, 0x0000000100000000)
   the space 5504K,  32% used [0x00000000faaa0000, 0x00000000fac5fb18, 0x00000000fac5fc00, 0x00000000fb000000)
 Metaspace       used 7370K, capacity 7741K, committed 7936K, reserved 1056768K
  class space    used 772K, capacity 962K, committed 1024K, reserved 1048576K
}
Event: 18.313 GC heap after
{Heap after GC invocations=5 (full 0):
 def new generation   total 2432K, used 237K [0x00000000f8000000, 0x00000000f82a0000, 0x00000000faaa0000)
  eden space 2176K,   0% used [0x00000000f8000000, 0x00000000f8000000, 0x00000000f8220000)
  from space 256K,  92% used [0x00000000f8260000, 0x00000000f829b5d0, 0x00000000f82a0000)
  to   space 256K,   0% used [0x00000000f8220000, 0x00000000f8220000, 0x00000000f8260000)
 tenured generation   total 5504K, used 2345K [0x00000000faaa0000, 0x00000000fb000000, 0x0000000100000000)
   the space 5504K,  42% used [0x00000000faaa0000, 0x00000000facea4a0, 0x00000000facea600, 0x00000000fb000000)
 Metaspace       used 7370K, capacity 7741K, committed 7936K, reserved 1056768K
  class space    used 772K, capacity 962K, committed 1024K, reserved 1048576K
}
Event: 18.801 GC heap before
{Heap before GC invocations=5 (full 0):
 def new generation   total 2432K, used 2401K [0x00000000f8000000, 0x00000000f82a0000, 0x00000000faaa0000)
  eden space 2176K,  99% used [0x00000000f8000000, 0x00000000f821d0e8, 0x00000000f8220000)
  from space 256K,  92% used [0x00000000f8260000, 0x00000000f829b5d0, 0x00000000f82a0000)
  to   space 256K,   0% used [0x00000000f8220000, 0x00000000f8220000, 0x00000000f8260000)
 tenured generation   total 5504K, used 2345K [0x00000000faaa0000, 0x00000000fb000000, 0x0000000100000000)
   the space 5504K,  42% used [0x00000000faaa0000, 0x00000000facea4a0, 0x00000000facea600, 0x00000000fb000000)
 Metaspace       used 7419K, capacity 7805K, committed 7936K, reserved 1056768K
  class space    used 780K, capacity 962K, committed 1024K, reserved 1048576K
}
Event: 18.803 GC heap after
{Heap after GC invocations=6 (full 0):
 def new generation   total 2432K, used 23K [0x00000000f8000000, 0x00000000f82a0000, 0x00000000faaa0000)
  eden space 2176K,   0% used [0x00000000f8000000, 0x00000000f8000000, 0x00000000f8220000)
  from space 256K,   9% used [0x00000000f8220000, 0x00000000f8225e70, 0x00000000f8260000)
  to   space 256K,   0% used [0x00000000f8260000, 0x00000000f8260000, 0x00000000f82a0000)
 tenured generation   total 5504K, used 3399K [0x00000000faaa0000, 0x00000000fb000000, 0x0000000100000000)
   the space 5504K,  61% used [0x00000000faaa0000, 0x00000000fadf1e48, 0x00000000fadf2000, 0x00000000fb000000)
 Metaspace       used 7419K, capacity 7805K, committed 7936K, reserved 1056768K
  class space    used 780K, capacity 962K, committed 1024K, reserved 1048576K
}
Event: 20.210 GC heap before
{Heap before GC invocations=6 (full 0):
 def new generation   total 2432K, used 2199K [0x00000000f8000000, 0x00000000f82a0000, 0x00000000faaa0000)
  eden space 2176K, 100% used [0x00000000f8000000, 0x00000000f8220000, 0x00000000f8220000)
  from space 256K,   9% used [0x00000000f8220000, 0x00000000f8225e70, 0x00000000f8260000)
  to   space 256K,   0% used [0x00000000f8260000, 0x00000000f8260000, 0x00000000f82a0000)
 tenured generation   total 5504K, used 3399K [0x00000000faaa0000, 0x00000000fb000000, 0x0000000100000000)
   the space 5504K,  61% used [0x00000000faaa0000, 0x00000000fadf1e48, 0x00000000fadf2000, 0x00000000fb000000)
 Metaspace       used 8523K, capacity 8899K, committed 9088K, reserved 1056768K
  class space    used 899K, capacity 1092K, committed 1152K, reserved 1048576K
}
Event: 20.215 GC heap after
{Heap after GC invocations=7 (full 0):
 def new generation   total 2432K, used 256K [0x00000000f8000000, 0x00000000f82a0000, 0x00000000faaa0000)
  eden space 2176K,   0% used [0x00000000f8000000, 0x00000000f8000000, 0x00000000f8220000)
  from space 256K, 100% used [0x00000000f8260000, 0x00000000f82a0000, 0x00000000f82a0000)
  to   space 256K,   0% used [0x00000000f8220000, 0x00000000f8220000, 0x00000000f8260000)
 tenured generation   total 5504K, used 4837K [0x00000000faaa0000, 0x00000000fb000000, 0x0000000100000000)
   the space 5504K,  87% used [0x00000000faaa0000, 0x00000000faf59428, 0x00000000faf59600, 0x00000000fb000000)
 Metaspace       used 8523K, capacity 8899K, committed 9088K, reserved 1056768K
  class space    used 899K, capacity 1092K, committed 1152K, reserved 1048576K
}
Event: 98.190 GC heap before
{Heap before GC invocations=7 (full 0):
 def new generation   total 2432K, used 2432K [0x00000000f8000000, 0x00000000f82a0000, 0x00000000faaa0000)
  eden space 2176K, 100% used [0x00000000f8000000, 0x00000000f8220000, 0x00000000f8220000)
  from space 256K, 100% used [0x00000000f8260000, 0x00000000f82a0000, 0x00000000f82a0000)
  to   space 256K,   0% used [0x00000000f8220000, 0x00000000f8220000, 0x00000000f8260000)
 tenured generation   total 5504K, used 4837K [0x00000000faaa0000, 0x00000000fb000000, 0x0000000100000000)
   the space 5504K,  87% used [0x00000000faaa0000, 0x00000000faf59428, 0x00000000faf59600, 0x00000000fb000000)
 Metaspace       used 8925K, capacity 9347K, committed 9600K, reserved 1058816K
  class space    used 899K, capacity 1092K, committed 1152K, reserved 1048576K
}
Event: 98.193 GC heap after
{Heap after GC invocations=8 (full 0):
 def new generation   total 2432K, used 20K [0x00000000f8000000, 0x00000000f82a0000, 0x00000000faaa0000)
  eden space 2176K,   0% used [0x00000000f8000000, 0x00000000f8000000, 0x00000000f8220000)
  from space 256K,   8% used [0x00000000f8220000, 0x00000000f82252f0, 0x00000000f8260000)
  to   space 256K,   0% used [0x00000000f8260000, 0x00000000f8260000, 0x00000000f82a0000)
 tenured generation   total 5504K, used 5088K [0x00000000faaa0000, 0x00000000fb000000, 0x0000000100000000)
   the space 5504K,  92% used [0x00000000faaa0000, 0x00000000faf98130, 0x00000000faf98200, 0x00000000fb000000)
 Metaspace       used 8925K, capacity 9347K, committed 9600K, reserved 1058816K
  class space    used 899K, capacity 1092K, committed 1152K, reserved 1048576K
}

Deoptimization events (20 events):
Event: 76.393 Thread 0x00007f28bc29b000 DEOPT PACKING pc=0x00007f28a50d57a4 sp=0x00007f28734fa230
Event: 76.393 Thread 0x00007f28bc29b000 DEOPT UNPACKING pc=0x00007f28a4927fba sp=0x00007f28734f9650 mode 0
Event: 76.470 Thread 0x00007f28bc29b000 DEOPT PACKING pc=0x00007f28a50d5993 sp=0x00007f28734fa230
Event: 76.470 Thread 0x00007f28bc29b000 DEOPT UNPACKING pc=0x00007f28a4927fba sp=0x00007f28734f9650 mode 0
Event: 76.537 Thread 0x00007f28bc29b000 DEOPT PACKING pc=0x00007f28a50d5972 sp=0x00007f28734fa230
Event: 76.537 Thread 0x00007f28bc29b000 DEOPT UNPACKING pc=0x00007f28a4927fba sp=0x00007f28734f9648 mode 0
Event: 76.600 Thread 0x00007f28bc29b000 DEOPT PACKING pc=0x00007f28a50d5993 sp=0x00007f28734fa170
Event: 76.600 Thread 0x00007f28bc29b000 DEOPT UNPACKING pc=0x00007f28a4927fba sp=0x00007f28734f9590 mode 0
Event: 98.210 Thread 0x00007f28bc29b000 Uncommon trap: trap_request=0xffffff4d fr.pc=0x00007f28ac472094 relative=0x0000000000000074
Event: 98.210 Thread 0x00007f28bc29b000 Uncommon trap: reason=unstable_if action=reinterpret pc=0x00007f28ac472094 method=sun.java2d.SunGraphics2D.setComposite(Ljava/awt/Composite;)V @ 5 c2
Event: 98.210 Thread 0x00007f28bc29b000 DEOPT PACKING pc=0x00007f28ac472094 sp=0x00007f28734f9d10
Event: 98.210 Thread 0x00007f28bc29b000 DEOPT UNPACKING pc=0x00007f28a49281a5 sp=0x00007f28734f9cc0 mode 2
Event: 98.210 Thread 0x00007f28bc29b000 Uncommon trap: trap_request=0xffffff4d fr.pc=0x00007f28ac46a524 relative=0x00000000000001c4
Event: 98.210 Thread 0x00007f28bc29b000 Uncommon trap: reason=unstable_if action=reinterpret pc=0x00007f28ac46a524 method=sun.java2d.SunGraphics2D.validateColor()V @ 38 c2
Event: 98.210 Thread 0x00007f28bc29b000 DEOPT PACKING pc=0x00007f28ac46a524 sp=0x00007f28734f9ca0
Event: 98.210 Thread 0x00007f28bc29b000 DEOPT UNPACKING pc=0x00007f28a49281a5 sp=0x00007f28734f9c40 mode 2
Event: 98.210 Thread 0x00007f28bc29b000 Uncommon trap: trap_request=0xffffff4d fr.pc=0x00007f28ac471190 relative=0x0000000000000230
Event: 98.210 Thread 0x00007f28bc29b000 Uncommon trap: reason=unstable_if action=reinterpret pc=0x00007f28ac471190 method=sun.java2d.SunGraphics2D.validateColor()V @ 38 c2
Event: 98.210 Thread 0x00007f28bc29b000 DEOPT PACKING pc=0x00007f28ac471190 sp=0x00007f28734f9d10
Event: 98.210 Thread 0x00007f28bc29b000 DEOPT UNPACKING pc=0x00007f28a49281a5 sp=0x00007f28734f9c60 mode 2

Classes redefined (0 events):
No events

Internal exceptions (20 events):
Event: 1.314 Thread 0x00007f28bc016000 Exception <a 'java/lang/ClassNotFoundException'{0x00000000f816d880}: sun/awt/resources/spi/awtProvider> (0x00000000f816d880) thrown at [./src/hotspot/share/classfile/systemDictionary.cpp, line 231]
Event: 2.396 Thread 0x00007f28bc016000 Exception <a 'java/io/FileNotFoundException'{0x00000000f820d0e8}> (0x00000000f820d0e8) thrown at [./src/hotspot/share/prims/jni.cpp, line 615]
Event: 2.710 Thread 0x00007f28bc016000 Exception <a 'java/lang/NoSuchMethodError'{0x00000000f804e9d8}: 'java.lang.Object java.lang.invoke.DirectMethodHandle$Holder.invokeStatic(java.lang.Object, java.lang.Object, java.lang.Object, java.lang.Object, java.lang.Object, java.lang.Object, java.lang.Object, java.lang.Object, java.lang.Object, java.lang.Object, java.lang.Object, java.lang.Object, java.lang.Object, java.lang.Object, java.lang.Object)'> (0x00000000f804e9d8) thrown at [./src/hotspot/share/interpreter/linkResolver.cpp, line 773]
Event: 2.713 Thread 0x00007f28bc016000 Exception <a 'java/lang/NoSuchMethodError'{0x00000000f805cbe0}: 'java.lang.Object java.lang.invoke.DirectMethodHandle$Holder.invokeStatic(java.lang.Object, java.lang.Object, java.lang.Object, java.lang.Object, java.lang.Object, java.lang.Object, java.lang.Object, java.lang.Object, java.lang.Object, java.lang.Object, java.lang.Object, java.lang.Object, java.lang.Object, java.lang.Object, java.lang.Object, java.lang.Object)'> (0x00000000f805cbe0) thrown at [./src/hotspot/share/interpreter/linkResolver.cpp, l
Event: 2.715 Thread 0x00007f28bc016000 Exception <a 'java/lang/NoSuchMethodError'{0x00000000f806aa90}: 'java.lang.Object java.lang.invoke.DirectMethodHandle$Holder.invokeSpecial(java.lang.Object, java.lang.Object, int, int, java.lang.Object, java.lang.Object, java.lang.Object)'> (0x00000000f806aa90) thrown at [./src/hotspot/share/interpreter/linkResolver.cpp, line 773]
Event: 2.715 Thread 0x00007f28bc016000 Exception <a 'java/lang/NoSuchMethodError'{0x00000000f806e020}: 'java.lang.Object java.lang.invoke.DelegatingMethodHandle$Holder.reinvoke_L(java.lang.Object, int, int, java.lang.Object, java.lang.Object, java.lang.Object)'> (0x00000000f806e020) thrown at [./src/hotspot/share/interpreter/linkResolver.cpp, line 773]
Event: 2.791 Thread 0x00007f28bc016000 Exception <a 'java/lang/NoSuchMethodError'{0x00000000f8072350}: 'java.lang.Object java.lang.invoke.DirectMethodHandle$Holder.invokeStatic(java.lang.Object, java.lang.Object, java.lang.Object, java.lang.Object, int)'> (0x00000000f8072350) thrown at [./src/hotspot/share/interpreter/linkResolver.cpp, line 773]
Event: 13.536 Thread 0x00007f28bc016000 Exception <a 'java/lang/NoSuchMethodError'{0x00000000f81d23e8}: 'java.lang.Object java.lang.invoke.DirectMethodHandle$Holder.invokeStatic(java.lang.Object, java.lang.Object, java.lang.Object, java.lang.Object, java.lang.Object, java.lang.Object, java.lang.Object, java.lang.Object, int)'> (0x00000000f81d23e8) thrown at [./src/hotspot/share/interpreter/linkResolver.cpp, line 773]
Event: 13.539 Thread 0x00007f28bc016000 Exception <a 'java/lang/NoSuchMethodError'{0x00000000f81ec948}: 'java.lang.Object java.lang.invoke.DirectMethodHandle$Holder.invokeStatic(java.lang.Object, java.lang.Object, java.lang.Object, java.lang.Object, java.lang.Object, java.lang.Object, java.lang.Object, java.lang.Object, int, int)'> (0x00000000f81ec948) thrown at [./src/hotspot/share/interpreter/linkResolver.cpp, line 773]
Event: 13.591 Thread 0x00007f28bc016000 Exception <a 'java/lang/NoSuchMethodError'{0x00000000f81f8d10}: 'void java.lang.invoke.DirectMethodHandle$Holder.invokeSpecial(java.lang.Object, java.lang.Object)'> (0x00000000f81f8d10) thrown at [./src/hotspot/share/interpreter/linkResolver.cpp, line 773]
Event: 15.205 Thread 0x00007f28bc016000 Exception <a 'java/lang/NoSuchMethodError'{0x00000000f81ecfa8}: 'java.lang.Object java.lang.invoke.DirectMethodHandle$Holder.invokeStatic(java.lang.Object, int, java.lang.Object, java.lang.Object, java.lang.Object, java.lang.Object)'> (0x00000000f81ecfa8) thrown at [./src/hotspot/share/interpreter/linkResolver.cpp, line 773]
Event: 15.206 Thread 0x00007f28bc016000 Exception <a 'java/lang/NoSuchMethodError'{0x00000000f81f42a8}: 'java.lang.Object java.lang.invoke.DirectMethodHandle$Holder.invokeStatic(java.lang.Object, int, java.lang.Object, java.lang.Object, java.lang.Object)'> (0x00000000f81f42a8) thrown at [./src/hotspot/share/interpreter/linkResolver.cpp, line 773]
Event: 15.207 Thread 0x00007f28bc016000 Exception <a 'java/lang/NoSuchMethodError'{0x00000000f81f7df0}: 'java.lang.Object java.lang.invoke.DirectMethodHandle$Holder.invokeSpecial(java.lang.Object, java.lang.Object, int, java.lang.Object, java.lang.Object, java.lang.Object)'> (0x00000000f81f7df0) thrown at [./src/hotspot/share/interpreter/linkResolver.cpp, line 773]
Event: 15.211 Thread 0x00007f28bc016000 Exception <a 'java/lang/NoSuchMethodError'{0x00000000f820fbd0}: 'java.lang.Object java.lang.invoke.DirectMethodHandle$Holder.invokeStatic(java.lang.Object, int, java.lang.Object)'> (0x00000000f820fbd0) thrown at [./src/hotspot/share/interpreter/linkResolver.cpp, line 773]
Event: 16.011 Thread 0x00007f28bc016000 Exception <a 'java/lang/NoSuchMethodError'{0x00000000f80eaa78}: 'java.lang.Object java.lang.invoke.Invokers$Holder.linkToTargetMethod(java.lang.Object, int, java.lang.Object)'> (0x00000000f80eaa78) thrown at [./src/hotspot/share/interpreter/linkResolver.cpp, line 773]
Event: 16.095 Thread 0x00007f28bc016000 Exception <a 'java/lang/ClassNotFoundException'{0x00000000f80f2df8}: com/sun/swing/internal/plaf/metal/resources/spi/metalProvider> (0x00000000f80f2df8) thrown at [./src/hotspot/share/classfile/systemDictionary.cpp, line 231]
Event: 16.097 Thread 0x00007f28bc016000 Exception <a 'java/lang/ClassNotFoundException'{0x00000000f80f7338}: com/sun/swing/internal/plaf/basic/resources/spi/basicProvider> (0x00000000f80f7338) thrown at [./src/hotspot/share/classfile/systemDictionary.cpp, line 231]
Event: 16.633 Thread 0x00007f28bc016000 Exception <a 'java/lang/NoSuchMethodError'{0x00000000f8188390}: 'void java.lang.invoke.DirectMethodHandle$Holder.invokeStaticInit(java.lang.Object)'> (0x00000000f8188390) thrown at [./src/hotspot/share/interpreter/linkResolver.cpp, line 773]
Event: 16.891 Thread 0x00007f28bc016000 Exception <a 'java/lang/NoSuchMethodError'{0x00000000f81c5460}: 'java.lang.Object java.lang.invoke.DirectMethodHandle$Holder.invokeStatic(java.lang.Object, java.lang.Object, java.lang.Object, java.lang.Object, java.lang.Object, java.lang.Object, java.lang.Object, java.lang.Object, java.lang.Object, java.lang.Object, java.lang.Object, java.lang.Object, java.lang.Object, int)'> (0x00000000f81c5460) thrown at [./src/hotspot/share/interpreter/linkResolver.cpp, line 773]
Event: 16.993 Thread 0x00007f28bc016000 Exception <a 'java/lang/NoSuchMethodError'{0x00000000f81d2340}: 'java.lang.Object java.lang.invoke.DirectMethodHandle$Holder.invokeStatic(java.lang.Object, java.lang.Object, java.lang.Object, java.lang.Object, java.lang.Object, java.lang.Object, java.lang.Object, java.lang.Object, java.lang.Object, java.lang.Object, java.lang.Object, java.lang.Object, java.lang.Object, int, int)'> (0x00000000f81d2340) thrown at [./src/hotspot/share/interpreter/linkResolver.cpp, line 773]

Events (20 events):
Event: 98.193 Executing VM operation: GenCollectForAllocation done
Event: 98.195 Executing VM operation: RevokeBias
Event: 98.195 Executing VM operation: RevokeBias done
Event: 124.027 loading class jdk/internal/misc/Signal$1
Event: 124.027 loading class jdk/internal/misc/Signal$1 done
Event: 124.027 Thread 0x00007f2890001000 Thread added: 0x00007f2890001000
Event: 124.027 Protecting memory [0x00007f28736fe000,0x00007f2873702000] with protection modes 0
Event: 124.027 Executing VM operation: RevokeBias
Event: 124.033 Thread 0x00007f2890002800 Thread added: 0x00007f2890002800
Event: 124.033 Protecting memory [0x00007f287c0ec000,0x00007f287c0f0000] with protection modes 0
Event: 124.035 Executing coalesced safepoint VM operation: RevokeBias
Event: 124.035 Executing coalesced safepoint VM operation: RevokeBias done
Event: 124.035 Executing VM operation: RevokeBias done
Event: 124.035 Executing VM operation: RevokeBias
Event: 124.035 Executing coalesced safepoint VM operation: RevokeBias
Event: 124.035 Executing coalesced safepoint VM operation: RevokeBias done
Event: 124.035 Executing VM operation: RevokeBias done
Event: 124.035 Thread 0x00007f286001e800 Thread added: 0x00007f286001e800
Event: 124.035 Protecting memory [0x00007f28bbeff000,0x00007f28bbf03000] with protection modes 0
Event: 124.035 loading class sun/awt/X11/XSystemTrayPeer


Dynamic libraries:
f8000000-f82a0000 rw-p 00000000 00:00 0 
f82a0000-faaa0000 ---p 00000000 00:00 0 
faaa0000-fb000000 rw-p 00000000 00:00 0 
fb000000-100000000 ---p 00000000 00:00 0 
800000000-800002000 rwxp 00001000 08:01 4397193                          /usr/lib/jvm/java-11-openjdk-amd64/lib/server/classes.jsa
800002000-8003b8000 rw-p 00003000 08:01 4397193                          /usr/lib/jvm/java-11-openjdk-amd64/lib/server/classes.jsa
8003b8000-800a93000 r--p 003b9000 08:01 4397193                          /usr/lib/jvm/java-11-openjdk-amd64/lib/server/classes.jsa
800a93000-800a94000 rw-p 00a94000 08:01 4397193                          /usr/lib/jvm/java-11-openjdk-amd64/lib/server/classes.jsa
800a94000-8010a0000 r--p 00a95000 08:01 4397193                          /usr/lib/jvm/java-11-openjdk-amd64/lib/server/classes.jsa
840000000-840120000 rw-p 00000000 00:00 0 
840120000-880000000 ---p 00000000 00:00 0 
55662842d000-55662842e000 r-xp 00000000 08:01 4396825                    /usr/lib/jvm/java-11-openjdk-amd64/bin/java
55662862e000-55662862f000 r--p 00001000 08:01 4396825                    /usr/lib/jvm/java-11-openjdk-amd64/bin/java
55662862f000-556628630000 rw-p 00002000 08:01 4396825                    /usr/lib/jvm/java-11-openjdk-amd64/bin/java
556628dc8000-556628de9000 rw-p 00000000 00:00 0                          [heap]
7f284c000000-7f284c066000 rw-p 00000000 00:00 0 
7f284c066000-7f2850000000 ---p 00000000 00:00 0 
7f2850000000-7f2850021000 rw-p 00000000 00:00 0 
7f2850021000-7f2854000000 ---p 00000000 00:00 0 
7f2854000000-7f2854021000 rw-p 00000000 00:00 0 
7f2854021000-7f2858000000 ---p 00000000 00:00 0 
7f2858000000-7f28581a3000 rw-p 00000000 00:00 0 
7f28581a3000-7f285c000000 ---p 00000000 00:00 0 
7f285c000000-7f285c04a000 rw-p 00000000 00:00 0 
7f285c04a000-7f2860000000 ---p 00000000 00:00 0 
7f2860000000-7f2860034000 rw-p 00000000 00:00 0 
7f2860034000-7f2864000000 ---p 00000000 00:00 0 
7f2864000000-7f2864021000 rw-p 00000000 00:00 0 
7f2864021000-7f2868000000 ---p 00000000 00:00 0 
7f2868000000-7f2868021000 rw-p 00000000 00:00 0 
7f2868021000-7f286c000000 ---p 00000000 00:00 0 
7f286c000000-7f286c021000 rw-p 00000000 00:00 0 
7f286c021000-7f2870000000 ---p 00000000 00:00 0 
7f28731fb000-7f287323b000 rw-p 00000000 00:00 0 
7f287323b000-7f28733fb000 ---p 00000000 00:00 0 
7f28733fb000-7f28733ff000 ---p 00000000 00:00 0 
7f28733ff000-7f28734fc000 rw-p 00000000 00:00 0 
7f28734fc000-7f2873500000 ---p 00000000 00:00 0 
7f2873500000-7f28735fd000 rw-p 00000000 00:00 0 
7f28735fd000-7f2873601000 ---p 00000000 00:00 0 
7f2873601000-7f28736fe000 rw-p 00000000 00:00 0 
7f28736fe000-7f2873702000 ---p 00000000 00:00 0 
7f2873702000-7f28737ff000 rw-p 00000000 00:00 0 
7f28737ff000-7f2873800000 ---p 00000000 00:00 0 
7f2873800000-7f2874000000 rw-p 00000000 00:00 0 
7f2874000000-7f2874021000 rw-p 00000000 00:00 0 
7f2874021000-7f2878000000 ---p 00000000 00:00 0 
7f2878000000-7f2878021000 rw-p 00000000 00:00 0 
7f2878021000-7f287c000000 ---p 00000000 00:00 0 
7f287c0ec000-7f287c0f0000 ---p 00000000 00:00 0 
7f287c0f0000-7f287c1ed000 rw-p 00000000 00:00 0 
7f287c1ed000-7f287c1f1000 ---p 00000000 00:00 0 
7f287c1f1000-7f287c2ee000 rw-p 00000000 00:00 0 
7f287c2ee000-7f287c2f3000 r-xp 00000000 08:01 3624907                    /usr/lib/x86_64-linux-gnu/libXfixes.so.3.1.0
7f287c2f3000-7f287c4f2000 ---p 00005000 08:01 3624907                    /usr/lib/x86_64-linux-gnu/libXfixes.so.3.1.0
7f287c4f2000-7f287c4f3000 r--p 00004000 08:01 3624907                    /usr/lib/x86_64-linux-gnu/libXfixes.so.3.1.0
7f287c4f3000-7f287c4f4000 rw-p 00005000 08:01 3624907                    /usr/lib/x86_64-linux-gnu/libXfixes.so.3.1.0
7f287c4f4000-7f287c4fd000 r-xp 00000000 08:01 3624899                    /usr/lib/x86_64-linux-gnu/libXcursor.so.1.0.2
7f287c4fd000-7f287c6fc000 ---p 00009000 08:01 3624899                    /usr/lib/x86_64-linux-gnu/libXcursor.so.1.0.2
7f287c6fc000-7f287c6fd000 r--p 00008000 08:01 3624899                    /usr/lib/x86_64-linux-gnu/libXcursor.so.1.0.2
7f287c6fd000-7f287c6fe000 rw-p 00009000 08:01 3624899                    /usr/lib/x86_64-linux-gnu/libXcursor.so.1.0.2
7f287c6fe000-7f287c6ff000 ---p 00000000 00:00 0 
7f287c6ff000-7f287ceff000 rw-p 00000000 00:00 0 
7f287ceff000-7f287cf0b000 r-xp 00000000 08:01 3624653                    /usr/lib/x86_64-linux-gnu/gio/modules/libdconfsettings.so
7f287cf0b000-7f287d10a000 ---p 0000c000 08:01 3624653                    /usr/lib/x86_64-linux-gnu/gio/modules/libdconfsettings.so
7f287d10a000-7f287d10b000 r--p 0000b000 08:01 3624653                    /usr/lib/x86_64-linux-gnu/gio/modules/libdconfsettings.so
7f287d10b000-7f287d10c000 rw-p 0000c000 08:01 3624653                    /usr/lib/x86_64-linux-gnu/gio/modules/libdconfsettings.so
7f287d10c000-7f287d112000 r-xp 00000000 08:01 3355259                    /lib/x86_64-linux-gnu/libuuid.so.1.3.0
7f287d112000-7f287d311000 ---p 00006000 08:01 3355259                    /lib/x86_64-linux-gnu/libuuid.so.1.3.0
7f287d311000-7f287d312000 r--p 00005000 08:01 3355259                    /lib/x86_64-linux-gnu/libuuid.so.1.3.0
7f287d312000-7f287d313000 rw-p 00006000 08:01 3355259                    /lib/x86_64-linux-gnu/libuuid.so.1.3.0
7f287d313000-7f287d35a000 r-xp 00000000 08:01 3355169                    /lib/x86_64-linux-gnu/libblkid.so.1.1.0
7f287d35a000-7f287d55a000 ---p 00047000 08:01 3355169                    /lib/x86_64-linux-gnu/libblkid.so.1.1.0
7f287d55a000-7f287d55e000 r--p 00047000 08:01 3355169                    /lib/x86_64-linux-gnu/libblkid.so.1.1.0
7f287d55e000-7f287d55f000 rw-p 0004b000 08:01 3355169                    /lib/x86_64-linux-gnu/libblkid.so.1.1.0
7f287d55f000-7f287d560000 rw-p 00000000 00:00 0 
7f287d560000-7f287d5d0000 r-xp 00000000 08:01 3355231                    /lib/x86_64-linux-gnu/libpcre.so.3.13.3
7f287d5d0000-7f287d7d0000 ---p 00070000 08:01 3355231                    /lib/x86_64-linux-gnu/libpcre.so.3.13.3
7f287d7d0000-7f287d7d1000 r--p 00070000 08:01 3355231                    /lib/x86_64-linux-gnu/libpcre.so.3.13.3
7f287d7d1000-7f287d7d2000 rw-p 00071000 08:01 3355231                    /lib/x86_64-linux-gnu/libpcre.so.3.13.3
7f287d7d2000-7f287d7d9000 r-xp 00000000 08:01 3355940                    /usr/lib/x86_64-linux-gnu/libffi.so.6.0.4
7f287d7d9000-7f287d9d8000 ---p 00007000 08:01 3355940                    /usr/lib/x86_64-linux-gnu/libffi.so.6.0.4
7f287d9d8000-7f287d9d9000 r--p 00006000 08:01 3355940                    /usr/lib/x86_64-linux-gnu/libffi.so.6.0.4
7f287d9d9000-7f287d9da000 rw-p 00007000 08:01 3355940                    /usr/lib/x86_64-linux-gnu/libffi.so.6.0.4
7f287d9da000-7f287da2b000 r-xp 00000000 08:01 3355202                    /lib/x86_64-linux-gnu/libmount.so.1.1.0
7f287da2b000-7f287dc2a000 ---p 00051000 08:01 3355202                    /lib/x86_64-linux-gnu/libmount.so.1.1.0
7f287dc2a000-7f287dc2c000 r--p 00050000 08:01 3355202                    /lib/x86_64-linux-gnu/libmount.so.1.1.0
7f287dc2c000-7f287dc2d000 rw-p 00052000 08:01 3355202                    /lib/x86_64-linux-gnu/libmount.so.1.1.0
7f287dc2d000-7f287dc2e000 rw-p 00000000 00:00 0 
7f287dc2e000-7f287dc45000 r-xp 00000000 08:01 3355236                    /lib/x86_64-linux-gnu/libresolv-2.27.so
7f287dc45000-7f287de45000 ---p 00017000 08:01 3355236                    /lib/x86_64-linux-gnu/libresolv-2.27.so
7f287de45000-7f287de46000 r--p 00017000 08:01 3355236                    /lib/x86_64-linux-gnu/libresolv-2.27.so
7f287de46000-7f287de47000 rw-p 00018000 08:01 3355236                    /lib/x86_64-linux-gnu/libresolv-2.27.so
7f287de47000-7f287de49000 rw-p 00000000 00:00 0 
7f287de49000-7f287de6e000 r-xp 00000000 08:01 3355242                    /lib/x86_64-linux-gnu/libselinux.so.1
7f287de6e000-7f287e06d000 ---p 00025000 08:01 3355242                    /lib/x86_64-linux-gnu/libselinux.so.1
7f287e06d000-7f287e06e000 r--p 00024000 08:01 3355242                    /lib/x86_64-linux-gnu/libselinux.so.1
7f287e06e000-7f287e06f000 rw-p 00025000 08:01 3355242                    /lib/x86_64-linux-gnu/libselinux.so.1
7f287e06f000-7f287e071000 rw-p 00000000 00:00 0 
7f287e071000-7f287e185000 r-xp 00000000 08:01 3625283                    /usr/lib/x86_64-linux-gnu/libglib-2.0.so.0.5600.4
7f287e185000-7f287e385000 ---p 00114000 08:01 3625283                    /usr/lib/x86_64-linux-gnu/libglib-2.0.so.0.5600.4
7f287e385000-7f287e386000 r--p 00114000 08:01 3625283                    /usr/lib/x86_64-linux-gnu/libglib-2.0.so.0.5600.4
7f287e386000-7f287e387000 rw-p 00115000 08:01 3625283                    /usr/lib/x86_64-linux-gnu/libglib-2.0.so.0.5600.4
7f287e387000-7f287e388000 rw-p 00000000 00:00 0 
7f287e388000-7f287e38b000 r-xp 00000000 08:01 3625289                    /usr/lib/x86_64-linux-gnu/libgmodule-2.0.so.0.5600.4
7f287e38b000-7f287e58a000 ---p 00003000 08:01 3625289                    /usr/lib/x86_64-linux-gnu/libgmodule-2.0.so.0.5600.4
7f287e58a000-7f287e58b000 r--p 00002000 08:01 3625289                    /usr/lib/x86_64-linux-gnu/libgmodule-2.0.so.0.5600.4
7f287e58b000-7f287e58c000 rw-p 00003000 08:01 3625289                    /usr/lib/x86_64-linux-gnu/libgmodule-2.0.so.0.5600.4
7f287e58c000-7f287e5de000 r-xp 00000000 08:01 3625293                    /usr/lib/x86_64-linux-gnu/libgobject-2.0.so.0.5600.4
7f287e5de000-7f287e7de000 ---p 00052000 08:01 3625293                    /usr/lib/x86_64-linux-gnu/libgobject-2.0.so.0.5600.4
7f287e7de000-7f287e7df000 r--p 00052000 08:01 3625293                    /usr/lib/x86_64-linux-gnu/libgobject-2.0.so.0.5600.4
7f287e7df000-7f287e7e0000 rw-p 00053000 08:01 3625293                    /usr/lib/x86_64-linux-gnu/libgobject-2.0.so.0.5600.4
7f287e7e0000-7f287e975000 r-xp 00000000 08:01 3625275                    /usr/lib/x86_64-linux-gnu/libgio-2.0.so.0.5600.4
7f287e975000-7f287eb75000 ---p 00195000 08:01 3625275                    /usr/lib/x86_64-linux-gnu/libgio-2.0.so.0.5600.4
7f287eb75000-7f287eb7c000 r--p 00195000 08:01 3625275                    /usr/lib/x86_64-linux-gnu/libgio-2.0.so.0.5600.4
7f287eb7c000-7f287eb7d000 rw-p 0019c000 08:01 3625275                    /usr/lib/x86_64-linux-gnu/libgio-2.0.so.0.5600.4
7f287eb7d000-7f287eb7f000 rw-p 00000000 00:00 0 
7f287eb7f000-7f287eb89000 r-xp 00000000 08:01 3624923                    /usr/lib/x86_64-linux-gnu/libXrandr.so.2.2.0
7f287eb89000-7f287ed88000 ---p 0000a000 08:01 3624923                    /usr/lib/x86_64-linux-gnu/libXrandr.so.2.2.0
7f287ed88000-7f287ed89000 r--p 00009000 08:01 3624923                    /usr/lib/x86_64-linux-gnu/libXrandr.so.2.2.0
7f287ed89000-7f287ed8a000 rw-p 0000a000 08:01 3624923                    /usr/lib/x86_64-linux-gnu/libXrandr.so.2.2.0
7f287ed8a000-7f287edbb000 r-xp 00000000 08:01 3625582                    /usr/lib/x86_64-linux-gnu/libpng16.so.16.34.0
7f287edbb000-7f287efba000 ---p 00031000 08:01 3625582                    /usr/lib/x86_64-linux-gnu/libpng16.so.16.34.0
7f287efba000-7f287efbb000 r--p 00030000 08:01 3625582                    /usr/lib/x86_64-linux-gnu/libpng16.so.16.34.0
7f287efbb000-7f287efbc000 rw-p 00031000 08:01 3625582                    /usr/lib/x86_64-linux-gnu/libpng16.so.16.34.0
7f287efbc000-7f287f069000 r-xp 00000000 08:01 3625256                    /usr/lib/x86_64-linux-gnu/libfreetype.so.6.15.0
7f287f069000-7f287f268000 ---p 000ad000 08:01 3625256                    /usr/lib/x86_64-linux-gnu/libfreetype.so.6.15.0
7f287f268000-7f287f26f000 r--p 000ac000 08:01 3625256                    /usr/lib/x86_64-linux-gnu/libfreetype.so.6.15.0
7f287f26f000-7f287f270000 rw-p 000b3000 08:01 3625256                    /usr/lib/x86_64-linux-gnu/libfreetype.so.6.15.0
7f287f270000-7f287f3a4000 r-xp 00000000 08:01 4397154                    /usr/lib/jvm/java-11-openjdk-amd64/lib/libfontmanager.so
7f287f3a4000-7f287f5a4000 ---p 00134000 08:01 4397154                    /usr/lib/jvm/java-11-openjdk-amd64/lib/libfontmanager.so
7f287f5a4000-7f287f5a5000 r--p 00134000 08:01 4397154                    /usr/lib/jvm/java-11-openjdk-amd64/lib/libfontmanager.so
7f287f5a5000-7f287f5a6000 rw-p 00135000 08:01 4397154                    /usr/lib/jvm/java-11-openjdk-amd64/lib/libfontmanager.so
7f287f5a6000-7f287f5a9000 rw-p 00000000 00:00 0 
7f287f5a9000-7f287f5bc000 r-xp 00000000 08:01 3358775                    /lib/x86_64-linux-gnu/libbsd.so.0.8.7
7f287f5bc000-7f287f7bb000 ---p 00013000 08:01 3358775                    /lib/x86_64-linux-gnu/libbsd.so.0.8.7
7f287f7bb000-7f287f7bc000 r--p 00012000 08:01 3358775                    /lib/x86_64-linux-gnu/libbsd.so.0.8.7
7f287f7bc000-7f287f7bd000 rw-p 00013000 08:01 3358775                    /lib/x86_64-linux-gnu/libbsd.so.0.8.7
7f287f7bd000-7f287f7be000 rw-p 00000000 00:00 0 
7f287f7be000-7f287f7c3000 r-xp 00000000 08:01 3624903                    /usr/lib/x86_64-linux-gnu/libXdmcp.so.6.0.0
7f287f7c3000-7f287f9c2000 ---p 00005000 08:01 3624903                    /usr/lib/x86_64-linux-gnu/libXdmcp.so.6.0.0
7f287f9c2000-7f287f9c3000 r--p 00004000 08:01 3624903                    /usr/lib/x86_64-linux-gnu/libXdmcp.so.6.0.0
7f287f9c3000-7f287f9c4000 rw-p 00005000 08:01 3624903                    /usr/lib/x86_64-linux-gnu/libXdmcp.so.6.0.0
7f287f9c4000-7f287f9c6000 r-xp 00000000 08:01 3624892                    /usr/lib/x86_64-linux-gnu/libXau.so.6.0.0
7f287f9c6000-7f287fbc6000 ---p 00002000 08:01 3624892                    /usr/lib/x86_64-linux-gnu/libXau.so.6.0.0
7f287fbc6000-7f287fbc7000 r--p 00002000 08:01 3624892                    /usr/lib/x86_64-linux-gnu/libXau.so.6.0.0
7f287fbc7000-7f287fbc8000 rw-p 00003000 08:01 3624892                    /usr/lib/x86_64-linux-gnu/libXau.so.6.0.0
7f287fbc8000-7f287fbee000 r-xp 00000000 08:01 3625785                    /usr/lib/x86_64-linux-gnu/libxcb.so.1.1.0
7f287fbee000-7f287fdee000 ---p 00026000 08:01 3625785                    /usr/lib/x86_64-linux-gnu/libxcb.so.1.1.0
7f287fdee000-7f287fdef000 r--p 00026000 08:01 3625785                    /usr/lib/x86_64-linux-gnu/libxcb.so.1.1.0
7f287fdef000-7f287fdf0000 rw-p 00027000 08:01 3625785                    /usr/lib/x86_64-linux-gnu/libxcb.so.1.1.0
7f287fdf0000-7f287fdff000 r-xp 00000000 08:01 3624913                    /usr/lib/x86_64-linux-gnu/libXi.so.6.1.0
7f287fdff000-7f287fffe000 ---p 0000f000 08:01 3624913                    /usr/lib/x86_64-linux-gnu/libXi.so.6.1.0
7f287fffe000-7f287ffff000 r--p 0000e000 08:01 3624913                    /usr/lib/x86_64-linux-gnu/libXi.so.6.1.0
7f287ffff000-7f2880000000 rw-p 0000f000 08:01 3624913                    /usr/lib/x86_64-linux-gnu/libXi.so.6.1.0
7f2880000000-7f2880021000 rw-p 00000000 00:00 0 
7f2880021000-7f2884000000 ---p 00000000 00:00 0 
7f2884000000-7f2884021000 rw-p 00000000 00:00 0 
7f2884021000-7f2888000000 ---p 00000000 00:00 0 
7f2888000000-7f288843a000 rw-p 00000000 00:00 0 
7f288843a000-7f288c000000 ---p 00000000 00:00 0 
7f288c000000-7f288c021000 rw-p 00000000 00:00 0 
7f288c021000-7f2890000000 ---p 00000000 00:00 0 
7f2890000000-7f2890021000 rw-p 00000000 00:00 0 
7f2890021000-7f2894000000 ---p 00000000 00:00 0 
7f2894000000-7f289492b000 rw-p 00000000 00:00 0 
7f289492b000-7f2898000000 ---p 00000000 00:00 0 
7f2898000000-7f2898021000 rw-p 00000000 00:00 0 
7f2898021000-7f289c000000 ---p 00000000 00:00 0 
7f289c000000-7f289c021000 rw-p 00000000 00:00 0 
7f289c021000-7f28a0000000 ---p 00000000 00:00 0 
7f28a0000000-7f28a0021000 rw-p 00000000 00:00 0 
7f28a0021000-7f28a4000000 ---p 00000000 00:00 0 
7f28a40b9000-7f28a40bd000 ---p 00000000 00:00 0 
7f28a40bd000-7f28a41ba000 rw-p 00000000 00:00 0 
7f28a41ba000-7f28a41bf000 r-xp 00000000 08:01 3624931                    /usr/lib/x86_64-linux-gnu/libXtst.so.6.1.0
7f28a41bf000-7f28a43be000 ---p 00005000 08:01 3624931                    /usr/lib/x86_64-linux-gnu/libXtst.so.6.1.0
7f28a43be000-7f28a43bf000 r--p 00004000 08:01 3624931                    /usr/lib/x86_64-linux-gnu/libXtst.so.6.1.0
7f28a43bf000-7f28a43c0000 rw-p 00005000 08:01 3624931                    /usr/lib/x86_64-linux-gnu/libXtst.so.6.1.0
7f28a43c0000-7f28a43c9000 r-xp 00000000 08:01 3624925                    /usr/lib/x86_64-linux-gnu/libXrender.so.1.3.0
7f28a43c9000-7f28a45c8000 ---p 00009000 08:01 3624925                    /usr/lib/x86_64-linux-gnu/libXrender.so.1.3.0
7f28a45c8000-7f28a45c9000 r--p 00008000 08:01 3624925                    /usr/lib/x86_64-linux-gnu/libXrender.so.1.3.0
7f28a45c9000-7f28a45ca000 rw-p 00009000 08:01 3624925                    /usr/lib/x86_64-linux-gnu/libXrender.so.1.3.0
7f28a45ca000-7f28a46fd000 r-xp 00000000 08:01 3624890                    /usr/lib/x86_64-linux-gnu/libX11.so.6.3.0
7f28a46fd000-7f28a48fd000 ---p 00133000 08:01 3624890                    /usr/lib/x86_64-linux-gnu/libX11.so.6.3.0
7f28a48fd000-7f28a48fe000 r--p 00133000 08:01 3624890                    /usr/lib/x86_64-linux-gnu/libX11.so.6.3.0
7f28a48fe000-7f28a4902000 rw-p 00134000 08:01 3624890                    /usr/lib/x86_64-linux-gnu/libX11.so.6.3.0
7f28a4902000-7f28a4b72000 rwxp 00000000 00:00 0 
7f28a4b72000-7f28a4e91000 ---p 00000000 00:00 0 
7f28a4e91000-7f28a5101000 rwxp 00000000 00:00 0 
7f28a5101000-7f28ac3c9000 ---p 00000000 00:00 0 
7f28ac3c9000-7f28ac639000 rwxp 00000000 00:00 0 
7f28ac639000-7f28b3902000 ---p 00000000 00:00 0 
7f28bbeff000-7f28bbf03000 ---p 00000000 00:00 0 
7f28bbf03000-7f28bc000000 rw-p 00000000 00:00 0 
7f28bc000000-7f28bc304000 rw-p 00000000 00:00 0 
7f28bc304000-7f28c0000000 ---p 00000000 00:00 0 
7f28c0003000-7f28c00f8000 rw-s 00000000 00:01 30                         /SYSV00000000 (deleted)
7f28c00f8000-7f28c0109000 r-xp 00000000 08:01 3624905                    /usr/lib/x86_64-linux-gnu/libXext.so.6.4.0
7f28c0109000-7f28c0308000 ---p 00011000 08:01 3624905                    /usr/lib/x86_64-linux-gnu/libXext.so.6.4.0
7f28c0308000-7f28c0309000 r--p 00010000 08:01 3624905                    /usr/lib/x86_64-linux-gnu/libXext.so.6.4.0
7f28c0309000-7f28c030a000 rw-p 00011000 08:01 3624905                    /usr/lib/x86_64-linux-gnu/libXext.so.6.4.0
7f28c031a000-7f28c0323000 r--p 00000000 08:01 3872135                    /usr/share/glib-2.0/schemas/gschemas.compiled
7f28c0323000-7f28c0382000 r-xp 00000000 08:01 4397151                    /usr/lib/jvm/java-11-openjdk-amd64/lib/libawt_xawt.so
7f28c0382000-7f28c0582000 ---p 0005f000 08:01 4397151                    /usr/lib/jvm/java-11-openjdk-amd64/lib/libawt_xawt.so
7f28c0582000-7f28c0583000 r--p 0005f000 08:01 4397151                    /usr/lib/jvm/java-11-openjdk-amd64/lib/libawt_xawt.so
7f28c0583000-7f28c0585000 rw-p 00060000 08:01 4397151                    /usr/lib/jvm/java-11-openjdk-amd64/lib/libawt_xawt.so
7f28c0585000-7f28c0587000 rw-p 00000000 00:00 0 
7f28c0587000-7f28c0625000 r-xp 00000000 08:01 4397149                    /usr/lib/jvm/java-11-openjdk-amd64/lib/libawt.so
7f28c0625000-7f28c0825000 ---p 0009e000 08:01 4397149                    /usr/lib/jvm/java-11-openjdk-amd64/lib/libawt.so
7f28c0825000-7f28c0826000 r--p 0009e000 08:01 4397149                    /usr/lib/jvm/java-11-openjdk-amd64/lib/libawt.so
7f28c0826000-7f28c0831000 rw-p 0009f000 08:01 4397149                    /usr/lib/jvm/java-11-openjdk-amd64/lib/libawt.so
7f28c0831000-7f28c0856000 rw-p 00000000 00:00 0 
7f28c0856000-7f28c086c000 r-xp 00000000 08:01 4397172                    /usr/lib/jvm/java-11-openjdk-amd64/lib/libnet.so
7f28c086c000-7f28c0a6b000 ---p 00016000 08:01 4397172                    /usr/lib/jvm/java-11-openjdk-amd64/lib/libnet.so
7f28c0a6b000-7f28c0a6c000 r--p 00015000 08:01 4397172                    /usr/lib/jvm/java-11-openjdk-amd64/lib/libnet.so
7f28c0a6c000-7f28c0a6d000 rw-p 00016000 08:01 4397172                    /usr/lib/jvm/java-11-openjdk-amd64/lib/libnet.so
7f28c0a6d000-7f28c0a7d000 r-xp 00000000 08:01 4397173                    /usr/lib/jvm/java-11-openjdk-amd64/lib/libnio.so
7f28c0a7d000-7f28c0c7c000 ---p 00010000 08:01 4397173                    /usr/lib/jvm/java-11-openjdk-amd64/lib/libnio.so
7f28c0c7c000-7f28c0c7d000 r--p 0000f000 08:01 4397173                    /usr/lib/jvm/java-11-openjdk-amd64/lib/libnio.so
7f28c0c7d000-7f28c0c7e000 rw-p 00010000 08:01 4397173                    /usr/lib/jvm/java-11-openjdk-amd64/lib/libnio.so
7f28c0c7e000-7f28c0c82000 ---p 00000000 00:00 0 
7f28c0c82000-7f28c0d7f000 rw-p 00000000 00:00 0 
7f28c0d7f000-7f28c0d80000 ---p 00000000 00:00 0 
7f28c0d80000-7f28c0e81000 rw-p 00000000 00:00 0 
7f28c0e81000-7f28c0e85000 ---p 00000000 00:00 0 
7f28c0e85000-7f28c0f82000 rw-p 00000000 00:00 0 
7f28c0f82000-7f28c0f86000 ---p 00000000 00:00 0 
7f28c0f86000-7f28c1083000 rw-p 00000000 00:00 0 
7f28c1083000-7f28c1087000 ---p 00000000 00:00 0 
7f28c1087000-7f28c1184000 rw-p 00000000 00:00 0 
7f28c1184000-7f28c1188000 ---p 00000000 00:00 0 
7f28c1188000-7f28c1285000 rw-p 00000000 00:00 0 
7f28c1285000-7f28c1289000 ---p 00000000 00:00 0 
7f28c1289000-7f28c1386000 rw-p 00000000 00:00 0 
7f28c1386000-7f28c1521000 r--p 00000000 08:01 3620948                    /usr/lib/locale/locale-archive
7f28c1521000-7f28c1525000 ---p 00000000 00:00 0 
7f28c1525000-7f28c1622000 rw-p 00000000 00:00 0 
7f28c1622000-7f28c1626000 ---p 00000000 00:00 0 
7f28c1626000-7f28c1723000 rw-p 00000000 00:00 0 
7f28c1723000-7f28c1724000 ---p 00000000 00:00 0 
7f28c1724000-7f28c2101000 rw-p 00000000 00:00 0 
7f28c2101000-7f28c2106000 rw-p 00000000 00:00 0 
7f28c2106000-7f28c21ec000 ---p 00000000 00:00 0 
7f28c21ec000-7f28c21f1000 rw-p 00000000 00:00 0 
7f28c21f1000-7f28c22d7000 ---p 00000000 00:00 0 
7f28c22d7000-7f28c22de000 r-xp 00000000 08:01 4397182                    /usr/lib/jvm/java-11-openjdk-amd64/lib/libzip.so
7f28c22de000-7f28c24dd000 ---p 00007000 08:01 4397182                    /usr/lib/jvm/java-11-openjdk-amd64/lib/libzip.so
7f28c24dd000-7f28c24de000 r--p 00006000 08:01 4397182                    /usr/lib/jvm/java-11-openjdk-amd64/lib/libzip.so
7f28c24de000-7f28c24df000 rw-p 00007000 08:01 4397182                    /usr/lib/jvm/java-11-openjdk-amd64/lib/libzip.so
7f28c24df000-7f28c24ea000 r-xp 00000000 08:01 3355215                    /lib/x86_64-linux-gnu/libnss_files-2.27.so
7f28c24ea000-7f28c26e9000 ---p 0000b000 08:01 3355215                    /lib/x86_64-linux-gnu/libnss_files-2.27.so
7f28c26e9000-7f28c26ea000 r--p 0000a000 08:01 3355215                    /lib/x86_64-linux-gnu/libnss_files-2.27.so
7f28c26ea000-7f28c26eb000 rw-p 0000b000 08:01 3355215                    /lib/x86_64-linux-gnu/libnss_files-2.27.so
7f28c26eb000-7f28c26f1000 rw-p 00000000 00:00 0 
7f28c26f1000-7f28c2708000 r-xp 00000000 08:01 3355209                    /lib/x86_64-linux-gnu/libnsl-2.27.so
7f28c2708000-7f28c2907000 ---p 00017000 08:01 3355209                    /lib/x86_64-linux-gnu/libnsl-2.27.so
7f28c2907000-7f28c2908000 r--p 00016000 08:01 3355209                    /lib/x86_64-linux-gnu/libnsl-2.27.so
7f28c2908000-7f28c2909000 rw-p 00017000 08:01 3355209                    /lib/x86_64-linux-gnu/libnsl-2.27.so
7f28c2909000-7f28c290b000 rw-p 00000000 00:00 0 
7f28c290b000-7f28c2916000 r-xp 00000000 08:01 3355219                    /lib/x86_64-linux-gnu/libnss_nis-2.27.so
7f28c2916000-7f28c2b15000 ---p 0000b000 08:01 3355219                    /lib/x86_64-linux-gnu/libnss_nis-2.27.so
7f28c2b15000-7f28c2b16000 r--p 0000a000 08:01 3355219                    /lib/x86_64-linux-gnu/libnss_nis-2.27.so
7f28c2b16000-7f28c2b17000 rw-p 0000b000 08:01 3355219                    /lib/x86_64-linux-gnu/libnss_nis-2.27.so
7f28c2b17000-7f28c2b1f000 r-xp 00000000 08:01 3355211                    /lib/x86_64-linux-gnu/libnss_compat-2.27.so
7f28c2b1f000-7f28c2d1f000 ---p 00008000 08:01 3355211                    /lib/x86_64-linux-gnu/libnss_compat-2.27.so
7f28c2d1f000-7f28c2d20000 r--p 00008000 08:01 3355211                    /lib/x86_64-linux-gnu/libnss_compat-2.27.so
7f28c2d20000-7f28c2d21000 rw-p 00009000 08:01 3355211                    /lib/x86_64-linux-gnu/libnss_compat-2.27.so
7f28c2d21000-7f28c2d26000 r-xp 00000000 08:01 4397164                    /usr/lib/jvm/java-11-openjdk-amd64/lib/libjimage.so
7f28c2d26000-7f28c2f25000 ---p 00005000 08:01 4397164                    /usr/lib/jvm/java-11-openjdk-amd64/lib/libjimage.so
7f28c2f25000-7f28c2f26000 r--p 00004000 08:01 4397164                    /usr/lib/jvm/java-11-openjdk-amd64/lib/libjimage.so
7f28c2f26000-7f28c2f27000 rw-p 00005000 08:01 4397164                    /usr/lib/jvm/java-11-openjdk-amd64/lib/libjimage.so
7f28c2f27000-7f28c2f50000 r-xp 00000000 08:01 4397160                    /usr/lib/jvm/java-11-openjdk-amd64/lib/libjava.so
7f28c2f50000-7f28c3150000 ---p 00029000 08:01 4397160                    /usr/lib/jvm/java-11-openjdk-amd64/lib/libjava.so
7f28c3150000-7f28c3151000 r--p 00029000 08:01 4397160                    /usr/lib/jvm/java-11-openjdk-amd64/lib/libjava.so
7f28c3151000-7f28c3152000 rw-p 0002a000 08:01 4397160                    /usr/lib/jvm/java-11-openjdk-amd64/lib/libjava.so
7f28c3152000-7f28c3153000 rw-p 00000000 00:00 0 
7f28c3153000-7f28c3160000 r-xp 00000000 08:01 4397181                    /usr/lib/jvm/java-11-openjdk-amd64/lib/libverify.so
7f28c3160000-7f28c335f000 ---p 0000d000 08:01 4397181                    /usr/lib/jvm/java-11-openjdk-amd64/lib/libverify.so
7f28c335f000-7f28c3361000 r--p 0000c000 08:01 4397181                    /usr/lib/jvm/java-11-openjdk-amd64/lib/libverify.so
7f28c3361000-7f28c3362000 rw-p 0000e000 08:01 4397181                    /usr/lib/jvm/java-11-openjdk-amd64/lib/libverify.so
7f28c3362000-7f28c3369000 r-xp 00000000 08:01 3355238                    /lib/x86_64-linux-gnu/librt-2.27.so
7f28c3369000-7f28c3568000 ---p 00007000 08:01 3355238                    /lib/x86_64-linux-gnu/librt-2.27.so
7f28c3568000-7f28c3569000 r--p 00006000 08:01 3355238                    /lib/x86_64-linux-gnu/librt-2.27.so
7f28c3569000-7f28c356a000 rw-p 00007000 08:01 3355238                    /lib/x86_64-linux-gnu/librt-2.27.so
7f28c356a000-7f28c3581000 r-xp 00000000 08:01 3355191                    /lib/x86_64-linux-gnu/libgcc_s.so.1
7f28c3581000-7f28c3780000 ---p 00017000 08:01 3355191                    /lib/x86_64-linux-gnu/libgcc_s.so.1
7f28c3780000-7f28c3781000 r--p 00016000 08:01 3355191                    /lib/x86_64-linux-gnu/libgcc_s.so.1
7f28c3781000-7f28c3782000 rw-p 00017000 08:01 3355191                    /lib/x86_64-linux-gnu/libgcc_s.so.1
7f28c3782000-7f28c391f000 r-xp 00000000 08:01 3355198                    /lib/x86_64-linux-gnu/libm-2.27.so
7f28c391f000-7f28c3b1e000 ---p 0019d000 08:01 3355198                    /lib/x86_64-linux-gnu/libm-2.27.so
7f28c3b1e000-7f28c3b1f000 r--p 0019c000 08:01 3355198                    /lib/x86_64-linux-gnu/libm-2.27.so
7f28c3b1f000-7f28c3b20000 rw-p 0019d000 08:01 3355198                    /lib/x86_64-linux-gnu/libm-2.27.so
7f28c3b20000-7f28c3c99000 r-xp 00000000 08:01 3355971                    /usr/lib/x86_64-linux-gnu/libstdc++.so.6.0.25
7f28c3c99000-7f28c3e99000 ---p 00179000 08:01 3355971                    /usr/lib/x86_64-linux-gnu/libstdc++.so.6.0.25
7f28c3e99000-7f28c3ea3000 r--p 00179000 08:01 3355971                    /usr/lib/x86_64-linux-gnu/libstdc++.so.6.0.25
7f28c3ea3000-7f28c3ea5000 rw-p 00183000 08:01 3355971                    /usr/lib/x86_64-linux-gnu/libstdc++.so.6.0.25
7f28c3ea5000-7f28c3ea9000 rw-p 00000000 00:00 0 
7f28c3ea9000-7f28c4f87000 r-xp 00000000 08:01 4397195                    /usr/lib/jvm/java-11-openjdk-amd64/lib/server/libjvm.so
7f28c4f87000-7f28c5186000 ---p 010de000 08:01 4397195                    /usr/lib/jvm/java-11-openjdk-amd64/lib/server/libjvm.so
7f28c5186000-7f28c5243000 r--p 010dd000 08:01 4397195                    /usr/lib/jvm/java-11-openjdk-amd64/lib/server/libjvm.so
7f28c5243000-7f28c527c000 rw-p 0119a000 08:01 4397195                    /usr/lib/jvm/java-11-openjdk-amd64/lib/server/libjvm.so
7f28c527c000-7f28c52d3000 rw-p 00000000 00:00 0 
7f28c52d3000-7f28c52ed000 r-xp 00000000 08:01 3355234                    /lib/x86_64-linux-gnu/libpthread-2.27.so
7f28c52ed000-7f28c54ec000 ---p 0001a000 08:01 3355234                    /lib/x86_64-linux-gnu/libpthread-2.27.so
7f28c54ec000-7f28c54ed000 r--p 00019000 08:01 3355234                    /lib/x86_64-linux-gnu/libpthread-2.27.so
7f28c54ed000-7f28c54ee000 rw-p 0001a000 08:01 3355234                    /lib/x86_64-linux-gnu/libpthread-2.27.so
7f28c54ee000-7f28c54f2000 rw-p 00000000 00:00 0 
7f28c54f2000-7f28c54f5000 r-xp 00000000 08:01 3355183                    /lib/x86_64-linux-gnu/libdl-2.27.so
7f28c54f5000-7f28c56f4000 ---p 00003000 08:01 3355183                    /lib/x86_64-linux-gnu/libdl-2.27.so
7f28c56f4000-7f28c56f5000 r--p 00002000 08:01 3355183                    /lib/x86_64-linux-gnu/libdl-2.27.so
7f28c56f5000-7f28c56f6000 rw-p 00003000 08:01 3355183                    /lib/x86_64-linux-gnu/libdl-2.27.so
7f28c56f6000-7f28c5712000 r-xp 00000000 08:01 3355261                    /lib/x86_64-linux-gnu/libz.so.1.2.11
7f28c5712000-7f28c5911000 ---p 0001c000 08:01 3355261                    /lib/x86_64-linux-gnu/libz.so.1.2.11
7f28c5911000-7f28c5912000 r--p 0001b000 08:01 3355261                    /lib/x86_64-linux-gnu/libz.so.1.2.11
7f28c5912000-7f28c5913000 rw-p 0001c000 08:01 3355261                    /lib/x86_64-linux-gnu/libz.so.1.2.11
7f28c5913000-7f28c5afa000 r-xp 00000000 08:01 3355173                    /lib/x86_64-linux-gnu/libc-2.27.so
7f28c5afa000-7f28c5cfa000 ---p 001e7000 08:01 3355173                    /lib/x86_64-linux-gnu/libc-2.27.so
7f28c5cfa000-7f28c5cfe000 r--p 001e7000 08:01 3355173                    /lib/x86_64-linux-gnu/libc-2.27.so
7f28c5cfe000-7f28c5d00000 rw-p 001eb000 08:01 3355173                    /lib/x86_64-linux-gnu/libc-2.27.so
7f28c5d00000-7f28c5d04000 rw-p 00000000 00:00 0 
7f28c5d04000-7f28c5d14000 r-xp 00000000 08:01 4397142                    /usr/lib/jvm/java-11-openjdk-amd64/lib/jli/libjli.so
7f28c5d14000-7f28c5f13000 ---p 00010000 08:01 4397142                    /usr/lib/jvm/java-11-openjdk-amd64/lib/jli/libjli.so
7f28c5f13000-7f28c5f14000 r--p 0000f000 08:01 4397142                    /usr/lib/jvm/java-11-openjdk-amd64/lib/jli/libjli.so
7f28c5f14000-7f28c5f15000 rw-p 00010000 08:01 4397142                    /usr/lib/jvm/java-11-openjdk-amd64/lib/jli/libjli.so
7f28c5f15000-7f28c5f3c000 r-xp 00000000 08:01 3355155                    /lib/x86_64-linux-gnu/ld-2.27.so
7f28c5f40000-7f28c5fad000 rw-p 00000000 00:00 0 
7f28c5fad000-7f28c5fd5000 ---p 00000000 00:00 0 
7f28c5fd5000-7f28c5fd7000 rw-p 00000000 00:00 0 
7f28c5fd7000-7f28c5fea000 ---p 00000000 00:00 0 
7f28c5fea000-7f28c5fed000 rw-p 00000000 00:00 0 
7f28c5fed000-7f28c6015000 ---p 00000000 00:00 0 
7f28c6015000-7f28c6016000 rw-p 00000000 00:00 0 
7f28c6016000-7f28c601a000 ---p 00000000 00:00 0 
7f28c601a000-7f28c611c000 rw-p 00000000 00:00 0 
7f28c611c000-7f28c611d000 r--s 00000000 08:01 5728710                    /home/runner/.cache/dconf/user
7f28c611d000-7f28c6122000 rw-p 00000000 00:00 0 
7f28c6122000-7f28c6129000 ---p 00000000 00:00 0 
7f28c6129000-7f28c612b000 r--s 00007000 08:01 5170984                    /usr/share/java/java-atk-wrapper.jar
7f28c612b000-7f28c6133000 rw-s 00000000 08:01 5706327                    /tmp/hsperfdata_runner/171
7f28c6133000-7f28c6134000 ---p 00000000 00:00 0 
7f28c6134000-7f28c6135000 r--p 00000000 00:00 0 
7f28c6135000-7f28c6136000 r--p 00000000 08:01 4152979                    /usr/local/lib/repl.so
7f28c6136000-7f28c6137000 r-xp 00001000 08:01 4152979                    /usr/local/lib/repl.so
7f28c6137000-7f28c6138000 r--p 00002000 08:01 4152979                    /usr/local/lib/repl.so
7f28c6138000-7f28c6139000 r--p 00002000 08:01 4152979                    /usr/local/lib/repl.so
7f28c6139000-7f28c613a000 rw-p 00003000 08:01 4152979                    /usr/local/lib/repl.so
7f28c613a000-7f28c613c000 rw-p 00000000 00:00 0 
7f28c613c000-7f28c613d000 r--p 00027000 08:01 3355155                    /lib/x86_64-linux-gnu/ld-2.27.so
7f28c613d000-7f28c613e000 rw-p 00028000 08:01 3355155                    /lib/x86_64-linux-gnu/ld-2.27.so
7f28c613e000-7f28c613f000 rw-p 00000000 00:00 0 
7ffd70afc000-7ffd70b1d000 rw-p 00000000 00:00 0                          [stack]
7ffd70bf4000-7ffd70bf7000 r--p 00000000 00:00 0                          [vvar]
7ffd70bf7000-7ffd70bf8000 r-xp 00000000 00:00 0                          [vdso]
ffffffffff600000-ffffffffff601000 r-xp 00000000 00:00 0                  [vsyscall]


VM Arguments:
java_command: Sketch
java_class_path (initial): /home/runner/summative-2-paulo/lib/core.jar:/home/runner/summative-2-paulo/build/
Launcher Type: SUN_STANDARD

[Global flags]
     intx CICompilerCount                          = 2                                         {product} {ergonomic}
   size_t InitialHeapSize                          = 8388608                                   {product} {ergonomic}
   size_t MaxHeapSize                              = 134217728                                 {product} {ergonomic}
   size_t MaxNewSize                               = 44695552                                  {product} {ergonomic}
   size_t MinHeapDeltaBytes                        = 196608                                    {product} {ergonomic}
   size_t NewSize                                  = 2752512                                   {product} {ergonomic}
    uintx NonNMethodCodeHeapSize                   = 5825164                                {pd product} {ergonomic}
    uintx NonProfiledCodeHeapSize                  = 122916538                              {pd product} {ergonomic}
   size_t OldSize                                  = 5636096                                   {product} {ergonomic}
    uintx ProfiledCodeHeapSize                     = 122916538                              {pd product} {ergonomic}
    uintx ReservedCodeCacheSize                    = 251658240                              {pd product} {ergonomic}
     bool SegmentedCodeCache                       = true                                      {product} {ergonomic}
     bool UseCompressedClassPointers               = true                                 {lp64_product} {ergonomic}
     bool UseCompressedOops                        = true                                 {lp64_product} {ergonomic}
     bool UseSerialGC                              = true                                      {product} {ergonomic}

Logging:
Log output configuration:
 #0: stdout all=warning uptime,level,tags
 #1: stderr all=off uptime,level,tags

Environment Variables:
CLASSPATH=/home/runner/summative-2-paulo/lib/core.jar:/home/runner/summative-2-paulo/build/
PATH=/home/runner/.apt/usr/bin:/usr/local/go/bin:/opt/virtualenvs/python3/bin:/usr/GNUstep/System/Tools:/usr/GNUstep/Local/Tools:/usr/local/sbin:/usr/local/bin:/usr/sbin:/usr/bin:/sbin:/bin
LD_LIBRARY_PATH=/home/runner/.apt/usr/lib/x86_64-linux-gnu:/home/runner/.apt/usr/lib/i386-linux-gnu:/home/runner/.apt/usr/lib:
LD_PRELOAD=/usr/local/lib/repl.so
DISPLAY=MAGIC
LANG=en_US.UTF-8
LC_ALL=en_US.UTF-8

Signal Handlers:
SIGSEGV: [libjvm.so+0xdf9610], sa_mask[0]=11111111011111111101111111111110, sa_flags=SA_RESTART|SA_SIGINFO
SIGBUS: [libjvm.so+0xdf9610], sa_mask[0]=11111111011111111101111111111110, sa_flags=SA_RESTART|SA_SIGINFO
SIGFPE: [libjvm.so+0xdf9610], sa_mask[0]=11111111011111111101111111111110, sa_flags=SA_RESTART|SA_SIGINFO
SIGPIPE: SIG_IGN, sa_mask[0]=00000000000010000000000000000000, sa_flags=SA_RESTART
SIGXFSZ: [libjvm.so+0xbcc360], sa_mask[0]=11111111011111111101111111111110, sa_flags=SA_RESTART|SA_SIGINFO
SIGILL: [libjvm.so+0xdf9610], sa_mask[0]=11111111011111111101111111111110, sa_flags=SA_RESTART|SA_SIGINFO
SIGUSR2: [libjvm.so+0xbcc200], sa_mask[0]=00000000000000000000000000000000, sa_flags=SA_RESTART|SA_SIGINFO
SIGHUP: [libjvm.so+0xbcc560], sa_mask[0]=11111111011111111101111111111110, sa_flags=SA_RESTART|SA_SIGINFO
SIGINT: [libjvm.so+0xbcc560], sa_mask[0]=11111111011111111101111111111110, sa_flags=SA_RESTART|SA_SIGINFO
SIGTERM: [libjvm.so+0xbcc560], sa_mask[0]=11111111011111111101111111111110, sa_flags=SA_RESTART|SA_SIGINFO
SIGQUIT: [libjvm.so+0xbcc560], sa_mask[0]=11111111011111111101111111111110, sa_flags=SA_RESTART|SA_SIGINFO


---------------  S Y S T E M  ---------------

OS:DISTRIB_ID=Ubuntu
DISTRIB_RELEASE=18.04
DISTRIB_CODENAME=bionic
DISTRIB_DESCRIPTION="Ubuntu 18.04.5 LTS"
uname:Linux 5.4.0-1019-gcp #19-Ubuntu SMP Tue Jun 23 15:46:40 UTC 2020 x86_64
OS uptime: 0 days 2:36 hours
libc:glibc 2.27 NPTL 2.27 
rlimit (soft/hard): STACK 8192k/infinity , CORE infinity/infinity , NPROC infinity/infinity , NOFILE 512/512 , AS infinity/infinity , CPU infinity/infinity , DATA infinity/infinity , FSIZE infinity/infinity , MEMLOCK 64k/64k
load average:5.32 4.88 3.98

/proc/meminfo:
MemTotal:       26694668 kB
MemFree:        16230528 kB
MemAvailable:   22032048 kB
Buffers:          278800 kB
Cached:          4584460 kB
SwapCached:            0 kB
Active:          5556408 kB
Inactive:        2434416 kB
Active(anon):    2565680 kB
Inactive(anon):     7088 kB
Active(file):    2990728 kB
Inactive(file):  2427328 kB
Unevictable:       45608 kB
Mlocked:           45608 kB
SwapTotal:             0 kB
SwapFree:              0 kB
Dirty:              3520 kB
Writeback:             0 kB
AnonPages:       3173308 kB
Mapped:           864476 kB
Shmem:             15516 kB
KReclaimable:     800896 kB
Slab:            1915224 kB
SReclaimable:     800896 kB
SUnreclaim:      1114328 kB
KernelStack:      317784 kB
PageTables:        49504 kB
NFS_Unstable:          0 kB
Bounce:                0 kB
WritebackTmp:          0 kB
CommitLimit:    13347332 kB
Committed_AS:   37885552 kB
VmallocTotal:   34359738367 kB
VmallocUsed:      333344 kB
VmallocChunk:          0 kB
Percpu:            30864 kB
HardwareCorrupted:     0 kB
AnonHugePages:    167936 kB
ShmemHugePages:        0 kB
ShmemPmdMapped:        0 kB
FileHugePages:         0 kB
FilePmdMapped:         0 kB
CmaTotal:              0 kB
CmaFree:               0 kB
HugePages_Total:       0
HugePages_Free:        0
HugePages_Rsvd:        0
HugePages_Surp:        0
Hugepagesize:       2048 kB
Hugetlb:               0 kB
DirectMap4k:     1604840 kB
DirectMap2M:    14123008 kB
DirectMap1G:    13631488 kB

/sys/kernel/mm/transparent_hugepage/enabled:
always [madvise] never

/sys/kernel/mm/transparent_hugepage/defrag (defrag/compaction efforts parameter):
always defer defer+madvise [madvise] never


/proc/sys/kernel/threads-max (system-wide limit on the number of threads):
208489


/proc/sys/vm/max_map_count (maximum number of memory map areas a process may have):
65530


/proc/sys/kernel/pid_max (system-wide limit on number of process identifiers):
4194304



container (cgroup) information:
container_type: cgroupv1
cpu_cpuset_cpus: 0-3
cpu_memory_nodes: 0
active_processor_count: 1
cpu_quota: 50000
cpu_period: 100000
cpu_shares: 512
memory_limit_in_bytes: 536870912
memory_and_swap_limit_in_bytes: -2
memory_soft_limit_in_bytes: -1
memory_usage_in_bytes: 85819392
memory_max_usage_in_bytes: 536870912

KVM virtualization detected
Steal ticks since vm start: 0
Steal ticks percentage since vm start:  0.000

CPU:total 4 (initial active 1) (2 cores per cpu, 2 threads per core) family 6 model 63 stepping 0, cmov, cx8, fxsr, mmx, sse, sse2, sse3, ssse3, sse4.1, sse4.2, popcnt, avx, avx2, aes, clmul, erms, lzcnt, ht, tsc, tscinvbit, bmi1, bmi2, fma
CPU Model and flags from /proc/cpuinfo:
model name	: Intel(R) Xeon(R) CPU @ 2.30GHz
flags		: fpu vme de pse tsc msr pae mce cx8 apic sep mtrr pge mca cmov pat pse36 clflush mmx fxsr sse sse2 ss ht syscall nx pdpe1gb rdtscp lm constant_tsc rep_good nopl xtopology nonstop_tsc cpuid tsc_known_freq pni pclmulqdq ssse3 fma cx16 pcid sse4_1 sse4_2 x2apic movbe popcnt aes xsave avx f16c rdrand hypervisor lahf_lm abm invpcid_single pti ssbd ibrs ibpb stibp fsgsbase tsc_adjust bmi1 avx2 smep bmi2 erms invpcid xsaveopt arat md_clear arch_capabilities

Memory: 4k page, physical 524288k(440480k free), swap 0k(0k free)

vm_info: OpenJDK 64-Bit Server VM (11.0.8+10-post-Ubuntu-0ubuntu118.04.1) for linux-amd64 JRE (11.0.8+10-post-Ubuntu-0ubuntu118.04.1), built on Jul 15 2020 20:45:24 by "unknown" with gcc 7.5.0

END.
